#
# There is insufficient memory for the Java Runtime Environment to continue.
# Native memory allocation (mmap) failed to map 104857600 bytes for committing reserved memory.
# Possible reasons:
#   The system is out of physical RAM or swap space
#   In 32 bit mode, the process size limit was hit
# Possible solutions:
#   Reduce memory load on the system
#   Increase physical memory or swap space
#   Check if swap backing store is full
#   Use 64 bit Java on a 64 bit OS
#   Decrease Java heap size (-Xmx/-Xms)
#   Decrease number of Java threads
#   Decrease Java thread stack sizes (-Xss)
#   Set larger code cache with -XX:ReservedCodeCacheSize=
# This output file may be truncated or incomplete.
#
#  Out of Memory Error (os_linux.cpp:2627), pid=28449, tid=0xa468bb40
#
# JRE version: Java(TM) SE Runtime Environment (8.0_101-b13) (build 1.8.0_101-b13)
# Java VM: Java HotSpot(TM) Server VM (25.101-b13 mixed mode linux-x86 )
# Failed to write core dump. Core dumps have been disabled. To enable core dumping, try "ulimit -c unlimited" before starting Java again
#

---------------  T H R E A D  ---------------

Current thread (0xa4520c00):  VMThread [stack: 0xa460c000,0xa468c000] [id=28473]

Stack: [0xa460c000,0xa468c000],  sp=0xa468a900,  free space=506k
Native frames: (J=compiled Java code, j=interpreted, Vv=VM code, C=native code)
V  [libjvm.so+0x8d431f]  VMError::report_and_die()+0x16f
V  [libjvm.so+0x38ddb5]  report_vm_out_of_memory(char const*, int, unsigned int, VMErrorType, char const*)+0x55
V  [libjvm.so+0x756326]  os::Linux::commit_memory_impl(char*, unsigned int, bool)+0xe6
V  [libjvm.so+0x7567f8]  os::pd_commit_memory(char*, unsigned int, unsigned int, bool)+0x28
V  [libjvm.so+0x75071c]  os::commit_memory(char*, unsigned int, unsigned int, bool)+0x2c
V  [libjvm.so+0x7bb9c8]  PSVirtualSpace::expand_by(unsigned int)+0x48
V  [libjvm.so+0x7aea21]  PSOldGen::expand(unsigned int)+0x141
V  [libjvm.so+0x7aeaef]  PSOldGen::resize(unsigned int)+0x8f
V  [libjvm.so+0x7b5654]  PSParallelCompact::invoke_no_policy(bool)+0x874
V  [libjvm.so+0x7ba02d]  PSScavenge::invoke()+0x16d
V  [libjvm.so+0x777d8a]  ParallelScavengeHeap::failed_mem_allocate(unsigned int)+0x5a
V  [libjvm.so+0x8d5dea]  VM_ParallelGCFailedAllocation::doit()+0x7a
V  [libjvm.so+0x8df4a7]  VM_Operation::evaluate()+0x47
V  [libjvm.so+0x8dd583]  VMThread::evaluate_operation(VM_Operation*)+0xb3
V  [libjvm.so+0x8dd920]  VMThread::loop()+0x1b0
V  [libjvm.so+0x8ddd85]  VMThread::run()+0x85
V  [libjvm.so+0x758969]  java_start(Thread*)+0x119
C  [libpthread.so.0+0x63a6]  start_thread+0xf6

VM_Operation (0x9ef4b9d4): ParallelGCFailedAllocation, mode: safepoint, requested by thread 0xa4559000


---------------  P R O C E S S  ---------------

Java Threads: ( => current thread )
  0xa71d2800 JavaThread "task-result-getter-1" daemon [_thread_blocked, id=28717, stack(0x9f1e3000,0x9f234000)]
  0x0ae7e800 JavaThread "shuffle-server-19-2" daemon [_thread_in_native, id=28716, stack(0x9ea31000,0x9ea82000)]
  0x9fcef000 JavaThread "task-result-getter-0" daemon [_thread_blocked, id=28714, stack(0x9f60d000,0x9f65e000)]
  0x09f94800 JavaThread "shuffle-server-19-1" daemon [_thread_in_native, id=28713, stack(0x9f427000,0x9f478000)]
  0xa00e3c00 JavaThread "rpc-server-16-2" daemon [_thread_in_native, id=28712, stack(0x9f385000,0x9f3d6000)]
  0xa45b3c00 JavaThread "rpc-server-16-1" daemon [_thread_in_native, id=28711, stack(0x9f4c9000,0x9f51a000)]
  0x9e9b4000 JavaThread "IPC Parameter Sending Thread #3" daemon [_thread_blocked, id=28705, stack(0x9d6ae000,0x9d6ff000)]
  0x9e9b3c00 JavaThread "IPC Client (28497393) connection to /192.168.2.81:9000 from ubuntu" daemon [_thread_blocked, id=28704, stack(0x93cce000,0x93d1f000)]
  0x93a3f000 JavaThread "spark-listener-group-streams" daemon [_thread_blocked, id=28703, stack(0x9301a000,0x9306b000)]
  0xa45b4c00 JavaThread "element-tracking-store-worker" daemon [_thread_blocked, id=28701, stack(0x92ed6000,0x92f27000)]
  0x9ccafc00 JavaThread "spark-listener-group-executorManagement" daemon [_thread_blocked, id=28700, stack(0x9306b000,0x930bc000)]
  0x93ad7000 JavaThread "spark-listener-group-appStatus" daemon [_thread_blocked, id=28699, stack(0x92e34000,0x92e85000)]
  0x9e956000 JavaThread "context-cleaner-periodic-gc" daemon [_thread_blocked, id=28698, stack(0x92e85000,0x92ed6000)]
  0x9e97cc00 JavaThread "Spark Context Cleaner" daemon [_thread_blocked, id=28697, stack(0x9310d000,0x9315e000)]
  0x93ad6c00 JavaThread "shuffle-boss-18-1" daemon [_thread_blocked, id=28696, stack(0x92cf0000,0x92d41000)]
  0xa731d000 JavaThread "rpc-client-14-1" daemon [_thread_in_native, id=28695, stack(0x92bac000,0x92bfd000)]
  0x0b083000 JavaThread "netty-rpc-connection-0" daemon [_thread_blocked, id=28694, stack(0x92f27000,0x92f78000)]
  0x93ad6400 JavaThread "appclient-registration-retry-thread" daemon [_thread_blocked, id=28693, stack(0x93b2c000,0x93b7d000)]
  0x9e937400 JavaThread "appclient-register-master-threadpool-0" daemon [_thread_blocked, id=28692, stack(0x92de3000,0x92e34000)]
  0xa7385800 JavaThread "driver-revive-thread" daemon [_thread_blocked, id=28691, stack(0x92f78000,0x92fc9000)]
  0xa738bc00 JavaThread "netty-rpc-env-timeout" daemon [_thread_blocked, id=28690, stack(0x92fc9000,0x9301a000)]
  0x9e937000 JavaThread "dag-scheduler-event-loop" daemon [_thread_blocked, id=28689, stack(0x93b7d000,0x93bce000)]
  0x9e93c800 JavaThread "Timer-5" daemon [_thread_blocked, id=28688, stack(0x98eb9000,0x98f0a000)]
  0xa7121c00 JavaThread "Timer-4" daemon [_thread_blocked, id=28687, stack(0x92c9f000,0x92cf0000)]
  0xa737f400 JavaThread "heartbeat-receiver-event-loop-thread" daemon [_thread_blocked, id=28686, stack(0x9d20d000,0x9d25e000)]
  0x9e7a7c00 JavaThread "SparkUI-172" daemon [_thread_blocked, id=28685, stack(0x92bfd000,0x92c4e000)]
  0x9e7c0800 JavaThread "SparkUI-171" daemon [_thread_blocked, id=28684, stack(0x92c4e000,0x92c9f000)]
  0x93a04000 JavaThread "SparkUI-170" daemon [_thread_blocked, id=28683, stack(0x930bc000,0x9310d000)]
  0xa711b800 JavaThread "SparkUI-169" daemon [_thread_blocked, id=28682, stack(0x92d41000,0x92d92000)]
  0x9e93c000 JavaThread "SparkUI-168" daemon [_thread_blocked, id=28681, stack(0x9315e000,0x931af000)]
  0x9cc7cc00 JavaThread "SparkUI-167" daemon [_thread_blocked, id=28680, stack(0x9c15e000,0x9c1af000)]
  0x9e93e000 JavaThread "SparkUI-166" daemon [_thread_in_native, id=28679, stack(0x92d92000,0x92de3000)]
  0x9e938c00 JavaThread "SparkUI-165-acceptor-0@858b03-Spark@4268a3{HTTP/1.1,[http/1.1]}{0.0.0.0:4040}" daemon [_thread_in_native, id=28678, stack(0x9eeac000,0x9eefd000)]
  0x9e93f400 JavaThread "refresh progress" daemon [_thread_blocked, id=28677, stack(0x98e17000,0x98e68000)]
  0x93ad3000 JavaThread "RemoteBlock-temp-file-clean-thread" daemon [_thread_blocked, id=28676, stack(0x94d71000,0x94dc2000)]
  0x9ccd9800 JavaThread "map-output-dispatcher-7" daemon [_thread_blocked, id=28675, stack(0x9eb75000,0x9ebc6000)]
  0x9e942000 JavaThread "map-output-dispatcher-6" daemon [_thread_blocked, id=28674, stack(0x9eb24000,0x9eb75000)]
  0x9e93a000 JavaThread "map-output-dispatcher-5" daemon [_thread_blocked, id=28673, stack(0x9c1af000,0x9c200000)]
  0xa7115400 JavaThread "map-output-dispatcher-4" daemon [_thread_blocked, id=28672, stack(0x9ead3000,0x9eb24000)]
  0x9ccef800 JavaThread "map-output-dispatcher-3" daemon [_thread_blocked, id=28671, stack(0x9eff0000,0x9f041000)]
  0x9e944000 JavaThread "map-output-dispatcher-2" daemon [_thread_blocked, id=28670, stack(0x9ef9f000,0x9eff0000)]
  0x9e940800 JavaThread "map-output-dispatcher-1" daemon [_thread_blocked, id=28669, stack(0x931af000,0x93200000)]
  0x9d4d9000 JavaThread "map-output-dispatcher-0" daemon [_thread_blocked, id=28668, stack(0x9f85e000,0x9f8af000)]
  0x9d458800 JavaThread "rpc-boss-15-1" daemon [_thread_in_native, id=28667, stack(0x9f041000,0x9f092000)]
  0x9d4d9c00 JavaThread "dispatcher-event-loop-1" daemon [_thread_blocked, id=28666, stack(0x99f0b000,0x99f5c000)]
  0x9e9adc00 JavaThread "dispatcher-event-loop-0" daemon [_thread_blocked, id=28665, stack(0x9ef4e000,0x9ef9f000)]
  0xa4559000 JavaThread "Thread-35" [_thread_blocked, id=28651, stack(0x9eefd000,0x9ef4e000)]
  0x0a69e800 JavaThread "org.apache.hadoop.fs.FileSystem$Statistics$StatisticsDataReferenceCleaner" daemon [_thread_blocked, id=28526, stack(0x9cd2b000,0x9cd7c000)]
  0x9fb5bc00 JavaThread "Thread-4" [_thread_in_native, id=28486, stack(0xa010c000,0xa015d000)]
  0x9fb52000 JavaThread "Thread-3" [_thread_in_native, id=28485, stack(0xa015d000,0xa01ae000)]
  0x9fb45000 JavaThread "pool-1-thread-1" [_thread_blocked, id=28484, stack(0xa01ae000,0xa01ff000)]
  0xa454b400 JavaThread "Service Thread" daemon [_thread_blocked, id=28479, stack(0xa3fac000,0xa3ffd000)]
  0xa4548400 JavaThread "C1 CompilerThread1" daemon [_thread_blocked, id=28478, stack(0xa3ffe000,0xa407e000)]
  0xa4546400 JavaThread "C2 CompilerThread0" daemon [_thread_blocked, id=28477, stack(0xa407f000,0xa40ff000)]
  0xa4544800 JavaThread "Signal Dispatcher" daemon [_thread_blocked, id=28476, stack(0xa40ff000,0xa4150000)]
  0xa4528400 JavaThread "Finalizer" daemon [_thread_blocked, id=28475, stack(0xa445e000,0xa44af000)]
  0xa4525400 JavaThread "Reference Handler" daemon [_thread_blocked, id=28474, stack(0xa44af000,0xa4500000)]
  0xf6c11800 JavaThread "main" [_thread_in_native, id=28470, stack(0xf6df6000,0xf6e46000)]

Other Threads:
=>0xa4520c00 VMThread [stack: 0xa460c000,0xa468c000] [id=28473]
  0xa454d800 WatcherThread [stack: 0xa3f2c000,0xa3fac000] [id=28480]

VM state:at safepoint (normal execution)

VM Mutex/Monitor currently owned by a thread:  ([mutex/lock_event])
[0xf6c0ea10] ExpandHeap_lock - owner thread: 0xa4520c00
[0xf6c0efc0] Threads_lock - owner thread: 0xa4520c00
[0xf6c0f420] Heap_lock - owner thread: 0xa4559000

Heap:
 PSYoungGen      total 276736K, used 27268K [0xd22c0000, 0xe7800000, 0xe7800000)
  eden space 221952K, 0% used [0xd22c0000,0xd22c0000,0xdfb80000)
  from space 54784K, 49% used [0xe3f00000,0xe59a11d8,0xe7480000)
  to   space 63744K, 0% used [0xdfb80000,0xdfb80000,0xe39c0000)
 ParOldGen       total 240896K, used 237509K [0xa7800000, 0xb6340000, 0xd22c0000)
  object space 240896K, 98% used [0xa7800000,0xb5ff14d8,0xb6340000)
 Metaspace       used 54006K, capacity 54376K, committed 54400K, reserved 54576K

Card table byte_map: [0xa75ff000,0xa7800000] byte_map_base: 0xa70c3000

Marking Bits: (ParMarkBitMap*) 0xf791a8e0
 Begin Bits: [0xa5100000, 0xa6100000)
 End Bits:   [0xa6100000, 0xa7100000)

Polling page: 0xf7f49000

CodeCache: size=245760Kb used=19412Kb max_used=20494Kb free=226347Kb
 bounds [0xe7c00000, 0xe9020000, 0xf6c00000]
 total_blobs=8236 nmethods=7950 adapters=198
 compilation: enabled

Compilation events (10 events):
Event: 395.382 Thread 0xa4548400 10133       2       org.apache.spark.util.ClosureCleaner$::log (5 bytes)
Event: 395.382 Thread 0xa4548400 nmethod 10133 0xe88eee48 code [0xe88eef60, 0xe88ef04c]
Event: 395.388 Thread 0xa4548400 10134  s    2       org.apache.hadoop.conf.Configuration::getOverlay (23 bytes)
Event: 395.388 Thread 0xa4548400 nmethod 10134 0xe8ad8bc8 code [0xe8ad8d20, 0xe8ad8fcc]
Event: 395.388 Thread 0xa4548400 10135       1       java.util.regex.Pattern::flags (5 bytes)
Event: 395.388 Thread 0xa4548400 nmethod 10135 0xe8a5e348 code [0xe8a5e440, 0xe8a5e4e0]
Event: 395.388 Thread 0xa4548400 10136       2       scala.collection.immutable.StringOps::slice (13 bytes)
Event: 395.388 Thread 0xa4548400 nmethod 10136 0xe844a6c8 code [0xe844a7e0, 0xe844a8cc]
Event: 395.388 Thread 0xa4548400 10137       2       scala.collection.immutable.StringOps$::slice$extension (59 bytes)
Event: 395.389 Thread 0xa4548400 nmethod 10137 0xe8f15c08 code [0xe8f15d20, 0xe8f15e4c]

GC Heap History (10 events):
Event: 191.546 GC heap after
Heap after GC invocations=18 (full 4):
 PSYoungGen      total 277760K, used 983K [0xd22c0000, 0xe7340000, 0xe7800000)
  eden space 217088K, 0% used [0xd22c0000,0xd22c0000,0xdf6c0000)
  from space 60672K, 1% used [0xe3800000,0xe38f5d38,0xe7340000)
  to   space 63744K, 0% used [0xdf6c0000,0xdf6c0000,0xe3500000)
 ParOldGen       total 240896K, used 180893K [0xa7800000, 0xb6340000, 0xd22c0000)
  object space 240896K, 75% used [0xa7800000,0xb28a7440,0xb6340000)
 Metaspace       used 47316K, capacity 47612K, committed 47616K, reserved 48432K
}
Event: 199.370 GC heap before
{Heap before GC invocations=19 (full 4):
 PSYoungGen      total 277760K, used 218071K [0xd22c0000, 0xe7340000, 0xe7800000)
  eden space 217088K, 100% used [0xd22c0000,0xdf6c0000,0xdf6c0000)
  from space 60672K, 1% used [0xe3800000,0xe38f5d38,0xe7340000)
  to   space 63744K, 0% used [0xdf6c0000,0xdf6c0000,0xe3500000)
 ParOldGen       total 240896K, used 180893K [0xa7800000, 0xb6340000, 0xd22c0000)
  object space 240896K, 75% used [0xa7800000,0xb28a7440,0xb6340000)
 Metaspace       used 48236K, capacity 48508K, committed 48512K, reserved 49456K
Event: 199.382 GC heap after
Heap after GC invocations=19 (full 4):
 PSYoungGen      total 280832K, used 6772K [0xd22c0000, 0xe7580000, 0xe7800000)
  eden space 217088K, 0% used [0xd22c0000,0xd22c0000,0xdf6c0000)
  from space 63744K, 10% used [0xdf6c0000,0xdfd5d100,0xe3500000)
  to   space 60928K, 0% used [0xe3a00000,0xe3a00000,0xe7580000)
 ParOldGen       total 240896K, used 180897K [0xa7800000, 0xb6340000, 0xd22c0000)
  object space 240896K, 75% used [0xa7800000,0xb28a8440,0xb6340000)
 Metaspace       used 48236K, capacity 48508K, committed 48512K, reserved 49456K
}
Event: 200.254 GC heap before
{Heap before GC invocations=20 (full 4):
 PSYoungGen      total 280832K, used 223860K [0xd22c0000, 0xe7580000, 0xe7800000)
  eden space 217088K, 100% used [0xd22c0000,0xdf6c0000,0xdf6c0000)
  from space 63744K, 10% used [0xdf6c0000,0xdfd5d100,0xe3500000)
  to   space 60928K, 0% used [0xe3a00000,0xe3a00000,0xe7580000)
 ParOldGen       total 240896K, used 180897K [0xa7800000, 0xb6340000, 0xd22c0000)
  object space 240896K, 75% used [0xa7800000,0xb28a8440,0xb6340000)
 Metaspace       used 49023K, capacity 49340K, committed 49408K, reserved 49456K
Event: 200.264 GC heap after
Heap after GC invocations=20 (full 4):
 PSYoungGen      total 279808K, used 6436K [0xd22c0000, 0xe6fc0000, 0xe7800000)
  eden space 224768K, 0% used [0xd22c0000,0xd22c0000,0xdfe40000)
  from space 55040K, 11% used [0xe3a00000,0xe4049288,0xe6fc0000)
  to   space 58112K, 0% used [0xdfe40000,0xdfe40000,0xe3700000)
 ParOldGen       total 240896K, used 180901K [0xa7800000, 0xb6340000, 0xd22c0000)
  object space 240896K, 75% used [0xa7800000,0xb28a9440,0xb6340000)
 Metaspace       used 49023K, capacity 49340K, committed 49408K, reserved 49456K
}
Event: 203.793 GC heap before
{Heap before GC invocations=21 (full 4):
 PSYoungGen      total 279808K, used 231037K [0xd22c0000, 0xe6fc0000, 0xe7800000)
  eden space 224768K, 99% used [0xd22c0000,0xdfe16380,0xdfe40000)
  from space 55040K, 11% used [0xe3a00000,0xe4049288,0xe6fc0000)
  to   space 58112K, 0% used [0xdfe40000,0xdfe40000,0xe3700000)
 ParOldGen       total 240896K, used 180901K [0xa7800000, 0xb6340000, 0xd22c0000)
  object space 240896K, 75% used [0xa7800000,0xb28a9440,0xb6340000)
 Metaspace       used 53541K, capacity 53897K, committed 54016K, reserved 54576K
Event: 203.817 GC heap after
Heap after GC invocations=21 (full 4):
 PSYoungGen      total 282880K, used 17701K [0xd22c0000, 0xe7480000, 0xe7800000)
  eden space 224768K, 0% used [0xd22c0000,0xd22c0000,0xdfe40000)
  from space 58112K, 30% used [0xdfe40000,0xe0f894e0,0xe3700000)
  to   space 54784K, 0% used [0xe3f00000,0xe3f00000,0xe7480000)
 ParOldGen       total 240896K, used 180905K [0xa7800000, 0xb6340000, 0xd22c0000)
  object space 240896K, 75% used [0xa7800000,0xb28aa440,0xb6340000)
 Metaspace       used 53541K, capacity 53897K, committed 54016K, reserved 54576K
}
Event: 395.394 GC heap before
{Heap before GC invocations=22 (full 4):
 PSYoungGen      total 282880K, used 242469K [0xd22c0000, 0xe7480000, 0xe7800000)
  eden space 224768K, 100% used [0xd22c0000,0xdfe40000,0xdfe40000)
  from space 58112K, 30% used [0xdfe40000,0xe0f894e0,0xe3700000)
  to   space 54784K, 0% used [0xe3f00000,0xe3f00000,0xe7480000)
 ParOldGen       total 240896K, used 180905K [0xa7800000, 0xb6340000, 0xd22c0000)
  object space 240896K, 75% used [0xa7800000,0xb28aa440,0xb6340000)
 Metaspace       used 54010K, capacity 54381K, committed 54400K, reserved 54576K
Event: 395.480 GC heap after
Heap after GC invocations=22 (full 4):
 PSYoungGen      total 276736K, used 49908K [0xd22c0000, 0xe7800000, 0xe7800000)
  eden space 221952K, 0% used [0xd22c0000,0xd22c0000,0xdfb80000)
  from space 54784K, 91% used [0xe3f00000,0xe6fbd190,0xe7480000)
  to   space 63744K, 0% used [0xdfb80000,0xdfb80000,0xe39c0000)
 ParOldGen       total 240896K, used 230061K [0xa7800000, 0xb6340000, 0xd22c0000)
  object space 240896K, 95% used [0xa7800000,0xb58ab470,0xb6340000)
 Metaspace       used 54010K, capacity 54381K, committed 54400K, reserved 54576K
}
Event: 395.480 GC heap before
{Heap before GC invocations=23 (full 5):
 PSYoungGen      total 276736K, used 49908K [0xd22c0000, 0xe7800000, 0xe7800000)
  eden space 221952K, 0% used [0xd22c0000,0xd22c0000,0xdfb80000)
  from space 54784K, 91% used [0xe3f00000,0xe6fbd190,0xe7480000)
  to   space 63744K, 0% used [0xdfb80000,0xdfb80000,0xe39c0000)
 ParOldGen       total 240896K, used 230061K [0xa7800000, 0xb6340000, 0xd22c0000)
  object space 240896K, 95% used [0xa7800000,0xb58ab470,0xb6340000)
 Metaspace       used 54010K, capacity 54381K, committed 54400K, reserved 54576K

Deoptimization events (10 events):
Event: 388.452 Thread 0xa4559000 Uncommon trap: reason=bimorphic action=maybe_recompile pc=0xe80b815c method=java.util.Collections$UnmodifiableMap$UnmodifiableEntrySet$UnmodifiableEntry.getKey()Ljava/lang/Object; @ 4
Event: 388.455 Thread 0xa4559000 Uncommon trap: reason=bimorphic action=maybe_recompile pc=0xe86b4278 method=scala.collection.convert.Wrappers$JMapWrapperLike$$anon$2.hasNext()Z @ 4
Event: 388.455 Thread 0xa4559000 Uncommon trap: reason=bimorphic action=maybe_recompile pc=0xe86b4278 method=scala.collection.convert.Wrappers$JMapWrapperLike$$anon$2.hasNext()Z @ 4
Event: 388.535 Thread 0xa4559000 Uncommon trap: reason=unstable_if action=reinterpret pc=0xe8e06758 method=py4j.Protocol.getString(Ljava/lang/String;)Ljava/lang/String; @ 8
Event: 389.449 Thread 0x9e937000 Uncommon trap: reason=bimorphic action=maybe_recompile pc=0xe8d07c2c method=scala.collection.IterableLike$class.toStream(Lscala/collection/IterableLike;)Lscala/collection/immutable/Stream; @ 1
Event: 392.723 Thread 0x9e937000 Uncommon trap: reason=speculate_class_check action=maybe_recompile pc=0xe86a6048 method=scala.Option.isDefined()Z @ 1
Event: 392.724 Thread 0x9e937000 Uncommon trap: reason=speculate_class_check action=maybe_recompile pc=0xe86a6048 method=scala.Option.isDefined()Z @ 1
Event: 392.724 Thread 0x9e937000 Uncommon trap: reason=speculate_class_check action=maybe_recompile pc=0xe86a6048 method=scala.Option.isDefined()Z @ 1
Event: 392.760 Thread 0x9e937000 Uncommon trap: reason=bimorphic action=maybe_recompile pc=0xe8d07c2c method=scala.collection.IterableLike$class.toStream(Lscala/collection/IterableLike;)Lscala/collection/immutable/Stream; @ 1
Event: 395.351 Thread 0xa4559000 Uncommon trap: reason=unstable_if action=reinterpret pc=0xe83f3794 method=com.fasterxml.jackson.core.json.ReaderBasedJsonParser._skipWSOrEnd()I @ 8

Internal exceptions (10 events):
Event: 203.638 Thread 0x9fb5bc00 Exception <a 'java/lang/NoSuchMethodError': <clinit>> (0xdee9d0f0) thrown at [/HUDSON/workspace/8-2-build-linux-i586/jdk8u101/7261/hotspot/src/share/vm/prims/jni.cpp, line 1613]
Event: 203.639 Thread 0x9fb5bc00 Exception <a 'java/lang/NoSuchMethodError': <clinit>> (0xdeea8ac0) thrown at [/HUDSON/workspace/8-2-build-linux-i586/jdk8u101/7261/hotspot/src/share/vm/prims/jni.cpp, line 1613]
Event: 203.909 Thread 0x9fb5bc00 Exception <a 'java/lang/NoSuchMethodError': <clinit>> (0xd28c70b8) thrown at [/HUDSON/workspace/8-2-build-linux-i586/jdk8u101/7261/hotspot/src/share/vm/prims/jni.cpp, line 1613]
Event: 203.912 Thread 0x9fb5bc00 Exception <a 'java/lang/NoSuchMethodError': <clinit>> (0xd290d980) thrown at [/HUDSON/workspace/8-2-build-linux-i586/jdk8u101/7261/hotspot/src/share/vm/prims/jni.cpp, line 1613]
Event: 204.023 Thread 0x09dba000 Exception <a 'java/lang/NoSuchMethodError': <clinit>> (0xd43d5b70) thrown at [/HUDSON/workspace/8-2-build-linux-i586/jdk8u101/7261/hotspot/src/share/vm/prims/jni.cpp, line 1613]
Event: 204.052 Thread 0x09dcdc00 Exception <a 'java/lang/NoSuchMethodError': <clinit>> (0xd4b5bb38) thrown at [/HUDSON/workspace/8-2-build-linux-i586/jdk8u101/7261/hotspot/src/share/vm/prims/jni.cpp, line 1613]
Event: 205.071 Thread 0xa7121c00 Exception <a 'java/lang/NoSuchMethodError': <clinit>> (0xd4c2fde0) thrown at [/HUDSON/workspace/8-2-build-linux-i586/jdk8u101/7261/hotspot/src/share/vm/prims/jni.cpp, line 1613]
Event: 241.119 Thread 0x0a00e000 Exception <a 'java/lang/InterruptedException'> (0xd2b09990) thrown at [/HUDSON/workspace/8-2-build-linux-i586/jdk8u101/7261/hotspot/src/share/vm/runtime/objectMonitor.cpp, line 1684]
Event: 241.193 Thread 0x09ef9000 Exception <a 'java/lang/InterruptedException'> (0xd573a310) thrown at [/HUDSON/workspace/8-2-build-linux-i586/jdk8u101/7261/hotspot/src/share/vm/runtime/objectMonitor.cpp, line 1684]
Event: 241.305 Thread 0x9fb5bc00 Exception <a 'java/lang/reflect/InvocationTargetException'> (0xd35da570) thrown at [/HUDSON/workspace/8-2-build-linux-i586/jdk8u101/7261/hotspot/src/share/vm/runtime/reflection.cpp, line 1092]

Events (10 events):
Event: 395.362 Thread 0xa4559000 DEOPT UNPACKING pc=0xe7c3c5d0 sp=0x9ef4bfb8 mode 0
Event: 395.363 Thread 0xa4559000 DEOPT PACKING pc=0xe7cb7d43 sp=0x9ef4c0d0
Event: 395.363 Thread 0xa4559000 DEOPT UNPACKING pc=0xe7c3c5d0 sp=0x9ef4bf58 mode 0
Event: 395.375 Executing VM operation: RevokeBias
Event: 395.375 Executing VM operation: RevokeBias done
Event: 395.375 Executing VM operation: RevokeBias
Event: 395.375 Executing VM operation: RevokeBias done
Event: 395.375 Executing VM operation: RevokeBias
Event: 395.375 Executing VM operation: RevokeBias done
Event: 395.393 Executing VM operation: ParallelGCFailedAllocation


Dynamic libraries:
08048000-08049000 r-xp 00000000 fc:01 259515                             /usr/lib/jvm/jdk1.8.0_101/bin/java
08049000-0804a000 rw-p 00000000 fc:01 259515                             /usr/lib/jvm/jdk1.8.0_101/bin/java
09c26000-0b597000 rw-p 00000000 00:00 0                                  [heap]
8cffb000-921e0000 rw-p 00000000 00:00 0 
921e0000-92200000 ---p 00000000 00:00 0 
92200000-92300000 rw-p 00000000 00:00 0 
92300000-92400000 rw-p 00000000 00:00 0 
92400000-92500000 rw-p 00000000 00:00 0 
92500000-92600000 rw-p 00000000 00:00 0 
92600000-92700000 rw-p 00000000 00:00 0 
92700000-92771000 rw-p 00000000 00:00 0 
92771000-92800000 ---p 00000000 00:00 0 
92800000-92900000 rw-p 00000000 00:00 0 
92900000-92a00000 rw-p 00000000 00:00 0 
92a00000-92af3000 rw-p 00000000 00:00 0 
92af3000-92b00000 ---p 00000000 00:00 0 
92bac000-92baf000 ---p 00000000 00:00 0 
92baf000-92bfd000 rw-p 00000000 00:00 0 
92bfd000-92c00000 ---p 00000000 00:00 0 
92c00000-92c4e000 rw-p 00000000 00:00 0 
92c4e000-92c51000 ---p 00000000 00:00 0 
92c51000-92c9f000 rw-p 00000000 00:00 0 
92c9f000-92ca2000 ---p 00000000 00:00 0 
92ca2000-92cf0000 rw-p 00000000 00:00 0 
92cf0000-92cf3000 ---p 00000000 00:00 0 
92cf3000-92d41000 rw-p 00000000 00:00 0 
92d41000-92d44000 ---p 00000000 00:00 0 
92d44000-92d92000 rw-p 00000000 00:00 0 
92d92000-92d95000 ---p 00000000 00:00 0 
92d95000-92de3000 rw-p 00000000 00:00 0 
92de3000-92de6000 ---p 00000000 00:00 0 
92de6000-92e34000 rw-p 00000000 00:00 0 
92e34000-92e37000 ---p 00000000 00:00 0 
92e37000-92e85000 rw-p 00000000 00:00 0 
92e85000-92e88000 ---p 00000000 00:00 0 
92e88000-92ed6000 rw-p 00000000 00:00 0 
92ed6000-92ed9000 ---p 00000000 00:00 0 
92ed9000-92f27000 rw-p 00000000 00:00 0 
92f27000-92f2a000 ---p 00000000 00:00 0 
92f2a000-92f78000 rw-p 00000000 00:00 0 
92f78000-92f7b000 ---p 00000000 00:00 0 
92f7b000-92fc9000 rw-p 00000000 00:00 0 
92fc9000-92fcc000 ---p 00000000 00:00 0 
92fcc000-9301a000 rw-p 00000000 00:00 0 
9301a000-9301d000 ---p 00000000 00:00 0 
9301d000-9306b000 rw-p 00000000 00:00 0 
9306b000-9306e000 ---p 00000000 00:00 0 
9306e000-930bc000 rw-p 00000000 00:00 0 
930bc000-930bf000 ---p 00000000 00:00 0 
930bf000-9310d000 rw-p 00000000 00:00 0 
9310d000-93110000 ---p 00000000 00:00 0 
93110000-9315e000 rw-p 00000000 00:00 0 
9315e000-93161000 ---p 00000000 00:00 0 
93161000-931af000 rw-p 00000000 00:00 0 
931af000-931b2000 ---p 00000000 00:00 0 
931b2000-93300000 rw-p 00000000 00:00 0 
93300000-93400000 rw-p 00000000 00:00 0 
93400000-93500000 rw-p 00000000 00:00 0 
93500000-93600000 rw-p 00000000 00:00 0 
93600000-93700000 rw-p 00000000 00:00 0 
93700000-93800000 rw-p 00000000 00:00 0 
93800000-93900000 rw-p 00000000 00:00 0 
93900000-93a00000 rw-p 00000000 00:00 0 
93a00000-93af9000 rw-p 00000000 00:00 0 
93af9000-93b00000 ---p 00000000 00:00 0 
93b2c000-93b2f000 ---p 00000000 00:00 0 
93b2f000-93b7d000 rw-p 00000000 00:00 0 
93b7d000-93b80000 ---p 00000000 00:00 0 
93b80000-93cce000 rw-p 00000000 00:00 0 
93cce000-93cd1000 ---p 00000000 00:00 0 
93cd1000-93d1f000 rw-p 00000000 00:00 0 
93d1f000-93d22000 ---p 00000000 00:00 0 
93d22000-94d71000 rw-p 00000000 00:00 0 
94d71000-94d74000 ---p 00000000 00:00 0 
94d74000-94dc2000 rw-p 00000000 00:00 0 
94dc2000-94dc5000 ---p 00000000 00:00 0 
94dc5000-98e17000 rw-p 00000000 00:00 0 
98e17000-98e1a000 ---p 00000000 00:00 0 
98e1a000-98e68000 rw-p 00000000 00:00 0 
98e68000-98e6b000 ---p 00000000 00:00 0 
98e6b000-98eb9000 rw-p 00000000 00:00 0 
98eb9000-98ebc000 ---p 00000000 00:00 0 
98ebc000-99f0b000 rw-p 00000000 00:00 0 
99f0b000-99f0e000 ---p 00000000 00:00 0 
99f0e000-9a05c000 rw-p 00000000 00:00 0 
9a05c000-9c15e000 rw-p 00000000 00:00 0 
9c15e000-9c161000 ---p 00000000 00:00 0 
9c161000-9c1af000 rw-p 00000000 00:00 0 
9c1af000-9c1b2000 ---p 00000000 00:00 0 
9c1b2000-9c300000 rw-p 00000000 00:00 0 
9c300000-9c400000 rw-p 00000000 00:00 0 
9c400000-9c500000 rw-p 00000000 00:00 0 
9c500000-9c600000 rw-p 00000000 00:00 0 
9c600000-9c700000 rw-p 00000000 00:00 0 
9c700000-9c800000 rw-p 00000000 00:00 0 
9c800000-9c900000 rw-p 00000000 00:00 0 
9c900000-9ca00000 rw-p 00000000 00:00 0 
9ca00000-9cb00000 rw-p 00000000 00:00 0 
9cb00000-9cc00000 rw-p 00000000 00:00 0 
9cc00000-9ccf5000 rw-p 00000000 00:00 0 
9ccf5000-9cd00000 ---p 00000000 00:00 0 
9cd2b000-9cd2e000 ---p 00000000 00:00 0 
9cd2e000-9ce7c000 rw-p 00000000 00:00 0 
9ceaf000-9ceb2000 ---p 00000000 00:00 0 
9ceb2000-9d000000 rw-p 00000000 00:00 0 
9d000000-9d100000 rw-p 00000000 00:00 0 
9d100000-9d129000 rw-p 00000000 00:00 0 
9d129000-9d200000 ---p 00000000 00:00 0 
9d20d000-9d210000 ---p 00000000 00:00 0 
9d210000-9d25e000 rw-p 00000000 00:00 0 
9d25e000-9d261000 ---p 00000000 00:00 0 
9d261000-9d2af000 rw-p 00000000 00:00 0 
9d2af000-9d2b2000 ---p 00000000 00:00 0 
9d2b2000-9d400000 rw-p 00000000 00:00 0 
9d400000-9d4fd000 rw-p 00000000 00:00 0 
9d4fd000-9d500000 ---p 00000000 00:00 0 
9d50c000-9d50f000 ---p 00000000 00:00 0 
9d50f000-9d55d000 rw-p 00000000 00:00 0 
9d55d000-9d560000 ---p 00000000 00:00 0 
9d560000-9d6ae000 rw-p 00000000 00:00 0 
9d6ae000-9d6b1000 ---p 00000000 00:00 0 
9d6b1000-9e700000 rw-p 00000000 00:00 0 
9e700000-9e7fe000 rw-p 00000000 00:00 0 
9e7fe000-9e800000 ---p 00000000 00:00 0 
9e800000-9e900000 rw-p 00000000 00:00 0 
9e900000-9e9fb000 rw-p 00000000 00:00 0 
9e9fb000-9ea00000 ---p 00000000 00:00 0 
9ea0d000-9ea20000 r--s 00345000 fc:01 259855                             /usr/lib/jvm/jdk1.8.0_101/jre/lib/resources.jar
9ea20000-9ea30000 r-xp 00000000 fc:01 2030                               /tmp/liblz4-java5271823004744278035.so
9ea30000-9ea31000 rw-p 0000f000 fc:01 2030                               /tmp/liblz4-java5271823004744278035.so
9ea31000-9ea34000 ---p 00000000 00:00 0 
9ea34000-9ea82000 rw-p 00000000 00:00 0 
9ea82000-9ea85000 ---p 00000000 00:00 0 
9ea85000-9ead3000 rw-p 00000000 00:00 0 
9ead3000-9ead6000 ---p 00000000 00:00 0 
9ead6000-9eb24000 rw-p 00000000 00:00 0 
9eb24000-9eb27000 ---p 00000000 00:00 0 
9eb27000-9eb75000 rw-p 00000000 00:00 0 
9eb75000-9eb78000 ---p 00000000 00:00 0 
9eb78000-9ebc6000 rw-p 00000000 00:00 0 
9ebc6000-9ebc9000 ---p 00000000 00:00 0 
9ebc9000-9ed17000 rw-p 00000000 00:00 0 
9ed17000-9ed1a000 ---p 00000000 00:00 0 
9ed1a000-9ed68000 rw-p 00000000 00:00 0 
9ed68000-9ed6b000 ---p 00000000 00:00 0 
9ed6b000-9edb9000 rw-p 00000000 00:00 0 
9edb9000-9edbc000 ---p 00000000 00:00 0 
9edbc000-9ee0a000 rw-p 00000000 00:00 0 
9ee0a000-9ee0d000 ---p 00000000 00:00 0 
9ee0d000-9ee5b000 rw-p 00000000 00:00 0 
9ee5b000-9ee5e000 ---p 00000000 00:00 0 
9ee5e000-9eeac000 rw-p 00000000 00:00 0 
9eeac000-9eeaf000 ---p 00000000 00:00 0 
9eeaf000-9eefd000 rw-p 00000000 00:00 0 
9eefd000-9ef00000 ---p 00000000 00:00 0 
9ef00000-9ef4e000 rw-p 00000000 00:00 0 
9ef4e000-9ef51000 ---p 00000000 00:00 0 
9ef51000-9ef9f000 rw-p 00000000 00:00 0 
9ef9f000-9efa2000 ---p 00000000 00:00 0 
9efa2000-9eff0000 rw-p 00000000 00:00 0 
9eff0000-9eff3000 ---p 00000000 00:00 0 
9eff3000-9f041000 rw-p 00000000 00:00 0 
9f041000-9f044000 ---p 00000000 00:00 0 
9f044000-9f092000 rw-p 00000000 00:00 0 
9f092000-9f095000 ---p 00000000 00:00 0 
9f095000-9f1e3000 rw-p 00000000 00:00 0 
9f1e3000-9f1e6000 ---p 00000000 00:00 0 
9f1e6000-9f32e000 rw-p 00000000 00:00 0 
9f32e000-9f337000 ---p 00000000 00:00 0 
9f337000-9f385000 rw-p 00000000 00:00 0 
9f385000-9f388000 ---p 00000000 00:00 0 
9f388000-9f3d6000 rw-p 00000000 00:00 0 
9f3d6000-9f3d9000 ---p 00000000 00:00 0 
9f3d9000-9f427000 rw-p 00000000 00:00 0 
9f427000-9f42a000 ---p 00000000 00:00 0 
9f42a000-9f478000 rw-p 00000000 00:00 0 
9f478000-9f47b000 ---p 00000000 00:00 0 
9f47b000-9f4c9000 rw-p 00000000 00:00 0 
9f4c9000-9f4cc000 ---p 00000000 00:00 0 
9f4cc000-9f51a000 rw-p 00000000 00:00 0 
9f51a000-9f51d000 ---p 00000000 00:00 0 
9f51d000-9f56b000 rw-p 00000000 00:00 0 
9f56b000-9f56e000 ---p 00000000 00:00 0 
9f56e000-9f5bc000 rw-p 00000000 00:00 0 
9f5bc000-9f5bf000 ---p 00000000 00:00 0 
9f5bf000-9f60d000 rw-p 00000000 00:00 0 
9f60d000-9f610000 ---p 00000000 00:00 0 
9f610000-9f75e000 rw-p 00000000 00:00 0 
9f75e000-9f85e000 rw-p 00000000 00:00 0 
9f85e000-9f861000 ---p 00000000 00:00 0 
9f861000-9f8af000 rw-p 00000000 00:00 0 
9f8af000-9f8b2000 ---p 00000000 00:00 0 
9f8b2000-9fa00000 rw-p 00000000 00:00 0 
9fa00000-9fb00000 rw-p 00000000 00:00 0 
9fb00000-9fbfd000 rw-p 00000000 00:00 0 
9fbfd000-9fc00000 ---p 00000000 00:00 0 
9fc00000-9fd00000 rw-p 00000000 00:00 0 
9fd00000-9fe00000 rw-p 00000000 00:00 0 
9fe00000-9ff00000 rw-p 00000000 00:00 0 
9ff00000-a0000000 rw-p 00000000 00:00 0 
a0000000-a0100000 rw-p 00000000 00:00 0 
a010c000-a010f000 ---p 00000000 00:00 0 
a010f000-a015d000 rw-p 00000000 00:00 0 
a015d000-a0160000 ---p 00000000 00:00 0 
a0160000-a01ae000 rw-p 00000000 00:00 0 
a01ae000-a01b1000 ---p 00000000 00:00 0 
a01b1000-a02ff000 rw-p 00000000 00:00 0 
a02ff000-a2000000 rw-p 00000000 00:00 0 
a2000000-a2100000 rw-p 00000000 00:00 0 
a2100000-a2200000 rw-p 00000000 00:00 0 
a2200000-a2300000 rw-p 00000000 00:00 0 
a2300000-a2400000 rw-p 00000000 00:00 0 
a2408000-a2417000 r-xp 00000000 fc:01 259768                             /usr/lib/jvm/jdk1.8.0_101/jre/lib/i386/libnio.so
a2417000-a2418000 rw-p 0000e000 fc:01 259768                             /usr/lib/jvm/jdk1.8.0_101/jre/lib/i386/libnio.so
a2418000-a2419000 r-xp 00000000 fc:01 259750                             /usr/lib/jvm/jdk1.8.0_101/jre/lib/i386/libjaas_unix.so
a2419000-a241a000 rw-p 00000000 fc:01 259750                             /usr/lib/jvm/jdk1.8.0_101/jre/lib/i386/libjaas_unix.so
a241a000-a241d000 ---p 00000000 00:00 0 
a241d000-a2433000 rw-p 00000000 00:00 0 
a2433000-a243b000 r-xp 00000000 fc:01 259753                             /usr/lib/jvm/jdk1.8.0_101/jre/lib/i386/libmanagement.so
a243b000-a243c000 rw-p 00007000 fc:01 259753                             /usr/lib/jvm/jdk1.8.0_101/jre/lib/i386/libmanagement.so
a243c000-a2440000 r--s 00097000 fc:01 259865                             /usr/lib/jvm/jdk1.8.0_101/jre/lib/jsse.jar
a2440000-a2455000 r-xp 00000000 fc:01 259812                             /usr/lib/jvm/jdk1.8.0_101/jre/lib/i386/libnet.so
a2455000-a2456000 rw-p 00015000 fc:01 259812                             /usr/lib/jvm/jdk1.8.0_101/jre/lib/i386/libnet.so
a2456000-a2458000 r--s 00015000 fc:01 775210                             /home/ubuntu/.local/lib/python3.6/site-packages/pyspark/jars/hadoop-auth-2.7.3.jar
a2458000-a2463000 r--s 000b9000 fc:01 775209                             /home/ubuntu/.local/lib/python3.6/site-packages/pyspark/jars/janino-3.0.9.jar
a2463000-a2465000 r--s 00010000 fc:01 775208                             /home/ubuntu/.local/lib/python3.6/site-packages/pyspark/jars/jersey-media-jaxb-2.22.2.jar
a2465000-a2467000 r--s 00008000 fc:01 775207                             /home/ubuntu/.local/lib/python3.6/site-packages/pyspark/jars/commons-compiler-3.0.9.jar
a2467000-a246c000 r--s 00041000 fc:01 775206                             /home/ubuntu/.local/lib/python3.6/site-packages/pyspark/jars/xbean-asm6-shaded-4.8.jar
a246c000-a24a2000 r--s 0031c000 fc:01 775204                             /home/ubuntu/.local/lib/python3.6/site-packages/pyspark/jars/hadoop-common-2.7.3.jar
a24a2000-a24a4000 r--s 0000e000 fc:01 775203                             /home/ubuntu/.local/lib/python3.6/site-packages/pyspark/jars/guice-servlet-3.0.jar
a24a4000-a24cd000 r--s 001ee000 fc:01 775202                             /home/ubuntu/.local/lib/python3.6/site-packages/pyspark/jars/guava-14.0.1.jar
a24cd000-a2530000 r--s 004de000 fc:01 775200                             /home/ubuntu/.local/lib/python3.6/site-packages/pyspark/jars/hive-metastore-1.2.1.spark2.jar
a2530000-a2534000 r--s 00020000 fc:01 775199                             /home/ubuntu/.local/lib/python3.6/site-packages/pyspark/jars/commons-digester-1.8.jar
a2534000-a259f000 r--s 0093d000 fc:01 775198                             /home/ubuntu/.local/lib/python3.6/site-packages/pyspark/jars/spire_2.11-0.13.0.jar
a259f000-a25ce000 r--s 002e5000 fc:01 775195                             /home/ubuntu/.local/lib/python3.6/site-packages/pyspark/jars/derby-10.12.1.1.jar
a25ce000-a25f3000 rw-p 00000000 00:00 0 
a25f3000-a2700000 r--s 00dd7000 fc:01 775194                             /home/ubuntu/.local/lib/python3.6/site-packages/pyspark/jars/scala-compiler-2.11.12.jar
a2700000-a27ff000 rw-p 00000000 00:00 0 
a27ff000-a2800000 ---p 00000000 00:00 0 
a2800000-a2801000 r--s 00004000 fc:01 775205                             /home/ubuntu/.local/lib/python3.6/site-packages/pyspark/jars/eigenbase-properties-1.1.5.jar
a2801000-a2802000 r--s 00000000 fc:01 775201                             /home/ubuntu/.local/lib/python3.6/site-packages/pyspark/jars/kubernetes-model-common-4.6.1.jar
a2802000-a2806000 r--s 0001a000 fc:01 775197                             /home/ubuntu/.local/lib/python3.6/site-packages/pyspark/jars/hk2-utils-2.4.0-b34.jar
a2806000-a2809000 r--s 00014000 fc:01 775193                             /home/ubuntu/.local/lib/python3.6/site-packages/pyspark/jars/json4s-ast_2.11-3.5.3.jar
a2809000-a280b000 r--s 00003000 fc:01 775192                             /home/ubuntu/.local/lib/python3.6/site-packages/pyspark/jars/jcl-over-slf4j-1.7.16.jar
a280b000-a280d000 r--s 0000b000 fc:01 775191                             /home/ubuntu/.local/lib/python3.6/site-packages/pyspark/jars/spark-unsafe_2.11-2.4.5.jar
a280d000-a281b000 r--s 00089000 fc:01 775190                             /home/ubuntu/.local/lib/python3.6/site-packages/pyspark/jars/json4s-scalap_2.11-3.5.3.jar
a281b000-a2828000 r--s 0009c000 fc:01 775185                             /home/ubuntu/.local/lib/python3.6/site-packages/pyspark/jars/json4s-core_2.11-3.5.3.jar
a2828000-a2900000 r--s 00d92000 fc:01 775177                             /home/ubuntu/.local/lib/python3.6/site-packages/pyspark/jars/breeze_2.11-0.13.2.jar
a2900000-a2a00000 rw-p 00000000 00:00 0 
a2a00000-a2a04000 r--s 00029000 fc:01 775189                             /home/ubuntu/.local/lib/python3.6/site-packages/pyspark/jars/hk2-locator-2.4.0-b34.jar
a2a04000-a2a07000 r--s 00014000 fc:01 775188                             /home/ubuntu/.local/lib/python3.6/site-packages/pyspark/jars/super-csv-2.2.0.jar
a2a07000-a2a19000 r--s 00097000 fc:01 775184                             /home/ubuntu/.local/lib/python3.6/site-packages/pyspark/jars/apacheds-kerberos-codec-2.0.0-M15.jar
a2a19000-a2a1d000 r--s 0004c000 fc:01 775183                             /home/ubuntu/.local/lib/python3.6/site-packages/pyspark/jars/RoaringBitmap-0.7.45.jar
a2a1d000-a2a24000 r--s 00046000 fc:01 775181                             /home/ubuntu/.local/lib/python3.6/site-packages/pyspark/jars/libfb303-0.9.3.jar
a2a24000-a2a2c000 r--s 0005d000 fc:01 775180                             /home/ubuntu/.local/lib/python3.6/site-packages/pyspark/jars/kryo-shaded-4.0.2.jar
a2a2c000-a2a4f000 rw-p 00000000 00:00 0 
a2a4f000-a2a70000 r--s 0015c000 fc:01 775176                             /home/ubuntu/.local/lib/python3.6/site-packages/pyspark/jars/avro-1.8.2.jar
a2a70000-a2a79000 r--s 00046000 fc:01 775175                             /home/ubuntu/.local/lib/python3.6/site-packages/pyspark/jars/jackson-dataformat-yaml-2.6.7.jar
a2a79000-a2aba000 r--s 006c0000 fc:01 775169                             /home/ubuntu/.local/lib/python3.6/site-packages/pyspark/jars/mesos-1.4.0-shaded-protobuf.jar
a2aba000-a2b00000 r--s 0039f000 fc:01 775167                             /home/ubuntu/.local/lib/python3.6/site-packages/pyspark/jars/netty-all-4.1.42.Final.jar
a2b00000-a2c00000 rw-p 00000000 00:00 0 
a2c00000-a2c01000 r--s 00009000 fc:01 775196                             /home/ubuntu/.local/lib/python3.6/site-packages/pyspark/jars/hive-cli-1.2.1.spark2.jar
a2c01000-a2c03000 r--s 00004000 fc:01 775187                             /home/ubuntu/.local/lib/python3.6/site-packages/pyspark/jars/stax-api-1.0-2.jar
a2c03000-a2c05000 r--s 0000d000 fc:01 775182                             /home/ubuntu/.local/lib/python3.6/site-packages/pyspark/jars/chill-java-0.9.3.jar
a2c05000-a2c0d000 r--s 0003b000 fc:01 775174                             /home/ubuntu/.local/lib/python3.6/site-packages/pyspark/jars/curator-recipes-2.7.1.jar
a2c0d000-a2c15000 r--s 0005b000 fc:01 775173                             /home/ubuntu/.local/lib/python3.6/site-packages/pyspark/jars/univocity-parsers-2.7.3.jar
a2c15000-a2c21000 r--s 000b6000 fc:01 775172                             /home/ubuntu/.local/lib/python3.6/site-packages/pyspark/jars/zookeeper-3.4.6.jar
a2c21000-a2c3a000 r--s 00150000 fc:01 775170                             /home/ubuntu/.local/lib/python3.6/site-packages/pyspark/jars/htrace-core-3.1.0-incubating.jar
a2c3a000-a2d00000 r--s 008ab000 fc:01 775156                             /home/ubuntu/.local/lib/python3.6/site-packages/pyspark/jars/spark-sql_2.11-2.4.5.jar
a2d00000-a2df9000 rw-p 00000000 00:00 0 
a2df9000-a2e00000 ---p 00000000 00:00 0 
a2e00000-a2e01000 r--s 00009000 fc:01 775186                             /home/ubuntu/.local/lib/python3.6/site-packages/pyspark/jars/slf4j-api-1.7.16.jar
a2e01000-a2e03000 r--s 0001c000 fc:01 775179                             /home/ubuntu/.local/lib/python3.6/site-packages/pyspark/jars/py4j-0.10.7.jar
a2e03000-a2e05000 r--s 00027000 fc:01 775178                             /home/ubuntu/.local/lib/python3.6/site-packages/pyspark/jars/core-1.1.2.jar
a2e05000-a2e07000 r--s 00012000 fc:01 775171                             /home/ubuntu/.local/lib/python3.6/site-packages/pyspark/jars/api-util-1.0.0-M20.jar
a2e07000-a2e09000 r--s 00009000 fc:01 775168                             /home/ubuntu/.local/lib/python3.6/site-packages/pyspark/jars/commons-cli-1.2.jar
a2e09000-a2e0a000 r--s 00000000 fc:01 775166                             /home/ubuntu/.local/lib/python3.6/site-packages/pyspark/jars/javax.inject-1.jar
a2e0a000-a2e0f000 r--s 00041000 fc:01 775165                             /home/ubuntu/.local/lib/python3.6/site-packages/pyspark/jars/commons-lang-2.6.jar
a2e0f000-a2e16000 r--s 00049000 fc:01 775164                             /home/ubuntu/.local/lib/python3.6/site-packages/pyspark/jars/httpcore-4.4.10.jar
a2e16000-a2e18000 r--s 00003000 fc:01 775163                             /home/ubuntu/.local/lib/python3.6/site-packages/pyspark/jars/jersey-container-servlet-2.22.2.jar
a2e18000-a2e30000 r--s 00115000 fc:01 775162                             /home/ubuntu/.local/lib/python3.6/site-packages/pyspark/jars/xercesImpl-2.9.1.jar
a2e30000-a2e32000 r--s 00010000 fc:01 775161                             /home/ubuntu/.local/lib/python3.6/site-packages/pyspark/jars/hadoop-mapreduce-client-shuffle-2.7.3.jar
a2e32000-a2e3f000 r--s 000a0000 fc:01 775160                             /home/ubuntu/.local/lib/python3.6/site-packages/pyspark/jars/spark-graphx_2.11-2.4.5.jar
a2e3f000-a2e45000 r--s 0003c000 fc:01 775159                             /home/ubuntu/.local/lib/python3.6/site-packages/pyspark/jars/snakeyaml-1.15.jar
a2e45000-a2e46000 r--s 00003000 fc:01 775158                             /home/ubuntu/.local/lib/python3.6/site-packages/pyspark/jars/generex-1.0.2.jar
a2e46000-a2e48000 r--s 00005000 fc:01 775157                             /home/ubuntu/.local/lib/python3.6/site-packages/pyspark/jars/javax.annotation-api-1.2.jar
a2e48000-a2e4e000 r--s 00028000 fc:01 775155                             /home/ubuntu/.local/lib/python3.6/site-packages/pyspark/jars/curator-framework-2.7.1.jar
a2e4e000-a2e4f000 r--s 00008000 fc:01 775154                             /home/ubuntu/.local/lib/python3.6/site-packages/pyspark/jars/machinist_2.11-0.6.1.jar
a2e4f000-a2e55000 r--s 00063000 fc:01 775153                             /home/ubuntu/.local/lib/python3.6/site-packages/pyspark/jars/jodd-core-3.5.2.jar
a2e55000-a2e5c000 r--s 0003f000 fc:01 775152                             /home/ubuntu/.local/lib/python3.6/site-packages/pyspark/jars/commons-codec-1.10.jar
a2e5c000-a2e5e000 r--s 0000e000 fc:01 775151                             /home/ubuntu/.local/lib/python3.6/site-packages/pyspark/jars/oro-2.0.8.jar
a2e5e000-a2e62000 r--s 0001e000 fc:01 775150                             /home/ubuntu/.local/lib/python3.6/site-packages/pyspark/jars/spark-repl_2.11-2.4.5.jar
a2e62000-a2e65000 r--s 00006000 fc:01 775149                             /home/ubuntu/.local/lib/python3.6/site-packages/pyspark/jars/jsr305-1.3.9.jar
a2e65000-a2e68000 r--s 00015000 fc:01 775148                             /home/ubuntu/.local/lib/python3.6/site-packages/pyspark/jars/javax.servlet-api-3.1.0.jar
a2e68000-a2e6a000 r--s 0000f000 fc:01 775147                             /home/ubuntu/.local/lib/python3.6/site-packages/pyspark/jars/curator-client-2.7.1.jar
a2e6a000-a2e87000 r--s 001d5000 fc:01 775146                             /home/ubuntu/.local/lib/python3.6/site-packages/pyspark/jars/hadoop-yarn-api-2.7.3.jar
a2e87000-a2e95000 r--s 0009d000 fc:01 775145                             /home/ubuntu/.local/lib/python3.6/site-packages/pyspark/jars/jersey-common-2.22.2.jar
a2e95000-a2eac000 r--s 00183000 fc:01 775144                             /home/ubuntu/.local/lib/python3.6/site-packages/pyspark/jars/hadoop-yarn-common-2.7.3.jar
a2eac000-a2eae000 r--s 00000000 fc:01 775143                             /home/ubuntu/.local/lib/python3.6/site-packages/pyspark/jars/jul-to-slf4j-1.7.16.jar
a2eae000-a2eb6000 r--s 00066000 fc:01 775142                             /home/ubuntu/.local/lib/python3.6/site-packages/pyspark/jars/apache-log4j-extras-1.2.17.jar
a2eb6000-a2eb8000 r--s 00007000 fc:01 775141                             /home/ubuntu/.local/lib/python3.6/site-packages/pyspark/jars/zjsonpatch-0.3.0.jar
a2eb8000-a2ebc000 r--s 00015000 fc:01 775140                             /home/ubuntu/.local/lib/python3.6/site-packages/pyspark/jars/xz-1.5.jar
a2ebc000-a2ebe000 r--s 00014000 fc:01 775139                             /home/ubuntu/.local/lib/python3.6/site-packages/pyspark/jars/okio-1.15.0.jar
a2ebe000-a2ec1000 r--s 00026000 fc:01 775138                             /home/ubuntu/.local/lib/python3.6/site-packages/pyspark/jars/hadoop-yarn-client-2.7.3.jar
a2ec1000-a2ecb000 r--s 000a5000 fc:01 775137                             /home/ubuntu/.local/lib/python3.6/site-packages/pyspark/jars/javassist-3.18.1-GA.jar
a2ecb000-a2ed0000 r--s 00027000 fc:01 775136                             /home/ubuntu/.local/lib/python3.6/site-packages/pyspark/jars/automaton-1.11-8.jar
a2ed0000-a2ed4000 r--s 0002a000 fc:01 775135                             /home/ubuntu/.local/lib/python3.6/site-packages/pyspark/jars/avro-mapred-1.8.2-hadoop2.jar
a2ed4000-a2ed5000 r--s 00001000 fc:01 775134                             /home/ubuntu/.local/lib/python3.6/site-packages/pyspark/jars/javax.inject-2.4.0-b34.jar
a2ed5000-a2ef9000 r--s 001cd000 fc:01 775133                             /home/ubuntu/.local/lib/python3.6/site-packages/pyspark/jars/commons-math3-3.4.1.jar
a2ef9000-a2efd000 r--s 00036000 fc:01 775132                             /home/ubuntu/.local/lib/python3.6/site-packages/pyspark/jars/ST4-4.0.4.jar
a2efd000-a2f0a000 r--s 00083000 fc:01 775130                             /home/ubuntu/.local/lib/python3.6/site-packages/pyspark/jars/commons-collections-3.2.2.jar
a2f0a000-a3000000 r--s 00bf8000 fc:01 775115                             /home/ubuntu/.local/lib/python3.6/site-packages/pyspark/jars/spark-core_2.11-2.4.5.jar
a3000000-a3100000 rw-p 00000000 00:00 0 
a3100000-a3101000 r--s 00009000 fc:01 775131                             /home/ubuntu/.local/lib/python3.6/site-packages/pyspark/jars/hadoop-annotations-2.7.3.jar
a3101000-a311a000 r--s 00164000 fc:01 775129                             /home/ubuntu/.local/lib/python3.6/site-packages/pyspark/jars/hadoop-mapreduce-client-core-2.7.3.jar
a311a000-a3151000 r--s 00325000 fc:01 775128                             /home/ubuntu/.local/lib/python3.6/site-packages/pyspark/jars/calcite-core-1.2.0-incubating.jar
a3151000-a3152000 r--s 00003000 fc:01 775127                             /home/ubuntu/.local/lib/python3.6/site-packages/pyspark/jars/metrics-json-3.1.5.jar
a3152000-a315a000 r--s 0006e000 fc:01 775126                             /home/ubuntu/.local/lib/python3.6/site-packages/pyspark/jars/commons-lang3-3.5.jar
a315a000-a315d000 r--s 00017000 fc:01 775125                             /home/ubuntu/.local/lib/python3.6/site-packages/pyspark/jars/jaxb-api-2.2.2.jar
a315d000-a3160000 r--s 0000b000 fc:01 775124                             /home/ubuntu/.local/lib/python3.6/site-packages/pyspark/jars/objenesis-2.5.1.jar
a3160000-a3166000 r--s 0002c000 fc:01 775123                             /home/ubuntu/.local/lib/python3.6/site-packages/pyspark/jars/jdo-api-3.0.1.jar
a3166000-a316a000 r--s 0002a000 fc:01 775122                             /home/ubuntu/.local/lib/python3.6/site-packages/pyspark/jars/breeze-macros_2.11-0.13.2.jar
a316a000-a316b000 r--s 00003000 fc:01 775121                             /home/ubuntu/.local/lib/python3.6/site-packages/pyspark/jars/spark-tags_2.11-2.4.5.jar
a316b000-a316e000 r--s 001eb000 fc:01 775120                             /home/ubuntu/.local/lib/python3.6/site-packages/pyspark/jars/snappy-java-1.1.7.3.jar
a316e000-a3175000 r--s 00039000 fc:01 775119                             /home/ubuntu/.local/lib/python3.6/site-packages/pyspark/jars/calcite-avatica-1.2.0-incubating.jar
a3175000-a3182000 r--s 00071000 fc:01 775117                             /home/ubuntu/.local/lib/python3.6/site-packages/pyspark/jars/jackson-module-scala_2.11-2.6.7.1.jar
a3182000-a3184000 r--s 00011000 fc:01 775116                             /home/ubuntu/.local/lib/python3.6/site-packages/pyspark/jars/spark-launcher_2.11-2.4.5.jar
a3184000-a31a7000 rw-p 00000000 00:00 0 
a31a7000-a3200000 r--s 00523000 fc:01 775111                             /home/ubuntu/.local/lib/python3.6/site-packages/pyspark/jars/scala-library-2.11.12.jar
a3200000-a3300000 rw-p 00000000 00:00 0 
a3300000-a3301000 r--s 00002000 fc:01 775118                             /home/ubuntu/.local/lib/python3.6/site-packages/pyspark/jars/jpam-1.1.jar
a3301000-a331a000 r--s 0012c000 fc:01 775114                             /home/ubuntu/.local/lib/python3.6/site-packages/pyspark/jars/netty-3.9.9.Final.jar
a331a000-a331f000 r--s 0002a000 fc:01 775113                             /home/ubuntu/.local/lib/python3.6/site-packages/pyspark/jars/gson-2.2.4.jar
a331f000-a332f000 r--s 00133000 fc:01 775112                             /home/ubuntu/.local/lib/python3.6/site-packages/pyspark/jars/arrow-vector-0.10.0.jar
a332f000-a3331000 r--s 00003000 fc:01 775110                             /home/ubuntu/.local/lib/python3.6/site-packages/pyspark/jars/api-asn1-api-1.0.0-M20.jar
a3331000-a3337000 r--s 00043000 fc:01 775109                             /home/ubuntu/.local/lib/python3.6/site-packages/pyspark/jars/commons-configuration-1.6.jar
a3337000-a3339000 r--s 00238000 fc:01 775108                             /home/ubuntu/.local/lib/python3.6/site-packages/pyspark/jars/zstd-jni-1.3.2-2.jar
a3339000-a333b000 r--s 0000e000 fc:01 775107                             /home/ubuntu/.local/lib/python3.6/site-packages/pyspark/jars/commons-logging-1.1.3.jar
a333b000-a333f000 r--s 0001a000 fc:01 775106                             /home/ubuntu/.local/lib/python3.6/site-packages/pyspark/jars/metrics-core-3.1.5.jar
a333f000-a3341000 r--s 00012000 fc:01 775105                             /home/ubuntu/.local/lib/python3.6/site-packages/pyspark/jars/compress-lzf-1.0.3.jar
a3341000-a3342000 r--s 0000b000 fc:01 775104                             /home/ubuntu/.local/lib/python3.6/site-packages/pyspark/jars/snappy-0.2.jar
a3342000-a335a000 r--s 000d6000 fc:01 775103                             /home/ubuntu/.local/lib/python3.6/site-packages/pyspark/jars/jersey-guava-2.22.2.jar
a335a000-a335f000 r--s 0003e000 fc:01 775102                             /home/ubuntu/.local/lib/python3.6/site-packages/pyspark/jars/commons-net-3.1.jar
a335f000-a3361000 r--s 0000b000 fc:01 775100                             /home/ubuntu/.local/lib/python3.6/site-packages/pyspark/jars/arrow-format-0.10.0.jar
a3361000-a3363000 r--s 00001000 fc:01 775099                             /home/ubuntu/.local/lib/python3.6/site-packages/pyspark/jars/spark-tags_2.11-2.4.5-tests.jar
a3363000-a3367000 r--s 00019000 fc:01 775098                             /home/ubuntu/.local/lib/python3.6/site-packages/pyspark/jars/javax.ws.rs-api-2.0.1.jar
a3367000-a3369000 r--s 00014000 fc:01 775097                             /home/ubuntu/.local/lib/python3.6/site-packages/pyspark/jars/spire-macros_2.11-0.13.0.jar
a3369000-a336b000 r--s 0001f000 fc:01 775096                             /home/ubuntu/.local/lib/python3.6/site-packages/pyspark/jars/commons-crypto-1.0.0.jar
a336b000-a336e000 r--s 0001e000 fc:01 775095                             /home/ubuntu/.local/lib/python3.6/site-packages/pyspark/jars/aircompressor-0.10.jar
a336e000-a337b000 r--s 000b1000 fc:01 775094                             /home/ubuntu/.local/lib/python3.6/site-packages/pyspark/jars/hadoop-mapreduce-client-common-2.7.3.jar
a337b000-a3380000 r--s 0004e000 fc:01 775093                             /home/ubuntu/.local/lib/python3.6/site-packages/pyspark/jars/datanucleus-api-jdo-3.2.6.jar
a3380000-a33eb000 r--s 00784000 fc:01 775092                             /home/ubuntu/.local/lib/python3.6/site-packages/pyspark/jars/hadoop-hdfs-2.7.3.jar
a33eb000-a33f0000 r--s 00027000 fc:01 775090                             /home/ubuntu/.local/lib/python3.6/site-packages/pyspark/jars/hk2-api-2.4.0-b34.jar
a33f0000-a3409000 r--s 000f4000 fc:01 775089                             /home/ubuntu/.local/lib/python3.6/site-packages/pyspark/jars/parquet-column-1.10.1.jar
a3409000-a340d000 r--s 00014000 fc:01 775088                             /home/ubuntu/.local/lib/python3.6/site-packages/pyspark/jars/parquet-common-1.10.1.jar
a340d000-a3441000 r--s 00277000 fc:01 775087                             /home/ubuntu/.local/lib/python3.6/site-packages/pyspark/jars/parquet-hadoop-bundle-1.6.0.jar
a3441000-a34fe000 r--s 0090a000 fc:01 775086                             /home/ubuntu/.local/lib/python3.6/site-packages/pyspark/jars/spark-catalyst_2.11-2.4.5.jar
a34fe000-a3500000 r--s 0000e000 fc:01 775085                             /home/ubuntu/.local/lib/python3.6/site-packages/pyspark/jars/hadoop-mapreduce-client-jobclient-2.7.3.jar
a3500000-a3600000 rw-p 00000000 00:00 0 
a3600000-a3601000 r--s 00006000 fc:01 775101                             /home/ubuntu/.local/lib/python3.6/site-packages/pyspark/jars/hadoop-client-2.7.3.jar
a3601000-a3630000 r--s 0021a000 fc:01 775084                             /home/ubuntu/.local/lib/python3.6/site-packages/pyspark/jars/spark-network-common_2.11-2.4.5.jar
a3630000-a3633000 r--s 0001e000 fc:01 775083                             /home/ubuntu/.local/lib/python3.6/site-packages/pyspark/jars/avro-ipc-1.8.2.jar
a3633000-a363a000 r--s 00053000 fc:01 775082                             /home/ubuntu/.local/lib/python3.6/site-packages/pyspark/jars/commons-compress-1.8.1.jar
a363a000-a363d000 r--s 00025000 fc:01 775081                             /home/ubuntu/.local/lib/python3.6/site-packages/pyspark/jars/commons-dbcp-1.4.jar
a363d000-a364a000 r--s 0009b000 fc:01 775080                             /home/ubuntu/.local/lib/python3.6/site-packages/pyspark/jars/kubernetes-client-4.6.1.jar
a364a000-a366b000 r--s 00177000 fc:01 775079                             /home/ubuntu/.local/lib/python3.6/site-packages/pyspark/jars/hppc-0.7.2.jar
a366b000-a367c000 r--s 0010c000 fc:01 775078                             /home/ubuntu/.local/lib/python3.6/site-packages/pyspark/jars/jackson-databind-2.6.7.3.jar
a367c000-a3680000 r--s 00028000 fc:01 775077                             /home/ubuntu/.local/lib/python3.6/site-packages/pyspark/jars/jetty-util-6.1.26.jar
a3680000-a3691000 r--s 00097000 fc:01 775076                             /home/ubuntu/.local/lib/python3.6/site-packages/pyspark/jars/spark-mesos_2.11-2.4.5.jar
a3691000-a3696000 r--s 00038000 fc:01 775075                             /home/ubuntu/.local/lib/python3.6/site-packages/pyspark/jars/commons-beanutils-1.9.4.jar
a3696000-a36aa000 r--s 000ec000 fc:01 775074                             /home/ubuntu/.local/lib/python3.6/site-packages/pyspark/jars/parquet-jackson-1.10.1.jar
a36aa000-a36ad000 r--s 00022000 fc:01 775073                             /home/ubuntu/.local/lib/python3.6/site-packages/pyspark/jars/stringtemplate-3.2.1.jar
a36ad000-a36b7000 r--s 0007b000 fc:01 775072                             /home/ubuntu/.local/lib/python3.6/site-packages/pyspark/jars/hadoop-mapreduce-client-app-2.7.3.jar
a36b7000-a36b9000 r--s 00003000 fc:01 775071                             /home/ubuntu/.local/lib/python3.6/site-packages/pyspark/jars/JavaEWAH-0.3.2.jar
a36b9000-a36c7000 r--s 000a3000 fc:01 775070                             /home/ubuntu/.local/lib/python3.6/site-packages/pyspark/jars/parquet-format-2.4.0.jar
a36c7000-a36ca000 r--s 00016000 fc:01 775069                             /home/ubuntu/.local/lib/python3.6/site-packages/pyspark/jars/jsp-api-2.1.jar
a36ca000-a36d1000 r--s 00058000 fc:01 775067                             /home/ubuntu/.local/lib/python3.6/site-packages/pyspark/jars/hadoop-yarn-server-common-2.7.3.jar
a36d1000-a3700000 r--s 001e4000 fc:01 775065                             /home/ubuntu/.local/lib/python3.6/site-packages/pyspark/jars/spark-streaming_2.11-2.4.5.jar
a3700000-a3800000 rw-p 00000000 00:00 0 
a3800000-a3801000 r--s 0000a000 fc:01 775091                             /home/ubuntu/.local/lib/python3.6/site-packages/pyspark/jars/apacheds-i18n-2.0.0-M15.jar
a3801000-a3803000 r--s 0000f000 fc:01 775068                             /home/ubuntu/.local/lib/python3.6/site-packages/pyspark/jars/activation-1.1.1.jar
a3803000-a3804000 r--s 00007000 fc:01 775066                             /home/ubuntu/.local/lib/python3.6/site-packages/pyspark/jars/jackson-module-jaxb-annotations-2.6.7.jar
a3804000-a381f000 r--s 0012e000 fc:01 775064                             /home/ubuntu/.local/lib/python3.6/site-packages/pyspark/jars/spark-hive_2.11-2.4.5.jar
a381f000-a382a000 r--s 000c5000 fc:01 775063                             /home/ubuntu/.local/lib/python3.6/site-packages/pyspark/jars/parquet-encoding-1.10.1.jar
a382a000-a3837000 r--s 000af000 fc:01 775062                             /home/ubuntu/.local/lib/python3.6/site-packages/pyspark/jars/httpclient-4.5.6.jar
a3837000-a383a000 r--s 00009000 fc:01 775061                             /home/ubuntu/.local/lib/python3.6/site-packages/pyspark/jars/jackson-annotations-2.6.7.jar
a383a000-a383c000 r--s 00012000 fc:01 775060                             /home/ubuntu/.local/lib/python3.6/site-packages/pyspark/jars/arrow-memory-0.10.0.jar
a383c000-a3852000 r--s 00124000 fc:01 775059                             /home/ubuntu/.local/lib/python3.6/site-packages/pyspark/jars/ivy-2.4.0.jar
a3852000-a3854000 r--s 00020000 fc:01 775058                             /home/ubuntu/.local/lib/python3.6/site-packages/pyspark/jars/hive-beeline-1.2.1.spark2.jar
a3854000-a3858000 r--s 00025000 fc:01 775057                             /home/ubuntu/.local/lib/python3.6/site-packages/pyspark/jars/jersey-client-2.22.2.jar
a3858000-a3859000 r--s 00001000 fc:01 775056                             /home/ubuntu/.local/lib/python3.6/site-packages/pyspark/jars/minlog-1.3.0.jar
a3859000-a385b000 r--s 00017000 fc:01 775055                             /home/ubuntu/.local/lib/python3.6/site-packages/pyspark/jars/hive-jdbc-1.2.1.spark2.jar
a385b000-a385d000 r--s 00008000 fc:01 775054                             /home/ubuntu/.local/lib/python3.6/site-packages/pyspark/jars/metrics-jvm-3.1.5.jar
a385d000-a385f000 r--s 00004000 fc:01 775053                             /home/ubuntu/.local/lib/python3.6/site-packages/pyspark/jars/metrics-graphite-3.1.5.jar
a385f000-a3860000 r--s 00004000 fc:01 775052                             /home/ubuntu/.local/lib/python3.6/site-packages/pyspark/jars/osgi-resource-locator-1.0.1.jar
a3860000-a3863000 r--s 00015000 fc:01 775051                             /home/ubuntu/.local/lib/python3.6/site-packages/pyspark/jars/commons-pool-1.5.4.jar
a3863000-a386e000 r--s 000b0000 fc:01 775050                             /home/ubuntu/.local/lib/python3.6/site-packages/pyspark/jars/jtransforms-2.4.0.jar
a386e000-a3871000 r--s 00058000 fc:01 775049                             /home/ubuntu/.local/lib/python3.6/site-packages/pyspark/jars/lz4-java-1.4.0.jar
a3871000-a3887000 r--s 000d3000 fc:01 775047                             /home/ubuntu/.local/lib/python3.6/site-packages/pyspark/jars/jersey-server-2.22.2.jar
a3887000-a3896000 r--s 0009f000 fc:01 775046                             /home/ubuntu/.local/lib/python3.6/site-packages/pyspark/jars/guice-3.0.jar
a3896000-a389e000 r--s 00059000 fc:01 775045                             /home/ubuntu/.local/lib/python3.6/site-packages/pyspark/jars/javolution-5.5.1.jar
a389e000-a38a1000 r--s 0000f000 fc:01 775044                             /home/ubuntu/.local/lib/python3.6/site-packages/pyspark/jars/spark-network-shuffle_2.11-2.4.5.jar
a38a1000-a38a7000 r--s 00034000 fc:01 775043                             /home/ubuntu/.local/lib/python3.6/site-packages/pyspark/jars/libthrift-0.9.3.jar
a38a7000-a38f4000 r--s 0041c000 fc:01 775042                             /home/ubuntu/.local/lib/python3.6/site-packages/pyspark/jars/scala-reflect-2.11.12.jar
a38f4000-a38f8000 r--s 0003e000 fc:01 775041                             /home/ubuntu/.local/lib/python3.6/site-packages/pyspark/jars/jline-2.14.6.jar
a38f8000-a38fe000 r--s 00045000 fc:01 775040                             /home/ubuntu/.local/lib/python3.6/site-packages/pyspark/jars/commons-httpclient-3.1.jar
a38fe000-a3900000 r--s 00007000 fc:01 775039                             /home/ubuntu/.local/lib/python3.6/site-packages/pyspark/jars/paranamer-2.8.jar
a3900000-a39fb000 rw-p 00000000 00:00 0 
a39fb000-a3a00000 ---p 00000000 00:00 0 
a3a00000-a3a07000 r--s 0007d000 fc:01 775038                             /home/ubuntu/.local/lib/python3.6/site-packages/pyspark/jars/jetty-6.1.26.jar
a3a07000-a3a0d000 r--s 00062000 fc:01 775037                             /home/ubuntu/.local/lib/python3.6/site-packages/pyspark/jars/okhttp-3.12.0.jar
a3a0d000-a3a1c000 r--s 00096000 fc:01 775034                             /home/ubuntu/.local/lib/python3.6/site-packages/pyspark/jars/spark-yarn_2.11-2.4.5.jar
a3a1c000-a3a2d000 r--s 00089000 fc:01 775031                             /home/ubuntu/.local/lib/python3.6/site-packages/pyspark/jars/joda-time-2.9.3.jar
a3a2d000-a3ad6000 r--s 00a4f000 fc:01 775030                             /home/ubuntu/.local/lib/python3.6/site-packages/pyspark/jars/hive-exec-1.2.1.spark2.jar
a3ad6000-a3aea000 r--s 0016b000 fc:01 775028                             /home/ubuntu/.local/lib/python3.6/site-packages/pyspark/jars/orc-core-1.5.5-nohive.jar
a3aea000-a3b00000 r--s 001a4000 fc:01 775027                             /home/ubuntu/.local/lib/python3.6/site-packages/pyspark/jars/datanucleus-rdbms-3.2.9.jar
a3b00000-a3bee000 rw-p 00000000 00:00 0 
a3bee000-a3c00000 ---p 00000000 00:00 0 
a3c00000-a3c01000 r--s 00002000 fc:01 775048                             /home/ubuntu/.local/lib/python3.6/site-packages/pyspark/jars/flatbuffers-1.2.0-3f79e055.jar
a3c01000-a3c0b000 r--s 0009a000 fc:01 775035                             /home/ubuntu/.local/lib/python3.6/site-packages/pyspark/jars/scala-xml_2.11-1.0.5.jar
a3c0b000-a3c0d000 r--s 00005000 fc:01 775033                             /home/ubuntu/.local/lib/python3.6/site-packages/pyspark/jars/stax-api-1.0.1.jar
a3c0d000-a3c12000 r--s 00035000 fc:01 775029                             /home/ubuntu/.local/lib/python3.6/site-packages/pyspark/jars/chill_2.11-0.9.3.jar
a3c12000-a3c16000 r--s 0002a000 fc:01 775026                             /home/ubuntu/.local/lib/python3.6/site-packages/pyspark/jars/commons-io-2.4.jar
a3c16000-a3d00000 r--s 009a3000 fc:01 775025                             /home/ubuntu/.local/lib/python3.6/site-packages/pyspark/jars/kubernetes-model-4.6.1.jar
a3d00000-a3e00000 rw-p 00000000 00:00 0 
a3e00000-a3e01000 r--s 00002000 fc:01 775036                             /home/ubuntu/.local/lib/python3.6/site-packages/pyspark/jars/slf4j-log4j12-1.7.16.jar
a3e01000-a3e02000 r--s 00003000 fc:01 775032                             /home/ubuntu/.local/lib/python3.6/site-packages/pyspark/jars/xmlenc-0.52.jar
a3e02000-a3e0f000 r--s 00077000 fc:01 775024                             /home/ubuntu/.local/lib/python3.6/site-packages/pyspark/jars/spark-kubernetes_2.11-2.4.5.jar
a3e0f000-a3e10000 r--s 00003000 fc:01 775023                             /home/ubuntu/.local/lib/python3.6/site-packages/pyspark/jars/jta-1.1.jar
a3e10000-a3e16000 r--s 0004c000 fc:01 775022                             /home/ubuntu/.local/lib/python3.6/site-packages/pyspark/jars/antlr4-runtime-4.7.jar
a3e16000-a3e19000 r--s 000fd000 fc:01 775021                             /home/ubuntu/.local/lib/python3.6/site-packages/pyspark/jars/leveldbjni-all-1.8.jar
a3e19000-a3e1c000 r--s 00028000 fc:01 775020                             /home/ubuntu/.local/lib/python3.6/site-packages/pyspark/jars/stream-2.7.0.jar
a3e1c000-a3e1e000 r--s 00002000 fc:01 775019                             /home/ubuntu/.local/lib/python3.6/site-packages/pyspark/jars/aopalliance-repackaged-2.4.0-b34.jar
a3e1e000-a3e1f000 r--s 00004000 fc:01 775018                             /home/ubuntu/.local/lib/python3.6/site-packages/pyspark/jars/opencsv-2.3.jar
a3e1f000-a3e20000 r--s 00000000 fc:01 775017                             /home/ubuntu/.local/lib/python3.6/site-packages/pyspark/jars/shims-0.7.45.jar
a3e20000-a3e24000 r--s 00025000 fc:01 775016                             /home/ubuntu/.local/lib/python3.6/site-packages/pyspark/jars/antlr-runtime-3.4.jar
a3e24000-a3e29000 r--s 00068000 fc:01 775014                             /home/ubuntu/.local/lib/python3.6/site-packages/pyspark/jars/antlr-2.7.7.jar
a3e29000-a3e2d000 r--s 0003c000 fc:01 775013                             /home/ubuntu/.local/lib/python3.6/site-packages/pyspark/jars/jackson-core-2.6.7.jar
a3e2d000-a3e31000 r--s 0000c000 fc:01 775009                             /home/ubuntu/.local/lib/python3.6/site-packages/pyspark/jars/validation-api-1.1.0.Final.jar
a3e31000-a3e49000 r--s 001b6000 fc:01 775008                             /home/ubuntu/.local/lib/python3.6/site-packages/pyspark/jars/datanucleus-core-3.2.10.jar
a3e49000-a3e52000 r--s 0006f000 fc:01 775007                             /home/ubuntu/.local/lib/python3.6/site-packages/pyspark/jars/log4j-1.2.17.jar
a3e52000-a3e98000 r--s 00317000 fc:01 774993                             /home/ubuntu/.local/lib/python3.6/site-packages/pyspark/jars/shapeless_2.11-2.3.2.jar
a3e98000-a3f2b000 r--s 00716000 fc:01 774986                             /home/ubuntu/.local/lib/python3.6/site-packages/pyspark/jars/spark-mllib_2.11-2.4.5.jar
a3f2b000-a3f2c000 ---p 00000000 00:00 0 
a3f2c000-a3fac000 rw-p 00000000 00:00 0 
a3fac000-a3faf000 ---p 00000000 00:00 0 
a3faf000-a3ffd000 rw-p 00000000 00:00 0 
a3ffd000-a3ffe000 ---p 00000000 00:00 0 
a3ffe000-a4001000 ---p 00000000 00:00 0 
a4001000-a407e000 rw-p 00000000 00:00 0 
a407e000-a407f000 ---p 00000000 00:00 0 
a407f000-a4082000 ---p 00000000 00:00 0 
a4082000-a40ff000 rw-p 00000000 00:00 0 
a40ff000-a4102000 ---p 00000000 00:00 0 
a4102000-a4150000 rw-p 00000000 00:00 0 
a4150000-a42c3000 r--p 00000000 fc:01 7803                               /usr/lib/locale/C.UTF-8/LC_COLLATE
a42c3000-a445e000 r--p 00000000 fc:01 7798                               /usr/lib/locale/locale-archive
a445e000-a4461000 ---p 00000000 00:00 0 
a4461000-a44af000 rw-p 00000000 00:00 0 
a44af000-a44b2000 ---p 00000000 00:00 0 
a44b2000-a4500000 rw-p 00000000 00:00 0 
a4500000-a45fa000 rw-p 00000000 00:00 0 
a45fa000-a4600000 ---p 00000000 00:00 0 
a4600000-a460b000 r--s 000bc000 fc:01 775006                             /home/ubuntu/.local/lib/python3.6/site-packages/pyspark/jars/orc-mapreduce-1.5.5-nohive.jar
a460b000-a460c000 ---p 00000000 00:00 0 
a460c000-a46db000 rw-p 00000000 00:00 0 
a46db000-a48b4000 r--s 03d29000 fc:01 259861                             /usr/lib/jvm/jdk1.8.0_101/jre/lib/rt.jar
a48b4000-a4cfa000 rw-p 00000000 00:00 0 
a4cfa000-a4d00000 ---p 00000000 00:00 0 
a4d00000-a7100000 rw-p 00000000 00:00 0 
a7100000-a71ff000 rw-p 00000000 00:00 0 
a71ff000-a7200000 ---p 00000000 00:00 0 
a7200000-a7201000 r--s 00006000 fc:01 775015                             /home/ubuntu/.local/lib/python3.6/site-packages/pyspark/jars/jackson-xc-1.9.13.jar
a7201000-a7203000 r--s 0000c000 fc:01 775012                             /home/ubuntu/.local/lib/python3.6/site-packages/pyspark/jars/spark-kvstore_2.11-2.4.5.jar
a7203000-a7224000 r--s 0019b000 fc:01 775003                             /home/ubuntu/.local/lib/python3.6/site-packages/pyspark/jars/spark-hive-thriftserver_2.11-2.4.5.jar
a7224000-a727f000 rw-p 00000000 00:00 0 
a727f000-a7280000 ---p 00000000 00:00 0 
a7280000-a7300000 rw-p 00000000 00:00 0 
a7300000-a739f000 rw-p 00000000 00:00 0 
a739f000-a7400000 ---p 00000000 00:00 0 
a7400000-a7403000 r--s 0000e000 fc:01 775010                             /home/ubuntu/.local/lib/python3.6/site-packages/pyspark/jars/jersey-container-servlet-core-2.22.2.jar
a7403000-a740b000 r--s 0007b000 fc:01 775001                             /home/ubuntu/.local/lib/python3.6/site-packages/pyspark/jars/protobuf-java-2.5.0.jar
a740b000-a7416000 r--s 00062000 fc:01 774999                             /home/ubuntu/.local/lib/python3.6/site-packages/pyspark/jars/calcite-linq4j-1.2.0-incubating.jar
a7416000-a7428000 r--s 00112000 fc:01 774998                             /home/ubuntu/.local/lib/python3.6/site-packages/pyspark/jars/arpack_combined_all-0.1.jar
a7428000-a7429000 ---p 00000000 00:00 0 
a7429000-a751f000 rw-p 00000000 00:00 0 
a751f000-a75ff000 ---p 00000000 00:00 0 
a75ff000-a7675000 rw-p 00000000 00:00 0 
a7675000-a7754000 ---p 00000000 00:00 0 
a7754000-a77ff000 rw-p 00000000 00:00 0 
a77ff000-b6340000 rw-p 00000000 00:00 0 
bc5a4000-bc740000 rw-p 00000000 00:00 0 
bc740000-d22c0000 ---p 00000000 00:00 0 
d22c0000-e7800000 rw-p 00000000 00:00 0 
e7800000-e7803000 r--s 00015000 fc:01 775005                             /home/ubuntu/.local/lib/python3.6/site-packages/pyspark/jars/pyrolite-4.13.jar
e7803000-e780f000 r--s 00068000 fc:01 774996                             /home/ubuntu/.local/lib/python3.6/site-packages/pyspark/jars/scala-parser-combinators_2.11-1.1.0.jar
e780f000-e7840000 r--p 00000000 fc:01 7804                               /usr/lib/locale/C.UTF-8/LC_CTYPE
e7840000-e7891000 rw-p 00000000 00:00 0 
e7891000-e7c00000 ---p 00000000 00:00 0 
e7c00000-e9020000 rwxp 00000000 00:00 0 
e9020000-f6c00000 ---p 00000000 00:00 0 
f6c00000-f6cf4000 rw-p 00000000 00:00 0 
f6cf4000-f6d00000 ---p 00000000 00:00 0 
f6d00000-f6d02000 r--s 0000a000 fc:01 775011                             /home/ubuntu/.local/lib/python3.6/site-packages/pyspark/jars/json4s-jackson_2.11-3.5.3.jar
f6d02000-f6d04000 r--s 0000d000 fc:01 775004                             /home/ubuntu/.local/lib/python3.6/site-packages/pyspark/jars/hadoop-yarn-server-web-proxy-2.7.3.jar
f6d04000-f6d06000 r--s 00009000 fc:01 775002                             /home/ubuntu/.local/lib/python3.6/site-packages/pyspark/jars/jackson-module-paranamer-2.7.9.jar
f6d06000-f6d0a000 r--s 00029000 fc:01 775000                             /home/ubuntu/.local/lib/python3.6/site-packages/pyspark/jars/spark-mllib-local_2.11-2.4.5.jar
f6d0a000-f6d0b000 r--s 00000000 fc:01 774997                             /home/ubuntu/.local/lib/python3.6/site-packages/pyspark/jars/macro-compat_2.11-1.1.1.jar
f6d0b000-f6d0d000 r--s 00002000 fc:01 774995                             /home/ubuntu/.local/lib/python3.6/site-packages/pyspark/jars/logging-interceptor-3.12.0.jar
f6d0d000-f6d1b000 r--s 000b1000 fc:01 774994                             /home/ubuntu/.local/lib/python3.6/site-packages/pyspark/jars/jackson-mapper-asl-1.9.13.jar
f6d1b000-f6d1c000 r--s 00004000 fc:01 774992                             /home/ubuntu/.local/lib/python3.6/site-packages/pyspark/jars/jackson-jaxrs-1.9.13.jar
f6d1c000-f6d1d000 r--s 00006000 fc:01 774991                             /home/ubuntu/.local/lib/python3.6/site-packages/pyspark/jars/orc-shims-1.5.5.jar
f6d1d000-f6d20000 r--s 00019000 fc:01 774990                             /home/ubuntu/.local/lib/python3.6/site-packages/pyspark/jars/bonecp-0.8.0.RELEASE.jar
f6d20000-f6d22000 r--s 00006000 fc:01 774989                             /home/ubuntu/.local/lib/python3.6/site-packages/pyspark/jars/spark-sketch_2.11-2.4.5.jar
f6d22000-f6d27000 r--s 00041000 fc:01 774988                             /home/ubuntu/.local/lib/python3.6/site-packages/pyspark/jars/parquet-hadoop-1.10.1.jar
f6d27000-f6d2b000 r--s 00035000 fc:01 774987                             /home/ubuntu/.local/lib/python3.6/site-packages/pyspark/jars/jackson-core-asl-1.9.13.jar
f6d2b000-f6d2d000 r--s 00000000 fc:01 774985                             /home/ubuntu/.local/lib/python3.6/site-packages/pyspark/jars/aopalliance-1.0.jar
f6d2d000-f6d2e000 r--p 00000000 fc:01 7809                               /usr/lib/locale/C.UTF-8/LC_NUMERIC
f6d2e000-f6d2f000 r--p 00000000 fc:01 7812                               /usr/lib/locale/C.UTF-8/LC_TIME
f6d2f000-f6d30000 r--p 00000000 fc:01 7807                               /usr/lib/locale/C.UTF-8/LC_MONETARY
f6d30000-f6d31000 r--p 00000000 fc:01 7801                               /usr/lib/locale/C.UTF-8/LC_MESSAGES/SYS_LC_MESSAGES
f6d31000-f6d32000 r--p 00000000 fc:01 7810                               /usr/lib/locale/C.UTF-8/LC_PAPER
f6d32000-f6d4a000 rw-p 00000000 00:00 0 
f6d4a000-f6d63000 r-xp 00000000 fc:01 259814                             /usr/lib/jvm/jdk1.8.0_101/jre/lib/i386/libzip.so
f6d63000-f6d64000 rw-p 00019000 fc:01 259814                             /usr/lib/jvm/jdk1.8.0_101/jre/lib/i386/libzip.so
f6d64000-f6d6c000 rw-s 00000000 fc:01 269399                             /tmp/hsperfdata_ubuntu/28449
f6d6c000-f6d78000 r-xp 00000000 fc:01 1032207                            /lib32/libnss_files-2.27.so
f6d78000-f6d79000 r--p 0000b000 fc:01 1032207                            /lib32/libnss_files-2.27.so
f6d79000-f6d7a000 rw-p 0000c000 fc:01 1032207                            /lib32/libnss_files-2.27.so
f6d7a000-f6d80000 rw-p 00000000 00:00 0 
f6d80000-f6d96000 r-xp 00000000 fc:01 1032204                            /lib32/libnsl-2.27.so
f6d96000-f6d97000 ---p 00016000 fc:01 1032204                            /lib32/libnsl-2.27.so
f6d97000-f6d98000 r--p 00016000 fc:01 1032204                            /lib32/libnsl-2.27.so
f6d98000-f6d99000 rw-p 00017000 fc:01 1032204                            /lib32/libnsl-2.27.so
f6d99000-f6d9b000 rw-p 00000000 00:00 0 
f6d9b000-f6da7000 r-xp 00000000 fc:01 1032209                            /lib32/libnss_nis-2.27.so
f6da7000-f6da8000 r--p 0000b000 fc:01 1032209                            /lib32/libnss_nis-2.27.so
f6da8000-f6da9000 rw-p 0000c000 fc:01 1032209                            /lib32/libnss_nis-2.27.so
f6da9000-f6db1000 r-xp 00000000 fc:01 1032205                            /lib32/libnss_compat-2.27.so
f6db1000-f6db2000 r--p 00007000 fc:01 1032205                            /lib32/libnss_compat-2.27.so
f6db2000-f6db3000 rw-p 00008000 fc:01 1032205                            /lib32/libnss_compat-2.27.so
f6db3000-f6dba000 r--s 00000000 fc:01 269669                             /usr/lib32/gconv/gconv-modules.cache
f6dba000-f6dde000 r-xp 00000000 fc:01 259809                             /usr/lib/jvm/jdk1.8.0_101/jre/lib/i386/libjava.so
f6dde000-f6ddf000 rw-p 00023000 fc:01 259809                             /usr/lib/jvm/jdk1.8.0_101/jre/lib/i386/libjava.so
f6ddf000-f6dea000 r-xp 00000000 fc:01 259760                             /usr/lib/jvm/jdk1.8.0_101/jre/lib/i386/libverify.so
f6dea000-f6deb000 rw-p 0000b000 fc:01 259760                             /usr/lib/jvm/jdk1.8.0_101/jre/lib/i386/libverify.so
f6deb000-f6df3000 r-xp 00000000 fc:01 1032214                            /lib32/librt-2.27.so
f6df3000-f6df4000 r--p 00007000 fc:01 1032214                            /lib32/librt-2.27.so
f6df4000-f6df5000 rw-p 00008000 fc:01 1032214                            /lib32/librt-2.27.so
f6df5000-f6df6000 ---p 00000000 00:00 0 
f6df6000-f6df9000 ---p 00000000 00:00 0 
f6df9000-f6e46000 rw-p 00000000 00:00 0 
f6e46000-f6f0f000 r-xp 00000000 fc:01 1032202                            /lib32/libm-2.27.so
f6f0f000-f6f10000 r--p 000c8000 fc:01 1032202                            /lib32/libm-2.27.so
f6f10000-f6f11000 rw-p 000c9000 fc:01 1032202                            /lib32/libm-2.27.so
f6f11000-f789a000 r-xp 00000000 fc:01 259794                             /usr/lib/jvm/jdk1.8.0_101/jre/lib/i386/server/libjvm.so
f789a000-f7907000 rw-p 00989000 fc:01 259794                             /usr/lib/jvm/jdk1.8.0_101/jre/lib/i386/server/libjvm.so
f7907000-f7d31000 rw-p 00000000 00:00 0 
f7d31000-f7f03000 r-xp 00000000 fc:01 1032198                            /lib32/libc-2.27.so
f7f03000-f7f04000 ---p 001d2000 fc:01 1032198                            /lib32/libc-2.27.so
f7f04000-f7f06000 r--p 001d2000 fc:01 1032198                            /lib32/libc-2.27.so
f7f06000-f7f07000 rw-p 001d4000 fc:01 1032198                            /lib32/libc-2.27.so
f7f07000-f7f0a000 rw-p 00000000 00:00 0 
f7f0a000-f7f0d000 r-xp 00000000 fc:01 1032201                            /lib32/libdl-2.27.so
f7f0d000-f7f0e000 r--p 00002000 fc:01 1032201                            /lib32/libdl-2.27.so
f7f0e000-f7f0f000 rw-p 00003000 fc:01 1032201                            /lib32/libdl-2.27.so
f7f0f000-f7f23000 r-xp 00000000 fc:01 258198                             /usr/lib/jvm/jdk1.8.0_101/lib/i386/jli/libjli.so
f7f23000-f7f24000 rw-p 00014000 fc:01 258198                             /usr/lib/jvm/jdk1.8.0_101/lib/i386/jli/libjli.so
f7f24000-f7f3f000 r-xp 00000000 fc:01 1032212                            /lib32/libpthread-2.27.so
f7f3f000-f7f40000 r--p 0001a000 fc:01 1032212                            /lib32/libpthread-2.27.so
f7f40000-f7f41000 rw-p 0001b000 fc:01 1032212                            /lib32/libpthread-2.27.so
f7f41000-f7f43000 rw-p 00000000 00:00 0 
f7f43000-f7f44000 r--p 00000000 fc:01 7808                               /usr/lib/locale/C.UTF-8/LC_NAME
f7f44000-f7f45000 r--p 00000000 fc:01 7802                               /usr/lib/locale/C.UTF-8/LC_ADDRESS
f7f45000-f7f46000 r--p 00000000 fc:01 7811                               /usr/lib/locale/C.UTF-8/LC_TELEPHONE
f7f46000-f7f47000 r--p 00000000 fc:01 7806                               /usr/lib/locale/C.UTF-8/LC_MEASUREMENT
f7f47000-f7f48000 r--p 00000000 fc:01 7805                               /usr/lib/locale/C.UTF-8/LC_IDENTIFICATION
f7f48000-f7f49000 rw-p 00000000 00:00 0 
f7f49000-f7f4a000 ---p 00000000 00:00 0 
f7f4a000-f7f4c000 rw-p 00000000 00:00 0 
f7f4c000-f7f4f000 r--p 00000000 00:00 0                                  [vvar]
f7f4f000-f7f51000 r-xp 00000000 00:00 0                                  [vdso]
f7f51000-f7f77000 r-xp 00000000 fc:01 1032194                            /lib32/ld-2.27.so
f7f77000-f7f78000 r--p 00025000 fc:01 1032194                            /lib32/ld-2.27.so
f7f78000-f7f79000 rw-p 00026000 fc:01 1032194                            /lib32/ld-2.27.so
ffcd0000-ffcf1000 rw-p 00000000 00:00 0                                  [stack]

VM Arguments:
jvm_args: -Xmx1g 
java_command: org.apache.spark.deploy.SparkSubmit --conf spark.master=spark://192.168.2.81:7077 --conf spark.app.name=nucleotide_div_alva --conf spark.shuffle.service.enabled=False --conf spark.executor.cores=2 --conf spark.dynamicAllocation.executorIdleTimeout=30s --conf spark.dynamicAllocation.enabled=False pyspark-shell
java_class_path (initial): /home/ubuntu/.local/lib/python3.6/site-packages/pyspark/conf:/home/ubuntu/.local/lib/python3.6/site-packages/pyspark/jars/aopalliance-1.0.jar:/home/ubuntu/.local/lib/python3.6/site-packages/pyspark/jars/spark-mllib_2.11-2.4.5.jar:/home/ubuntu/.local/lib/python3.6/site-packages/pyspark/jars/jackson-core-asl-1.9.13.jar:/home/ubuntu/.local/lib/python3.6/site-packages/pyspark/jars/parquet-hadoop-1.10.1.jar:/home/ubuntu/.local/lib/python3.6/site-packages/pyspark/jars/spark-sketch_2.11-2.4.5.jar:/home/ubuntu/.local/lib/python3.6/site-packages/pyspark/jars/bonecp-0.8.0.RELEASE.jar:/home/ubuntu/.local/lib/python3.6/site-packages/pyspark/jars/orc-shims-1.5.5.jar:/home/ubuntu/.local/lib/python3.6/site-packages/pyspark/jars/jackson-jaxrs-1.9.13.jar:/home/ubuntu/.local/lib/python3.6/site-packages/pyspark/jars/shapeless_2.11-2.3.2.jar:/home/ubuntu/.local/lib/python3.6/site-packages/pyspark/jars/jackson-mapper-asl-1.9.13.jar:/home/ubuntu/.local/lib/python3.6/site-packages/pyspark/jars/logging-interceptor-3.12.0.jar:/home/ubuntu/.local/lib/python3.6/site-packages/pyspark/jars/scala-parser-combinators_2.11-1.1.0.jar:/home/ubuntu/.local/lib/python3.6/site-packages/pyspark/jars/macro-compat_2.11-1.1.1.jar:/home/ubuntu/.local/lib/python3.6/site-packages/pyspark/jars/arpack_combined_all-0.1.jar:/home/ubuntu/.local/lib/python3.6/site-packages/pyspark/jars/calcite-linq4j-1.2.0-incubating.jar:/home/ubuntu/.local/lib/python3.6/site-packages/pyspark/jars/spark-mllib-local_2.11-2.4.5.jar:/home/ubuntu/.local/lib/python3.6/site-packages/pyspark/jars/protobuf-java-2.5.0.jar:/home/ubuntu/.local/lib/python3.6/site-packages/pyspark/jars/jackson-module-paranamer-2.7.9.jar:/home/ubuntu/.local/lib/python3.6/site-packages/pyspark/jars/spark-hive-thriftserver_2.11-2.4.5.jar:/home/ubuntu/.local/lib/python3.6/site-packages/pyspark/jars/hadoop-yarn-server-web-proxy-2.7.3.jar:/home/ubuntu/.local/lib/python3.6/site-packages/pyspark/jars/pyrolite-4.13.jar:/home/ubuntu/.local/lib/
Launcher Type: SUN_STANDARD

Environment Variables:
JAVA_HOME=/usr/lib/jvm/jdk1.8.0_101
PATH=/usr/bin:/home/ubuntu/.local/bin:/usr/lib/jvm/jdk1.8.0_101/bin:/usr/local/sbin:/usr/local/bin:/usr/sbin:/usr/bin:/sbin:/bin:/usr/games:/usr/local/games:/snap/bin:/home/ubuntu/hadoop-2.7.3/bin:/usr/local/scala/bin:/usr/local/spark/bin
SHELL=/bin/bash

Signal Handlers:
SIGSEGV: [libjvm.so+0x8d4e30], sa_mask[0]=11111111011111111101111111111110, sa_flags=SA_RESTART|SA_SIGINFO
SIGBUS: [libjvm.so+0x8d4e30], sa_mask[0]=11111111011111111101111111111110, sa_flags=SA_RESTART|SA_SIGINFO
SIGFPE: [libjvm.so+0x753000], sa_mask[0]=11111111011111111101111111111110, sa_flags=SA_RESTART|SA_SIGINFO
SIGPIPE: [libjvm.so+0x753000], sa_mask[0]=11111111011111111101111111111110, sa_flags=SA_RESTART|SA_SIGINFO
SIGXFSZ: [libjvm.so+0x753000], sa_mask[0]=11111111011111111101111111111110, sa_flags=SA_RESTART|SA_SIGINFO
SIGILL: [libjvm.so+0x753000], sa_mask[0]=11111111011111111101111111111110, sa_flags=SA_RESTART|SA_SIGINFO
SIGUSR1: SIG_DFL, sa_mask[0]=00000000000000000000000000000000, sa_flags=none
SIGUSR2: [libjvm.so+0x754680], sa_mask[0]=00000000000000000000000000000000, sa_flags=SA_RESTART|SA_SIGINFO
SIGHUP: [libjvm.so+0x755b30], sa_mask[0]=11111111011111111101111111111110, sa_flags=SA_RESTART|SA_SIGINFO
SIGINT: SIG_IGN, sa_mask[0]=00000000000000000000000000000000, sa_flags=none
SIGTERM: [libjvm.so+0x755b30], sa_mask[0]=11111111011111111101111111111110, sa_flags=SA_RESTART|SA_SIGINFO
SIGQUIT: [libjvm.so+0x755b30], sa_mask[0]=11111111011111111101111111111110, sa_flags=SA_RESTART|SA_SIGINFO


---------------  S Y S T E M  ---------------

OS:DISTRIB_ID=Ubuntu
DISTRIB_RELEASE=18.04
DISTRIB_CODENAME=bionic
DISTRIB_DESCRIPTION="Ubuntu 18.04.4 LTS"

uname:Linux 4.15.0-88-generic #88-Ubuntu SMP Tue Feb 11 20:11:34 UTC 2020 x86_64
libc:glibc 2.27 NPTL 2.27 
rlimit: STACK 8192k, CORE 0k, NPROC 15678, NOFILE 1048576, AS infinity
load average:0.11 0.16 0.09

/proc/meminfo:
MemTotal:        4039172 kB
MemFree:          113464 kB
MemAvailable:       7492 kB
Buffers:             192 kB
Cached:             4016 kB
SwapCached:            0 kB
Active:          3800624 kB
Inactive:           2836 kB
Active(anon):    3799820 kB
Inactive(anon):      500 kB
Active(file):        804 kB
Inactive(file):     2336 kB
Unevictable:           0 kB
Mlocked:               0 kB
SwapTotal:             0 kB
SwapFree:              0 kB
Dirty:               152 kB
Writeback:             0 kB
AnonPages:       3799388 kB
Mapped:             1904 kB
Shmem:               932 kB
Slab:              67464 kB
SReclaimable:      26024 kB
SUnreclaim:        41440 kB
KernelStack:       11376 kB
PageTables:        16920 kB
NFS_Unstable:          0 kB
Bounce:                0 kB
WritebackTmp:          0 kB
CommitLimit:     2019584 kB
Committed_AS:    6417208 kB
VmallocTotal:   34359738367 kB
VmallocUsed:           0 kB
VmallocChunk:          0 kB
HardwareCorrupted:     0 kB
AnonHugePages:         0 kB
ShmemHugePages:        0 kB
ShmemPmdMapped:        0 kB
CmaTotal:              0 kB
CmaFree:               0 kB
HugePages_Total:       0
HugePages_Free:        0
HugePages_Rsvd:        0
HugePages_Surp:        0
Hugepagesize:       2048 kB
DirectMap4k:      139120 kB
DirectMap2M:     4055040 kB
DirectMap1G:     2097152 kB


CPU:total 2 (1 cores per cpu, 1 threads per core) family 6 model 42 stepping 1, cmov, cx8, fxsr, mmx, sse, sse2, sse3, ssse3, sse4.1, sse4.2, popcnt, avx, aes, clmul, tsc

/proc/cpuinfo:
processor	: 0
vendor_id	: GenuineIntel
cpu family	: 6
model		: 42
model name	: Intel Xeon E312xx (Sandy Bridge, IBRS update)
stepping	: 1
microcode	: 0x1
cpu MHz		: 2194.498
cache size	: 16384 KB
physical id	: 0
siblings	: 1
core id		: 0
cpu cores	: 1
apicid		: 0
initial apicid	: 0
fpu		: yes
fpu_exception	: yes
cpuid level	: 13
wp		: yes
flags		: fpu vme de pse tsc msr pae mce cx8 apic sep mtrr pge mca cmov pat pse36 clflush mmx fxsr sse sse2 ss syscall nx pdpe1gb rdtscp lm constant_tsc rep_good nopl xtopology cpuid tsc_known_freq pni pclmulqdq vmx ssse3 cx16 pcid sse4_1 sse4_2 x2apic popcnt tsc_deadline_timer aes xsave avx hypervisor lahf_lm cpuid_fault pti ssbd ibrs ibpb tpr_shadow vnmi flexpriority ept vpid tsc_adjust xsaveopt arat md_clear
bugs		: cpu_meltdown spectre_v1 spectre_v2 spec_store_bypass l1tf mds swapgs itlb_multihit
bogomips	: 4388.99
clflush size	: 64
cache_alignment	: 64
address sizes	: 40 bits physical, 48 bits virtual
power management:

processor	: 1
vendor_id	: GenuineIntel
cpu family	: 6
model		: 42
model name	: Intel Xeon E312xx (Sandy Bridge, IBRS update)
stepping	: 1
microcode	: 0x1
cpu MHz		: 2194.498
cache size	: 16384 KB
physical id	: 1
siblings	: 1
core id		: 0
cpu cores	: 1
apicid		: 1
initial apicid	: 1
fpu		: yes
fpu_exception	: yes
cpuid level	: 13
wp		: yes
flags		: fpu vme de pse tsc msr pae mce cx8 apic sep mtrr pge mca cmov pat pse36 clflush mmx fxsr sse sse2 ss syscall nx pdpe1gb rdtscp lm constant_tsc rep_good nopl xtopology cpuid tsc_known_freq pni pclmulqdq vmx ssse3 cx16 pcid sse4_1 sse4_2 x2apic popcnt tsc_deadline_timer aes xsave avx hypervisor lahf_lm cpuid_fault pti ssbd ibrs ibpb tpr_shadow vnmi flexpriority ept vpid tsc_adjust xsaveopt arat md_clear
bugs		: cpu_meltdown spectre_v1 spectre_v2 spec_store_bypass l1tf mds swapgs itlb_multihit
bogomips	: 4388.99
clflush size	: 64
cache_alignment	: 64
address sizes	: 40 bits physical, 48 bits virtual
power management:



Memory: 4k page, physical 4039172k(113464k free), swap 0k(0k free)

vm_info: Java HotSpot(TM) Server VM (25.101-b13) for linux-x86 JRE (1.8.0_101-b13), built on Jun 22 2016 02:31:35 by "java_re" with gcc 4.3.0 20080428 (Red Hat 4.3.0-8)

time: Fri Jun  5 15:53:12 2020
elapsed time: 396 seconds (0d 0h 6m 36s)

