#
# There is insufficient memory for the Java Runtime Environment to continue.
# Native memory allocation (mmap) failed to map 43515904 bytes for committing reserved memory.
# Possible reasons:
#   The system is out of physical RAM or swap space
#   In 32 bit mode, the process size limit was hit
# Possible solutions:
#   Reduce memory load on the system
#   Increase physical memory or swap space
#   Check if swap backing store is full
#   Use 64 bit Java on a 64 bit OS
#   Decrease Java heap size (-Xmx/-Xms)
#   Decrease number of Java threads
#   Decrease Java thread stack sizes (-Xss)
#   Set larger code cache with -XX:ReservedCodeCacheSize=
# This output file may be truncated or incomplete.
#
#  Out of Memory Error (os_linux.cpp:2627), pid=18149, tid=0xf6e7cb40
#
# JRE version:  (8.0_101-b13) (build )
# Java VM: Java HotSpot(TM) Server VM (25.101-b13 mixed mode linux-x86 )
# Failed to write core dump. Core dumps have been disabled. To enable core dumping, try "ulimit -c unlimited" before starting Java again
#

---------------  T H R E A D  ---------------

Current thread (0xf6d11800):  JavaThread "Unknown thread" [_thread_in_vm, id=18150, stack(0xf6e2d000,0xf6e7d000)]

Stack: [0xf6e2d000,0xf6e7d000],  sp=0xf6e7bb20,  free space=314k
Native frames: (J=compiled Java code, j=interpreted, Vv=VM code, C=native code)
V  [libjvm.so+0x8d431f]  VMError::report_and_die()+0x16f
V  [libjvm.so+0x38ddb5]  report_vm_out_of_memory(char const*, int, unsigned int, VMErrorType, char const*)+0x55
V  [libjvm.so+0x756326]  os::Linux::commit_memory_impl(char*, unsigned int, bool)+0xe6
V  [libjvm.so+0x7567f8]  os::pd_commit_memory(char*, unsigned int, unsigned int, bool)+0x28
V  [libjvm.so+0x75071c]  os::commit_memory(char*, unsigned int, unsigned int, bool)+0x2c
V  [libjvm.so+0x7bb9c8]  PSVirtualSpace::expand_by(unsigned int)+0x48
V  [libjvm.so+0x7ae3bb]  PSOldGen::initialize(ReservedSpace, unsigned int, char const*, int)+0x8b
V  [libjvm.so+0x1a5db7]  AdjoiningGenerations::AdjoiningGenerations(ReservedSpace, GenerationSizer*, unsigned int)+0x2e7
V  [libjvm.so+0x77765f]  ParallelScavengeHeap::initialize()+0x19f
V  [libjvm.so+0x89f17d]  Universe::initialize_heap()+0xcd
V  [libjvm.so+0x89f4b3]  universe_init()+0x23
V  [libjvm.so+0x4c4b05]  init_globals()+0x55
V  [libjvm.so+0x8845eb]  Threads::create_vm(JavaVMInitArgs*, bool*)+0x24b
V  [libjvm.so+0x53f90c]  JNI_CreateJavaVM+0x5c
C  [libjli.so+0x6e28]  JavaMain+0x98
C  [libpthread.so.0+0x63a6]  start_thread+0xf6
C  [libc.so.6+0xf7396]  clone+0x66


---------------  P R O C E S S  ---------------

Java Threads: ( => current thread )

Other Threads:

=>0xf6d11800 (exited) JavaThread "Unknown thread" [_thread_in_vm, id=18150, stack(0xf6e2d000,0xf6e7d000)]

VM state:not at safepoint (not fully initialized)

VM Mutex/Monitor currently owned by a thread: None

GC Heap History (0 events):
No events

Deoptimization events (0 events):
No events

Internal exceptions (0 events):
No events

Events (0 events):
No events


Dynamic libraries:
08048000-08049000 r-xp 00000000 fc:01 259515                             /usr/lib/jvm/jdk1.8.0_101/bin/java
08049000-0804a000 rw-p 00000000 fc:01 259515                             /usr/lib/jvm/jdk1.8.0_101/bin/java
085e4000-08606000 rw-p 00000000 00:00 0                                  [heap]
e1f2d000-e2180000 rw-p 00000000 00:00 0 
e2180000-e4d80000 ---p 00000000 00:00 0 
e4d80000-e6200000 rw-p 00000000 00:00 0 
e6200000-e7800000 ---p 00000000 00:00 0 
e787b000-e78a5000 ---p 00000000 00:00 0 
e78a5000-e78b0000 rw-p 00000000 00:00 0 
e78b0000-e78bb000 ---p 00000000 00:00 0 
e78bb000-e78c5000 rw-p 00000000 00:00 0 
e78c5000-e7c7c000 ---p 00000000 00:00 0 
e7c7c000-e7ebc000 rwxp 00000000 00:00 0 
e7ebc000-f6c7c000 ---p 00000000 00:00 0 
f6c7c000-f6c95000 r-xp 00000000 fc:01 259814                             /usr/lib/jvm/jdk1.8.0_101/jre/lib/i386/libzip.so
f6c95000-f6c96000 rw-p 00019000 fc:01 259814                             /usr/lib/jvm/jdk1.8.0_101/jre/lib/i386/libzip.so
f6c96000-f6c9e000 rw-s 00000000 fc:01 269380                             /tmp/hsperfdata_ubuntu/18149
f6c9e000-f6caa000 r-xp 00000000 fc:01 1032207                            /lib32/libnss_files-2.27.so
f6caa000-f6cab000 r--p 0000b000 fc:01 1032207                            /lib32/libnss_files-2.27.so
f6cab000-f6cac000 rw-p 0000c000 fc:01 1032207                            /lib32/libnss_files-2.27.so
f6cac000-f6cb2000 rw-p 00000000 00:00 0 
f6cb2000-f6cc8000 r-xp 00000000 fc:01 1032204                            /lib32/libnsl-2.27.so
f6cc8000-f6cc9000 ---p 00016000 fc:01 1032204                            /lib32/libnsl-2.27.so
f6cc9000-f6cca000 r--p 00016000 fc:01 1032204                            /lib32/libnsl-2.27.so
f6cca000-f6ccb000 rw-p 00017000 fc:01 1032204                            /lib32/libnsl-2.27.so
f6ccb000-f6ccd000 rw-p 00000000 00:00 0 
f6ccd000-f6cd9000 r-xp 00000000 fc:01 1032209                            /lib32/libnss_nis-2.27.so
f6cd9000-f6cda000 r--p 0000b000 fc:01 1032209                            /lib32/libnss_nis-2.27.so
f6cda000-f6cdb000 rw-p 0000c000 fc:01 1032209                            /lib32/libnss_nis-2.27.so
f6cdb000-f6cff000 r-xp 00000000 fc:01 259809                             /usr/lib/jvm/jdk1.8.0_101/jre/lib/i386/libjava.so
f6cff000-f6d00000 rw-p 00023000 fc:01 259809                             /usr/lib/jvm/jdk1.8.0_101/jre/lib/i386/libjava.so
f6d00000-f6d2f000 rw-p 00000000 00:00 0 
f6d2f000-f6e00000 ---p 00000000 00:00 0 
f6e05000-f6e0d000 r-xp 00000000 fc:01 1032205                            /lib32/libnss_compat-2.27.so
f6e0d000-f6e0e000 r--p 00007000 fc:01 1032205                            /lib32/libnss_compat-2.27.so
f6e0e000-f6e0f000 rw-p 00008000 fc:01 1032205                            /lib32/libnss_compat-2.27.so
f6e16000-f6e21000 r-xp 00000000 fc:01 259760                             /usr/lib/jvm/jdk1.8.0_101/jre/lib/i386/libverify.so
f6e21000-f6e22000 rw-p 0000b000 fc:01 259760                             /usr/lib/jvm/jdk1.8.0_101/jre/lib/i386/libverify.so
f6e22000-f6e2a000 r-xp 00000000 fc:01 1032214                            /lib32/librt-2.27.so
f6e2a000-f6e2b000 r--p 00007000 fc:01 1032214                            /lib32/librt-2.27.so
f6e2b000-f6e2c000 rw-p 00008000 fc:01 1032214                            /lib32/librt-2.27.so
f6e2c000-f6e2d000 ---p 00000000 00:00 0 
f6e2d000-f6e30000 ---p 00000000 00:00 0 
f6e30000-f6e7d000 rw-p 00000000 00:00 0 
f6e7d000-f6f46000 r-xp 00000000 fc:01 1032202                            /lib32/libm-2.27.so
f6f46000-f6f47000 r--p 000c8000 fc:01 1032202                            /lib32/libm-2.27.so
f6f47000-f6f48000 rw-p 000c9000 fc:01 1032202                            /lib32/libm-2.27.so
f6f48000-f78d1000 r-xp 00000000 fc:01 259794                             /usr/lib/jvm/jdk1.8.0_101/jre/lib/i386/server/libjvm.so
f78d1000-f793e000 rw-p 00989000 fc:01 259794                             /usr/lib/jvm/jdk1.8.0_101/jre/lib/i386/server/libjvm.so
f793e000-f7d68000 rw-p 00000000 00:00 0 
f7d68000-f7f3a000 r-xp 00000000 fc:01 1032198                            /lib32/libc-2.27.so
f7f3a000-f7f3b000 ---p 001d2000 fc:01 1032198                            /lib32/libc-2.27.so
f7f3b000-f7f3d000 r--p 001d2000 fc:01 1032198                            /lib32/libc-2.27.so
f7f3d000-f7f3e000 rw-p 001d4000 fc:01 1032198                            /lib32/libc-2.27.so
f7f3e000-f7f41000 rw-p 00000000 00:00 0 
f7f41000-f7f44000 r-xp 00000000 fc:01 1032201                            /lib32/libdl-2.27.so
f7f44000-f7f45000 r--p 00002000 fc:01 1032201                            /lib32/libdl-2.27.so
f7f45000-f7f46000 rw-p 00003000 fc:01 1032201                            /lib32/libdl-2.27.so
f7f46000-f7f5a000 r-xp 00000000 fc:01 258198                             /usr/lib/jvm/jdk1.8.0_101/lib/i386/jli/libjli.so
f7f5a000-f7f5b000 rw-p 00014000 fc:01 258198                             /usr/lib/jvm/jdk1.8.0_101/lib/i386/jli/libjli.so
f7f5b000-f7f76000 r-xp 00000000 fc:01 1032212                            /lib32/libpthread-2.27.so
f7f76000-f7f77000 r--p 0001a000 fc:01 1032212                            /lib32/libpthread-2.27.so
f7f77000-f7f78000 rw-p 0001b000 fc:01 1032212                            /lib32/libpthread-2.27.so
f7f78000-f7f7a000 rw-p 00000000 00:00 0 
f7f7f000-f7f80000 rw-p 00000000 00:00 0 
f7f80000-f7f81000 r--p 00000000 00:00 0 
f7f81000-f7f83000 rw-p 00000000 00:00 0 
f7f83000-f7f86000 r--p 00000000 00:00 0                                  [vvar]
f7f86000-f7f88000 r-xp 00000000 00:00 0                                  [vdso]
f7f88000-f7fae000 r-xp 00000000 fc:01 1032194                            /lib32/ld-2.27.so
f7fae000-f7faf000 r--p 00025000 fc:01 1032194                            /lib32/ld-2.27.so
f7faf000-f7fb0000 rw-p 00026000 fc:01 1032194                            /lib32/ld-2.27.so
ffb51000-ffb72000 rw-p 00000000 00:00 0                                  [stack]

VM Arguments:
jvm_args: -Xmx128m 
java_command: org.apache.spark.launcher.Main org.apache.spark.deploy.SparkSubmit --conf spark.master=spark://192.168.2.81:7077 --conf spark.app.name=nucleotide_div --conf spark.dynamicAllocation.enabled=False --conf spark.shuffle.service.enabled=False --conf spark.dynamicAllocation.executorIdleTimeout=30s --conf spark.executor.cores=2 pyspark-shell
java_class_path (initial): /home/ubuntu/.local/lib/python3.6/site-packages/pyspark/jars/aopalliance-1.0.jar:/home/ubuntu/.local/lib/python3.6/site-packages/pyspark/jars/spark-mllib_2.11-2.4.5.jar:/home/ubuntu/.local/lib/python3.6/site-packages/pyspark/jars/jackson-core-asl-1.9.13.jar:/home/ubuntu/.local/lib/python3.6/site-packages/pyspark/jars/parquet-hadoop-1.10.1.jar:/home/ubuntu/.local/lib/python3.6/site-packages/pyspark/jars/spark-sketch_2.11-2.4.5.jar:/home/ubuntu/.local/lib/python3.6/site-packages/pyspark/jars/bonecp-0.8.0.RELEASE.jar:/home/ubuntu/.local/lib/python3.6/site-packages/pyspark/jars/orc-shims-1.5.5.jar:/home/ubuntu/.local/lib/python3.6/site-packages/pyspark/jars/jackson-jaxrs-1.9.13.jar:/home/ubuntu/.local/lib/python3.6/site-packages/pyspark/jars/shapeless_2.11-2.3.2.jar:/home/ubuntu/.local/lib/python3.6/site-packages/pyspark/jars/jackson-mapper-asl-1.9.13.jar:/home/ubuntu/.local/lib/python3.6/site-packages/pyspark/jars/logging-interceptor-3.12.0.jar:/home/ubuntu/.local/lib/python3.6/site-packages/pyspark/jars/scala-parser-combinators_2.11-1.1.0.jar:/home/ubuntu/.local/lib/python3.6/site-packages/pyspark/jars/macro-compat_2.11-1.1.1.jar:/home/ubuntu/.local/lib/python3.6/site-packages/pyspark/jars/arpack_combined_all-0.1.jar:/home/ubuntu/.local/lib/python3.6/site-packages/pyspark/jars/calcite-linq4j-1.2.0-incubating.jar:/home/ubuntu/.local/lib/python3.6/site-packages/pyspark/jars/spark-mllib-local_2.11-2.4.5.jar:/home/ubuntu/.local/lib/python3.6/site-packages/pyspark/jars/protobuf-java-2.5.0.jar:/home/ubuntu/.local/lib/python3.6/site-packages/pyspark/jars/jackson-module-paranamer-2.7.9.jar:/home/ubuntu/.local/lib/python3.6/site-packages/pyspark/jars/spark-hive-thriftserver_2.11-2.4.5.jar:/home/ubuntu/.local/lib/python3.6/site-packages/pyspark/jars/hadoop-yarn-server-web-proxy-2.7.3.jar:/home/ubuntu/.local/lib/python3.6/site-packages/pyspark/jars/pyrolite-4.13.jar:/home/ubuntu/.local/lib/python3.6/site-packages/pyspark/jars/orc-mapreduce-1.5.5-nohi
Launcher Type: SUN_STANDARD

Environment Variables:
JAVA_HOME=/usr/lib/jvm/jdk1.8.0_101
PATH=/usr/bin:/home/ubuntu/.local/bin:/usr/lib/jvm/jdk1.8.0_101/bin:/usr/local/sbin:/usr/local/bin:/usr/sbin:/usr/bin:/sbin:/bin:/usr/games:/usr/local/games:/snap/bin:/home/ubuntu/hadoop-2.7.3/bin:/usr/local/scala/bin:/usr/local/spark/bin
SHELL=/bin/bash

Signal Handlers:
SIGSEGV: [libjvm.so+0x8d4e30], sa_mask[0]=11111111011111111101111111111110, sa_flags=SA_RESTART|SA_SIGINFO
SIGBUS: [libjvm.so+0x8d4e30], sa_mask[0]=11111111011111111101111111111110, sa_flags=SA_RESTART|SA_SIGINFO
SIGFPE: [libjvm.so+0x753000], sa_mask[0]=11111111011111111101111111111110, sa_flags=SA_RESTART|SA_SIGINFO
SIGPIPE: [libjvm.so+0x753000], sa_mask[0]=11111111011111111101111111111110, sa_flags=SA_RESTART|SA_SIGINFO
SIGXFSZ: [libjvm.so+0x753000], sa_mask[0]=11111111011111111101111111111110, sa_flags=SA_RESTART|SA_SIGINFO
SIGILL: [libjvm.so+0x753000], sa_mask[0]=11111111011111111101111111111110, sa_flags=SA_RESTART|SA_SIGINFO
SIGUSR1: SIG_DFL, sa_mask[0]=00000000000000000000000000000000, sa_flags=none
SIGUSR2: [libjvm.so+0x754680], sa_mask[0]=00000000000000000000000000000000, sa_flags=SA_RESTART|SA_SIGINFO
SIGHUP: SIG_DFL, sa_mask[0]=00000000000000000000000000000000, sa_flags=none
SIGINT: SIG_IGN, sa_mask[0]=00000000000000000000000000000000, sa_flags=none
SIGTERM: SIG_DFL, sa_mask[0]=00000000000000000000000000000000, sa_flags=none
SIGQUIT: SIG_DFL, sa_mask[0]=00000000000000000000000000000000, sa_flags=none


---------------  S Y S T E M  ---------------

OS:DISTRIB_ID=Ubuntu
DISTRIB_RELEASE=18.04
DISTRIB_CODENAME=bionic
DISTRIB_DESCRIPTION="Ubuntu 18.04.4 LTS"

uname:Linux 4.15.0-88-generic #88-Ubuntu SMP Tue Feb 11 20:11:34 UTC 2020 x86_64
libc:glibc 2.27 NPTL 2.27 
rlimit: STACK 8192k, CORE 0k, NPROC 15678, NOFILE 1048576, AS infinity
load average:0.00 0.00 0.04

/proc/meminfo:
MemTotal:        4039172 kB
MemFree:          119432 kB
MemAvailable:      21928 kB
Buffers:            1004 kB
Cached:            20324 kB
SwapCached:            0 kB
Active:          3775776 kB
Inactive:          11780 kB
Active(anon):    3766864 kB
Inactive(anon):      508 kB
Active(file):       8912 kB
Inactive(file):    11272 kB
Unevictable:           0 kB
Mlocked:               0 kB
SwapTotal:             0 kB
SwapFree:              0 kB
Dirty:               136 kB
Writeback:             0 kB
AnonPages:       3766428 kB
Mapped:            17612 kB
Shmem:               944 kB
Slab:              69392 kB
SReclaimable:      25940 kB
SUnreclaim:        43452 kB
KernelStack:       12080 kB
PageTables:        21976 kB
NFS_Unstable:          0 kB
Bounce:                0 kB
WritebackTmp:          0 kB
CommitLimit:     2019584 kB
Committed_AS:    7157092 kB
VmallocTotal:   34359738367 kB
VmallocUsed:           0 kB
VmallocChunk:          0 kB
HardwareCorrupted:     0 kB
AnonHugePages:         0 kB
ShmemHugePages:        0 kB
ShmemPmdMapped:        0 kB
CmaTotal:              0 kB
CmaFree:               0 kB
HugePages_Total:       0
HugePages_Free:        0
HugePages_Rsvd:        0
HugePages_Surp:        0
Hugepagesize:       2048 kB
DirectMap4k:      139120 kB
DirectMap2M:     4055040 kB
DirectMap1G:     2097152 kB


CPU:total 2 (1 cores per cpu, 1 threads per core) family 6 model 42 stepping 1, cmov, cx8, fxsr, mmx, sse, sse2, sse3, ssse3, sse4.1, sse4.2, popcnt, avx, aes, clmul, tsc

/proc/cpuinfo:
processor	: 0
vendor_id	: GenuineIntel
cpu family	: 6
model		: 42
model name	: Intel Xeon E312xx (Sandy Bridge, IBRS update)
stepping	: 1
microcode	: 0x1
cpu MHz		: 2194.498
cache size	: 16384 KB
physical id	: 0
siblings	: 1
core id		: 0
cpu cores	: 1
apicid		: 0
initial apicid	: 0
fpu		: yes
fpu_exception	: yes
cpuid level	: 13
wp		: yes
flags		: fpu vme de pse tsc msr pae mce cx8 apic sep mtrr pge mca cmov pat pse36 clflush mmx fxsr sse sse2 ss syscall nx pdpe1gb rdtscp lm constant_tsc rep_good nopl xtopology cpuid tsc_known_freq pni pclmulqdq vmx ssse3 cx16 pcid sse4_1 sse4_2 x2apic popcnt tsc_deadline_timer aes xsave avx hypervisor lahf_lm cpuid_fault pti ssbd ibrs ibpb tpr_shadow vnmi flexpriority ept vpid tsc_adjust xsaveopt arat md_clear
bugs		: cpu_meltdown spectre_v1 spectre_v2 spec_store_bypass l1tf mds swapgs itlb_multihit
bogomips	: 4388.99
clflush size	: 64
cache_alignment	: 64
address sizes	: 40 bits physical, 48 bits virtual
power management:

processor	: 1
vendor_id	: GenuineIntel
cpu family	: 6
model		: 42
model name	: Intel Xeon E312xx (Sandy Bridge, IBRS update)
stepping	: 1
microcode	: 0x1
cpu MHz		: 2194.498
cache size	: 16384 KB
physical id	: 1
siblings	: 1
core id		: 0
cpu cores	: 1
apicid		: 1
initial apicid	: 1
fpu		: yes
fpu_exception	: yes
cpuid level	: 13
wp		: yes
flags		: fpu vme de pse tsc msr pae mce cx8 apic sep mtrr pge mca cmov pat pse36 clflush mmx fxsr sse sse2 ss syscall nx pdpe1gb rdtscp lm constant_tsc rep_good nopl xtopology cpuid tsc_known_freq pni pclmulqdq vmx ssse3 cx16 pcid sse4_1 sse4_2 x2apic popcnt tsc_deadline_timer aes xsave avx hypervisor lahf_lm cpuid_fault pti ssbd ibrs ibpb tpr_shadow vnmi flexpriority ept vpid tsc_adjust xsaveopt arat md_clear
bugs		: cpu_meltdown spectre_v1 spectre_v2 spec_store_bypass l1tf mds swapgs itlb_multihit
bogomips	: 4388.99
clflush size	: 64
cache_alignment	: 64
address sizes	: 40 bits physical, 48 bits virtual
power management:



Memory: 4k page, physical 4039172k(120944k free), swap 0k(0k free)

vm_info: Java HotSpot(TM) Server VM (25.101-b13) for linux-x86 JRE (1.8.0_101-b13), built on Jun 22 2016 02:31:35 by "java_re" with gcc 4.3.0 20080428 (Red Hat 4.3.0-8)

time: Fri Jun  5 08:14:26 2020
elapsed time: 0 seconds (0d 0h 0m 0s)

