#
# There is insufficient memory for the Java Runtime Environment to continue.
# Native memory allocation (mmap) failed to map 131072 bytes for committing reserved memory.
# Possible reasons:
#   The system is out of physical RAM or swap space
#   In 32 bit mode, the process size limit was hit
# Possible solutions:
#   Reduce memory load on the system
#   Increase physical memory or swap space
#   Check if swap backing store is full
#   Use 64 bit Java on a 64 bit OS
#   Decrease Java heap size (-Xmx/-Xms)
#   Decrease number of Java threads
#   Decrease Java thread stack sizes (-Xss)
#   Set larger code cache with -XX:ReservedCodeCacheSize=
# This output file may be truncated or incomplete.
#
#  Out of Memory Error (os_linux.cpp:2627), pid=18383, tid=0xa02adb40
#
# JRE version: Java(TM) SE Runtime Environment (8.0_101-b13) (build 1.8.0_101-b13)
# Java VM: Java HotSpot(TM) Server VM (25.101-b13 mixed mode linux-x86 )
# Failed to write core dump. Core dumps have been disabled. To enable core dumping, try "ulimit -c unlimited" before starting Java again
#

---------------  T H R E A D  ---------------

Current thread (0x9fb4c800):  JavaThread "Thread-4" [_thread_in_vm, id=18420, stack(0xa025d000,0xa02ae000)]

Stack: [0xa025d000,0xa02ae000],  sp=0xa02a8c70,  free space=303k
Native frames: (J=compiled Java code, j=interpreted, Vv=VM code, C=native code)
V  [libjvm.so+0x8d431f]  VMError::report_and_die()+0x16f
V  [libjvm.so+0x38ddb5]  report_vm_out_of_memory(char const*, int, unsigned int, VMErrorType, char const*)+0x55
V  [libjvm.so+0x756326]  os::Linux::commit_memory_impl(char*, unsigned int, bool)+0xe6
V  [libjvm.so+0x7567f8]  os::pd_commit_memory(char*, unsigned int, unsigned int, bool)+0x28
V  [libjvm.so+0x75071c]  os::commit_memory(char*, unsigned int, unsigned int, bool)+0x2c
V  [libjvm.so+0x8d03bc]  VirtualSpace::expand_by(unsigned int, bool)+0x1ec
V  [libjvm.so+0x6e58e2]  VirtualSpaceList::expand_node_by(VirtualSpaceNode*, unsigned int, unsigned int)+0x52
V  [libjvm.so+0x6e78f4]  VirtualSpaceList::expand_by(unsigned int, unsigned int)+0xa4
V  [libjvm.so+0x6e7a25]  VirtualSpaceList::get_new_chunk(unsigned int, unsigned int, unsigned int)+0x85
V  [libjvm.so+0x6e8db4]  SpaceManager::grow_and_allocate(unsigned int)+0x264
V  [libjvm.so+0x6e8f91]  SpaceManager::allocate_work(unsigned int)+0x131
V  [libjvm.so+0x6e9001]  SpaceManager::allocate(unsigned int)+0x61
V  [libjvm.so+0x6e913f]  Metaspace::allocate(ClassLoaderData*, unsigned int, bool, MetaspaceObj::Type, Thread*)+0x9f
V  [libjvm.so+0x383748]  ConstMethod::allocate(ClassLoaderData*, int, InlineTableSizes*, ConstMethod::MethodType, Thread*)+0xa8
V  [libjvm.so+0x6f0802]  Method::allocate(ClassLoaderData*, int, AccessFlags, InlineTableSizes*, ConstMethod::MethodType, Thread*)+0x22
V  [libjvm.so+0x2fa6c7]  ClassFileParser::parse_method(bool, AccessFlags*, Thread*)+0x1827
V  [libjvm.so+0x2fae1a]  ClassFileParser::parse_methods(bool, AccessFlags*, bool*, bool*, Thread*)+0x22a
V  [libjvm.so+0x3003c8]  ClassFileParser::parseClassFile(Symbol*, ClassLoaderData*, Handle, KlassHandle, GrowableArray<Handle>*, TempNewSymbol&, bool, Thread*)+0xc98
V  [libjvm.so+0x84fcc0]  SystemDictionary::resolve_from_stream(Symbol*, Handle, Handle, ClassFileStream*, bool, Thread*)+0x160
V  [libjvm.so+0x57a238]  jvm_define_class_common(JNIEnv_*, char const*, _jobject*, signed char const*, int, _jobject*, char const*, unsigned char, Thread*)+0x258
V  [libjvm.so+0x58fb5d]  JVM_DefineClassWithSource+0xbd
C  [libjava.so+0xbcfd]  Java_java_lang_ClassLoader_defineClass1+0x15d
J 362  java.lang.ClassLoader.defineClass1(Ljava/lang/String;[BIILjava/security/ProtectionDomain;Ljava/lang/String;)Ljava/lang/Class; (0 bytes) @ 0xe7e05acb [0xe7e059e0+0xeb]
J 371 C1 java.lang.ClassLoader.defineClass(Ljava/lang/String;[BIILjava/security/ProtectionDomain;)Ljava/lang/Class; (43 bytes) @ 0xe7e0e314 [0xe7e0de60+0x4b4]
j  java.security.SecureClassLoader.defineClass(Ljava/lang/String;[BIILjava/security/CodeSource;)Ljava/lang/Class;+12
J 1701 C2 java.net.URLClassLoader$1.run()Ljava/lang/Object; (5 bytes) @ 0xe80cb9f4 [0xe80c9820+0x21d4]
v  ~StubRoutines::call_stub
V  [libjvm.so+0x4ff28f]  JavaCalls::call_helper(JavaValue*, methodHandle*, JavaCallArguments*, Thread*)+0x101f
V  [libjvm.so+0x751449]  os::os_exception_wrapper(void (*)(JavaValue*, methodHandle*, JavaCallArguments*, Thread*), JavaValue*, methodHandle*, JavaCallArguments*, Thread*)+0x19
V  [libjvm.so+0x4fd85f]  JavaCalls::call(JavaValue*, methodHandle, JavaCallArguments*, Thread*)+0x2f
V  [libjvm.so+0x580a80]  JVM_DoPrivileged+0x2a0
C  [libjava.so+0x9eea]  Java_java_security_AccessController_doPrivileged__Ljava_security_PrivilegedExceptionAction_2Ljava_security_AccessControlContext_2+0x3a
J 293  java.security.AccessController.doPrivileged(Ljava/security/PrivilegedExceptionAction;Ljava/security/AccessControlContext;)Ljava/lang/Object; (0 bytes) @ 0xe7dda10c [0xe7dda060+0xac]
J 1466 C2 java.net.URLClassLoader.findClass(Ljava/lang/String;)Ljava/lang/Class; (47 bytes) @ 0xe804b2ec [0xe804b280+0x6c]
J 1373 C2 java.lang.ClassLoader.loadClass(Ljava/lang/String;Z)Ljava/lang/Class; (122 bytes) @ 0xe8022288 [0xe8021a60+0x828]
J 342 C1 sun.misc.Launcher$AppClassLoader.loadClass(Ljava/lang/String;Z)Ljava/lang/Class; (85 bytes) @ 0xe7dfc188 [0xe7dfb9e0+0x7a8]
J 341 C1 java.lang.ClassLoader.loadClass(Ljava/lang/String;)Ljava/lang/Class; (7 bytes) @ 0xe7df5440 [0xe7df5360+0xe0]
v  ~StubRoutines::call_stub
V  [libjvm.so+0x4ff28f]  JavaCalls::call_helper(JavaValue*, methodHandle*, JavaCallArguments*, Thread*)+0x101f
V  [libjvm.so+0x751449]  os::os_exception_wrapper(void (*)(JavaValue*, methodHandle*, JavaCallArguments*, Thread*), JavaValue*, methodHandle*, JavaCallArguments*, Thread*)+0x19
V  [libjvm.so+0x4ff69c]  JavaCalls::call_virtual(JavaValue*, KlassHandle, Symbol*, Symbol*, JavaCallArguments*, Thread*)+0x25c
V  [libjvm.so+0x4ffa85]  JavaCalls::call_virtual(JavaValue*, Handle, KlassHandle, Symbol*, Symbol*, Handle, Thread*)+0x55
V  [libjvm.so+0x852166]  SystemDictionary::load_instance_class(Symbol*, Handle, Thread*)+0x3f6
V  [libjvm.so+0x851144]  SystemDictionary::resolve_instance_class_or_null(Symbol*, Handle, Handle, Thread*)+0x714
V  [libjvm.so+0x85254e]  SystemDictionary::resolve_or_fail(Symbol*, Handle, Handle, bool, Thread*)+0x1e
V  [libjvm.so+0x8b17c0]  VerificationType::is_reference_assignable_from(VerificationType const&, ClassVerifier*, bool, Thread*) const+0x170
V  [libjvm.so+0x8b476a]  ClassVerifier::verify_return_value(VerificationType, VerificationType, unsigned short, StackMapFrame*, Thread*)+0x35a
V  [libjvm.so+0x8bf3bd]  ClassVerifier::verify_method(methodHandle, Thread*)+0x1cfd
V  [libjvm.so+0x8c4234]  ClassVerifier::verify_class(Thread*)+0xc4
V  [libjvm.so+0x8c47c6]  Verifier::verify(instanceKlassHandle, Verifier::Mode, bool, Thread*)+0x376
V  [libjvm.so+0x4ca22d]  InstanceKlass::verify_code(instanceKlassHandle, bool, Thread*)+0x2d
V  [libjvm.so+0x4d4daa]  InstanceKlass::link_class_impl(instanceKlassHandle, bool, Thread*)+0x2fa
V  [libjvm.so+0x4d6440]  InstanceKlass::initialize_impl(instanceKlassHandle, Thread*)+0x40
V  [libjvm.so+0x4d6891]  InstanceKlass::initialize(Thread*)+0x31
V  [libjvm.so+0x4f3e51]  InterpreterRuntime::_new(JavaThread*, ConstantPool*, int)+0x221
j  com.fasterxml.jackson.databind.DeserializationContext.<init>(Lcom/fasterxml/jackson/databind/deser/DeserializerFactory;Lcom/fasterxml/jackson/databind/deser/DeserializerCache;)V+28
j  com.fasterxml.jackson.databind.deser.DefaultDeserializationContext.<init>(Lcom/fasterxml/jackson/databind/deser/DeserializerFactory;Lcom/fasterxml/jackson/databind/deser/DeserializerCache;)V+3
j  com.fasterxml.jackson.databind.deser.DefaultDeserializationContext$Impl.<init>(Lcom/fasterxml/jackson/databind/deser/DeserializerFactory;)V+3
j  com.fasterxml.jackson.databind.ObjectMapper.<init>(Lcom/fasterxml/jackson/core/JsonFactory;Lcom/fasterxml/jackson/databind/ser/DefaultSerializerProvider;Lcom/fasterxml/jackson/databind/deser/DefaultDeserializationContext;)V+223
j  com.fasterxml.jackson.databind.ObjectMapper.<init>()V+4
j  org.apache.spark.metrics.sink.MetricsServlet.<init>(Ljava/util/Properties;Lcom/codahale/metrics/MetricRegistry;Lorg/apache/spark/SecurityManager;)V+96
v  ~StubRoutines::call_stub
V  [libjvm.so+0x4ff28f]  JavaCalls::call_helper(JavaValue*, methodHandle*, JavaCallArguments*, Thread*)+0x101f
V  [libjvm.so+0x751449]  os::os_exception_wrapper(void (*)(JavaValue*, methodHandle*, JavaCallArguments*, Thread*), JavaValue*, methodHandle*, JavaCallArguments*, Thread*)+0x19
V  [libjvm.so+0x4fd85f]  JavaCalls::call(JavaValue*, methodHandle, JavaCallArguments*, Thread*)+0x2f
V  [libjvm.so+0x7c31a2]  Reflection::invoke(instanceKlassHandle, methodHandle, Handle, bool, objArrayHandle, BasicType, objArrayHandle, bool, Thread*)+0x4d2
V  [libjvm.so+0x7c3d6a]  Reflection::invoke_constructor(oopDesc*, objArrayHandle, Thread*)+0x2ea
V  [libjvm.so+0x584d9c]  JVM_NewInstanceFromConstructor+0xfc
C  [libjava.so+0xd4bb]  Java_sun_reflect_NativeConstructorAccessorImpl_newInstance0+0x2b
j  sun.reflect.NativeConstructorAccessorImpl.newInstance0(Ljava/lang/reflect/Constructor;[Ljava/lang/Object;)Ljava/lang/Object;+0
j  sun.reflect.NativeConstructorAccessorImpl.newInstance([Ljava/lang/Object;)Ljava/lang/Object;+85
J 1590 C1 sun.reflect.DelegatingConstructorAccessorImpl.newInstance([Ljava/lang/Object;)Ljava/lang/Object; (9 bytes) @ 0xe7db59c0 [0xe7db58e0+0xe0]
J 1585 C1 java.lang.reflect.Constructor.newInstance([Ljava/lang/Object;)Ljava/lang/Object; (87 bytes) @ 0xe7d7ecac [0xe7d7e8e0+0x3cc]
j  org.apache.spark.metrics.MetricsSystem$$anonfun$registerSinks$1.apply(Lscala/Tuple2;)Ljava/lang/Object;+83
j  org.apache.spark.metrics.MetricsSystem$$anonfun$registerSinks$1.apply(Ljava/lang/Object;)Ljava/lang/Object;+5
j  scala.collection.mutable.HashMap$$anonfun$foreach$1.apply(Lscala/collection/mutable/DefaultEntry;)Ljava/lang/Object;+19
j  scala.collection.mutable.HashMap$$anonfun$foreach$1.apply(Ljava/lang/Object;)Ljava/lang/Object;+5
j  scala.collection.mutable.HashTable$class.foreachEntry(Lscala/collection/mutable/HashTable;Lscala/Function1;)V+38
j  scala.collection.mutable.HashMap.foreachEntry(Lscala/Function1;)V+2
j  scala.collection.mutable.HashMap.foreach(Lscala/Function1;)V+10
j  org.apache.spark.metrics.MetricsSystem.registerSinks()V+36
j  org.apache.spark.metrics.MetricsSystem.start(Z)V+59
j  org.apache.spark.SparkContext.<init>(Lorg/apache/spark/SparkConf;)V+1527
j  org.apache.spark.api.java.JavaSparkContext.<init>(Lorg/apache/spark/SparkConf;)V+6
v  ~StubRoutines::call_stub
V  [libjvm.so+0x4ff28f]  JavaCalls::call_helper(JavaValue*, methodHandle*, JavaCallArguments*, Thread*)+0x101f
V  [libjvm.so+0x751449]  os::os_exception_wrapper(void (*)(JavaValue*, methodHandle*, JavaCallArguments*, Thread*), JavaValue*, methodHandle*, JavaCallArguments*, Thread*)+0x19
V  [libjvm.so+0x4fd85f]  JavaCalls::call(JavaValue*, methodHandle, JavaCallArguments*, Thread*)+0x2f
V  [libjvm.so+0x7c31a2]  Reflection::invoke(instanceKlassHandle, methodHandle, Handle, bool, objArrayHandle, BasicType, objArrayHandle, bool, Thread*)+0x4d2
V  [libjvm.so+0x7c3d6a]  Reflection::invoke_constructor(oopDesc*, objArrayHandle, Thread*)+0x2ea
V  [libjvm.so+0x584d9c]  JVM_NewInstanceFromConstructor+0xfc
C  [libjava.so+0xd4bb]  Java_sun_reflect_NativeConstructorAccessorImpl_newInstance0+0x2b
j  sun.reflect.NativeConstructorAccessorImpl.newInstance0(Ljava/lang/reflect/Constructor;[Ljava/lang/Object;)Ljava/lang/Object;+0
j  sun.reflect.NativeConstructorAccessorImpl.newInstance([Ljava/lang/Object;)Ljava/lang/Object;+85
j  sun.reflect.DelegatingConstructorAccessorImpl.newInstance([Ljava/lang/Object;)Ljava/lang/Object;+5
j  java.lang.reflect.Constructor.newInstance([Ljava/lang/Object;)Ljava/lang/Object;+79
j  py4j.reflection.MethodInvoker.invoke(Ljava/lang/Object;[Ljava/lang/Object;)Ljava/lang/Object;+119
j  py4j.reflection.ReflectionEngine.invoke(Ljava/lang/Object;Lpy4j/reflection/MethodInvoker;[Ljava/lang/Object;)Ljava/lang/Object;+6
j  py4j.Gateway.invoke(Ljava/lang/String;Ljava/util/List;)Lpy4j/ReturnObject;+69
j  py4j.commands.ConstructorCommand.invokeConstructor(Ljava/lang/String;Ljava/util/List;)Lpy4j/ReturnObject;+8
...<more frames>...

Java frames: (J=compiled Java code, j=interpreted, Vv=VM code)
J 362  java.lang.ClassLoader.defineClass1(Ljava/lang/String;[BIILjava/security/ProtectionDomain;Ljava/lang/String;)Ljava/lang/Class; (0 bytes) @ 0xe7e05a87 [0xe7e059e0+0xa7]
J 371 C1 java.lang.ClassLoader.defineClass(Ljava/lang/String;[BIILjava/security/ProtectionDomain;)Ljava/lang/Class; (43 bytes) @ 0xe7e0e314 [0xe7e0de60+0x4b4]
j  java.security.SecureClassLoader.defineClass(Ljava/lang/String;[BIILjava/security/CodeSource;)Ljava/lang/Class;+12
J 1701 C2 java.net.URLClassLoader$1.run()Ljava/lang/Object; (5 bytes) @ 0xe80cb9f4 [0xe80c9820+0x21d4]
v  ~StubRoutines::call_stub
J 293  java.security.AccessController.doPrivileged(Ljava/security/PrivilegedExceptionAction;Ljava/security/AccessControlContext;)Ljava/lang/Object; (0 bytes) @ 0xe7dda0c8 [0xe7dda060+0x68]
J 1466 C2 java.net.URLClassLoader.findClass(Ljava/lang/String;)Ljava/lang/Class; (47 bytes) @ 0xe804b2ec [0xe804b280+0x6c]
J 1373 C2 java.lang.ClassLoader.loadClass(Ljava/lang/String;Z)Ljava/lang/Class; (122 bytes) @ 0xe8022288 [0xe8021a60+0x828]
J 342 C1 sun.misc.Launcher$AppClassLoader.loadClass(Ljava/lang/String;Z)Ljava/lang/Class; (85 bytes) @ 0xe7dfc188 [0xe7dfb9e0+0x7a8]
J 341 C1 java.lang.ClassLoader.loadClass(Ljava/lang/String;)Ljava/lang/Class; (7 bytes) @ 0xe7df5440 [0xe7df5360+0xe0]
v  ~StubRoutines::call_stub
j  com.fasterxml.jackson.databind.DeserializationContext.<init>(Lcom/fasterxml/jackson/databind/deser/DeserializerFactory;Lcom/fasterxml/jackson/databind/deser/DeserializerCache;)V+28
j  com.fasterxml.jackson.databind.deser.DefaultDeserializationContext.<init>(Lcom/fasterxml/jackson/databind/deser/DeserializerFactory;Lcom/fasterxml/jackson/databind/deser/DeserializerCache;)V+3
j  com.fasterxml.jackson.databind.deser.DefaultDeserializationContext$Impl.<init>(Lcom/fasterxml/jackson/databind/deser/DeserializerFactory;)V+3
j  com.fasterxml.jackson.databind.ObjectMapper.<init>(Lcom/fasterxml/jackson/core/JsonFactory;Lcom/fasterxml/jackson/databind/ser/DefaultSerializerProvider;Lcom/fasterxml/jackson/databind/deser/DefaultDeserializationContext;)V+223
j  com.fasterxml.jackson.databind.ObjectMapper.<init>()V+4
j  org.apache.spark.metrics.sink.MetricsServlet.<init>(Ljava/util/Properties;Lcom/codahale/metrics/MetricRegistry;Lorg/apache/spark/SecurityManager;)V+96
v  ~StubRoutines::call_stub
j  sun.reflect.NativeConstructorAccessorImpl.newInstance0(Ljava/lang/reflect/Constructor;[Ljava/lang/Object;)Ljava/lang/Object;+0
j  sun.reflect.NativeConstructorAccessorImpl.newInstance([Ljava/lang/Object;)Ljava/lang/Object;+85
J 1590 C1 sun.reflect.DelegatingConstructorAccessorImpl.newInstance([Ljava/lang/Object;)Ljava/lang/Object; (9 bytes) @ 0xe7db59c0 [0xe7db58e0+0xe0]
J 1585 C1 java.lang.reflect.Constructor.newInstance([Ljava/lang/Object;)Ljava/lang/Object; (87 bytes) @ 0xe7d7ecac [0xe7d7e8e0+0x3cc]
j  org.apache.spark.metrics.MetricsSystem$$anonfun$registerSinks$1.apply(Lscala/Tuple2;)Ljava/lang/Object;+83
j  org.apache.spark.metrics.MetricsSystem$$anonfun$registerSinks$1.apply(Ljava/lang/Object;)Ljava/lang/Object;+5
j  scala.collection.mutable.HashMap$$anonfun$foreach$1.apply(Lscala/collection/mutable/DefaultEntry;)Ljava/lang/Object;+19
j  scala.collection.mutable.HashMap$$anonfun$foreach$1.apply(Ljava/lang/Object;)Ljava/lang/Object;+5
j  scala.collection.mutable.HashTable$class.foreachEntry(Lscala/collection/mutable/HashTable;Lscala/Function1;)V+38
j  scala.collection.mutable.HashMap.foreachEntry(Lscala/Function1;)V+2
j  scala.collection.mutable.HashMap.foreach(Lscala/Function1;)V+10
j  org.apache.spark.metrics.MetricsSystem.registerSinks()V+36
j  org.apache.spark.metrics.MetricsSystem.start(Z)V+59
j  org.apache.spark.SparkContext.<init>(Lorg/apache/spark/SparkConf;)V+1527
j  org.apache.spark.api.java.JavaSparkContext.<init>(Lorg/apache/spark/SparkConf;)V+6
v  ~StubRoutines::call_stub
j  sun.reflect.NativeConstructorAccessorImpl.newInstance0(Ljava/lang/reflect/Constructor;[Ljava/lang/Object;)Ljava/lang/Object;+0
j  sun.reflect.NativeConstructorAccessorImpl.newInstance([Ljava/lang/Object;)Ljava/lang/Object;+85
j  sun.reflect.DelegatingConstructorAccessorImpl.newInstance([Ljava/lang/Object;)Ljava/lang/Object;+5
j  java.lang.reflect.Constructor.newInstance([Ljava/lang/Object;)Ljava/lang/Object;+79
j  py4j.reflection.MethodInvoker.invoke(Ljava/lang/Object;[Ljava/lang/Object;)Ljava/lang/Object;+119
j  py4j.reflection.ReflectionEngine.invoke(Ljava/lang/Object;Lpy4j/reflection/MethodInvoker;[Ljava/lang/Object;)Ljava/lang/Object;+6
j  py4j.Gateway.invoke(Ljava/lang/String;Ljava/util/List;)Lpy4j/ReturnObject;+69
j  py4j.commands.ConstructorCommand.invokeConstructor(Ljava/lang/String;Ljava/util/List;)Lpy4j/ReturnObject;+8
j  py4j.commands.ConstructorCommand.execute(Ljava/lang/String;Ljava/io/BufferedReader;Ljava/io/BufferedWriter;)V+18
j  py4j.GatewayConnection.run()V+126
j  java.lang.Thread.run()V+11
v  ~StubRoutines::call_stub

---------------  P R O C E S S  ---------------

Java Threads: ( => current thread )
  0x084de000 JavaThread "shuffle-boss-6-1" daemon [_thread_in_native, id=18452, stack(0x9e931000,0x9e982000)]
  0xa7347000 JavaThread "rpc-client-1-1" daemon [_thread_in_native, id=18451, stack(0x9e982000,0x9e9d3000)]
  0x084b2400 JavaThread "netty-rpc-connection-0" daemon [_thread_blocked, id=18450, stack(0x9e9d3000,0x9ea24000)]
  0xa0132c00 JavaThread "appclient-registration-retry-thread" daemon [_thread_blocked, id=18449, stack(0x9ea24000,0x9ea75000)]
  0x9f94ec00 JavaThread "appclient-register-master-threadpool-0" daemon [_thread_blocked, id=18448, stack(0x9ea75000,0x9eac6000)]
  0x9f94c000 JavaThread "driver-revive-thread" daemon [_thread_blocked, id=18447, stack(0x9eac6000,0x9eb17000)]
  0x083ce800 JavaThread "dag-scheduler-event-loop" daemon [_thread_blocked, id=18446, stack(0x9eb17000,0x9eb68000)]
  0xa732d000 JavaThread "netty-rpc-env-timeout" daemon [_thread_blocked, id=18445, stack(0x9ec68000,0x9ecb9000)]
  0x08442000 JavaThread "Timer-1" daemon [_thread_blocked, id=18444, stack(0x9ecb9000,0x9ed0a000)]
  0x08517000 JavaThread "Timer-0" daemon [_thread_blocked, id=18443, stack(0x9ed0a000,0x9ed5b000)]
  0xa7318000 JavaThread "heartbeat-receiver-event-loop-thread" daemon [_thread_blocked, id=18442, stack(0x9ed5b000,0x9edac000)]
  0x0884c400 JavaThread "SparkUI-36" daemon [_thread_blocked, id=18441, stack(0x9edac000,0x9edfd000)]
  0x0884ac00 JavaThread "SparkUI-35" daemon [_thread_blocked, id=18440, stack(0x9edfd000,0x9ee4e000)]
  0x08849800 JavaThread "SparkUI-34" daemon [_thread_blocked, id=18439, stack(0x9ee4e000,0x9ee9f000)]
  0x08848800 JavaThread "SparkUI-33" daemon [_thread_blocked, id=18438, stack(0x9ee9f000,0x9eef0000)]
  0x08847800 JavaThread "SparkUI-32" daemon [_thread_blocked, id=18437, stack(0x9eef0000,0x9ef41000)]
  0x08654c00 JavaThread "SparkUI-31-acceptor-0@63db99-Spark@a43a25{HTTP/1.1,[http/1.1]}{0.0.0.0:4040}" daemon [_thread_in_native, id=18436, stack(0x9ef41000,0x9ef92000)]
  0x08653800 JavaThread "SparkUI-30" daemon [_thread_blocked, id=18435, stack(0x9ef92000,0x9efe3000)]
  0x08652c00 JavaThread "SparkUI-29" daemon [_thread_in_native, id=18434, stack(0x9efe3000,0x9f034000)]
  0x08828c00 JavaThread "refresh progress" daemon [_thread_blocked, id=18433, stack(0x9f134000,0x9f185000)]
  0x0880c000 JavaThread "RemoteBlock-temp-file-clean-thread" daemon [_thread_blocked, id=18432, stack(0x9f285000,0x9f2d6000)]
  0x087e0c00 JavaThread "map-output-dispatcher-7" daemon [_thread_blocked, id=18431, stack(0x9f2d6000,0x9f327000)]
  0x087dac00 JavaThread "map-output-dispatcher-6" daemon [_thread_blocked, id=18430, stack(0x9f327000,0x9f378000)]
  0x087d9c00 JavaThread "map-output-dispatcher-5" daemon [_thread_blocked, id=18429, stack(0x9f378000,0x9f3c9000)]
  0x087d8c00 JavaThread "map-output-dispatcher-4" daemon [_thread_blocked, id=18428, stack(0x9f3c9000,0x9f41a000)]
  0x087dcc00 JavaThread "map-output-dispatcher-3" daemon [_thread_blocked, id=18427, stack(0x9f41a000,0x9f46b000)]
  0x087df000 JavaThread "map-output-dispatcher-2" daemon [_thread_blocked, id=18426, stack(0x9f46b000,0x9f4bc000)]
  0x087d1000 JavaThread "map-output-dispatcher-1" daemon [_thread_blocked, id=18425, stack(0x9f4bc000,0x9f50d000)]
  0x087cf800 JavaThread "map-output-dispatcher-0" daemon [_thread_blocked, id=18424, stack(0x9f50d000,0x9f55e000)]
  0x087b9400 JavaThread "rpc-boss-3-1" daemon [_thread_in_native, id=18423, stack(0x9f55e000,0x9f5af000)]
  0x08648800 JavaThread "dispatcher-event-loop-1" daemon [_thread_blocked, id=18422, stack(0x9f7af000,0x9f800000)]
  0x08646400 JavaThread "dispatcher-event-loop-0" daemon [_thread_blocked, id=18421, stack(0xa020c000,0xa025d000)]
=>0x9fb4c800 JavaThread "Thread-4" [_thread_in_vm, id=18420, stack(0xa025d000,0xa02ae000)]
  0x9fb3e400 JavaThread "Thread-3" [_thread_in_native, id=18419, stack(0xa02ae000,0xa02ff000)]
  0x9fb35800 JavaThread "pool-1-thread-1" [_thread_blocked, id=18418, stack(0xa2418000,0xa2469000)]
  0x9feb2400 JavaThread "process reaper" daemon [_thread_blocked, id=18416, stack(0xa2469000,0xa2482000)]
  0xa454b800 JavaThread "Service Thread" daemon [_thread_blocked, id=18413, stack(0xa404e000,0xa409f000)]
  0xa4548400 JavaThread "C1 CompilerThread1" daemon [_thread_blocked, id=18412, stack(0xa40a0000,0xa4120000)]
  0xa4546400 JavaThread "C2 CompilerThread0" daemon [_thread_in_native, id=18411, stack(0xa4121000,0xa41a1000)]
  0xa4544800 JavaThread "Signal Dispatcher" daemon [_thread_blocked, id=18410, stack(0xa41a1000,0xa41f2000)]
  0xa4528400 JavaThread "Finalizer" daemon [_thread_blocked, id=18409, stack(0xa4609000,0xa465a000)]
  0xa4525400 JavaThread "Reference Handler" daemon [_thread_blocked, id=18408, stack(0xa7205000,0xa7256000)]
  0xf6d11800 JavaThread "main" [_thread_in_native, id=18404, stack(0xf6e45000,0xf6e95000)]

Other Threads:
  0xa4520c00 VMThread [stack: 0xa465b000,0xa46db000] [id=18407]
  0xa4567800 WatcherThread [stack: 0xa3fce000,0xa404e000] [id=18414]

VM state:not at safepoint (normal execution)

VM Mutex/Monitor currently owned by a thread: None

Heap:
 PSYoungGen      total 106752K, used 95697K [0xd22c0000, 0xd9000000, 0xe7800000)
  eden space 101632K, 94% used [0xd22c0000,0xd8034728,0xd8600000)
  from space 5120K, 0% used [0xd8b00000,0xd8b00000,0xd9000000)
  to   space 5120K, 0% used [0xd8600000,0xd8600000,0xd8b00000)
 ParOldGen       total 27904K, used 5421K [0xa7800000, 0xa9340000, 0xd22c0000)
  object space 27904K, 19% used [0xa7800000,0xa7d4b7e8,0xa9340000)
 Metaspace       used 20658K, capacity 20849K, committed 20864K, reserved 21808K

Card table byte_map: [0xa75ff000,0xa7800000] byte_map_base: 0xa70c3000

Marking Bits: (ParMarkBitMap*) 0xf79698e0
 Begin Bits: [0xa5100000, 0xa6100000)
 End Bits:   [0xa6100000, 0xa7100000)

Polling page: 0xf7f98000

CodeCache: size=245760Kb used=3961Kb max_used=4255Kb free=241798Kb
 bounds [0xe7c9f000, 0xe80ef000, 0xf6c9f000]
 total_blobs=1835 nmethods=1627 adapters=122
 compilation: enabled

Compilation events (10 events):
Event: 6.292 Thread 0xa4548400 1825       3       java.util.StringTokenizer::scanToken (179 bytes)
Event: 6.298 Thread 0xa4548400 nmethod 1825 0xe7e86208 code [0xe7e86440, 0xe7e87348]
Event: 6.299 Thread 0xa4548400 1823       3       java.util.StringTokenizer::skipDelimiters (116 bytes)
Event: 6.299 Thread 0xa4548400 nmethod 1823 0xe7e0b908 code [0xe7e0bae0, 0xe7e0c410]
Event: 6.299 Thread 0xa4548400 1824       3       java.util.StringTokenizer::hasMoreTokens (29 bytes)
Event: 6.300 Thread 0xa4548400 nmethod 1824 0xe7ede208 code [0xe7ede320, 0xe7ede46c]
Event: 6.390 Thread 0xa4548400 1827       3       java.util.Calendar::internalSet (8 bytes)
Event: 6.396 Thread 0xa4548400 nmethod 1827 0xe7e10188 code [0xe7e102a0, 0xe7e103a0]
Event: 6.566 Thread 0xa4546400 nmethod 1701 0xe80c8988 code [0xe80c9820, 0xe80d3b14]
Event: 6.571 Thread 0xa4546400 1758  s!   4       sun.misc.URLClassPath::getLoader (197 bytes)

GC Heap History (10 events):
Event: 2.888 GC heap before
{Heap before GC invocations=7 (full 0):
 PSYoungGen      total 35072K, used 34687K [0xd22c0000, 0xd4840000, 0xe7800000)
  eden space 31744K, 100% used [0xd22c0000,0xd41c0000,0xd41c0000)
  from space 3328K, 88% used [0xd4500000,0xd47dfec0,0xd4840000)
  to   space 3328K, 0% used [0xd41c0000,0xd41c0000,0xd4500000)
 ParOldGen       total 42496K, used 1145K [0xa7800000, 0xaa180000, 0xd22c0000)
  object space 42496K, 2% used [0xa7800000,0xa791e4d8,0xaa180000)
 Metaspace       used 10641K, capacity 10833K, committed 10904K, reserved 11568K
Event: 2.903 GC heap after
Heap after GC invocations=7 (full 0):
 PSYoungGen      total 35072K, used 3319K [0xd22c0000, 0xd68c0000, 0xe7800000)
  eden space 31744K, 0% used [0xd22c0000,0xd22c0000,0xd41c0000)
  from space 3328K, 99% used [0xd41c0000,0xd44fde38,0xd4500000)
  to   space 4096K, 0% used [0xd64c0000,0xd64c0000,0xd68c0000)
 ParOldGen       total 42496K, used 2119K [0xa7800000, 0xaa180000, 0xd22c0000)
  object space 42496K, 4% used [0xa7800000,0xa7a11f98,0xaa180000)
 Metaspace       used 10641K, capacity 10833K, committed 10904K, reserved 11568K
}
Event: 3.506 GC heap before
{Heap before GC invocations=8 (full 0):
 PSYoungGen      total 35072K, used 35063K [0xd22c0000, 0xd68c0000, 0xe7800000)
  eden space 31744K, 100% used [0xd22c0000,0xd41c0000,0xd41c0000)
  from space 3328K, 99% used [0xd41c0000,0xd44fde38,0xd4500000)
  to   space 4096K, 0% used [0xd64c0000,0xd64c0000,0xd68c0000)
 ParOldGen       total 42496K, used 2119K [0xa7800000, 0xaa180000, 0xd22c0000)
  object space 42496K, 4% used [0xa7800000,0xa7a11f98,0xaa180000)
 Metaspace       used 12030K, capacity 12217K, committed 12312K, reserved 12592K
Event: 3.524 GC heap after
Heap after GC invocations=8 (full 0):
 PSYoungGen      total 67584K, used 2897K [0xd22c0000, 0xd68c0000, 0xe7800000)
  eden space 63488K, 0% used [0xd22c0000,0xd22c0000,0xd60c0000)
  from space 4096K, 70% used [0xd64c0000,0xd67946f0,0xd68c0000)
  to   space 4096K, 0% used [0xd60c0000,0xd60c0000,0xd64c0000)
 ParOldGen       total 42496K, used 2867K [0xa7800000, 0xaa180000, 0xd22c0000)
  object space 42496K, 6% used [0xa7800000,0xa7accdb0,0xaa180000)
 Metaspace       used 12030K, capacity 12217K, committed 12312K, reserved 12592K
}
Event: 4.534 GC heap before
{Heap before GC invocations=9 (full 0):
 PSYoungGen      total 67584K, used 66385K [0xd22c0000, 0xd68c0000, 0xe7800000)
  eden space 63488K, 100% used [0xd22c0000,0xd60c0000,0xd60c0000)
  from space 4096K, 70% used [0xd64c0000,0xd67946f0,0xd68c0000)
  to   space 4096K, 0% used [0xd60c0000,0xd60c0000,0xd64c0000)
 ParOldGen       total 42496K, used 2867K [0xa7800000, 0xaa180000, 0xd22c0000)
  object space 42496K, 6% used [0xa7800000,0xa7accdb0,0xaa180000)
 Metaspace       used 15111K, capacity 15294K, committed 15384K, reserved 15664K
Event: 4.548 GC heap after
Heap after GC invocations=9 (full 0):
 PSYoungGen      total 67584K, used 4084K [0xd22c0000, 0xd9000000, 0xe7800000)
  eden space 63488K, 0% used [0xd22c0000,0xd22c0000,0xd60c0000)
  from space 4096K, 99% used [0xd60c0000,0xd64bd310,0xd64c0000)
  to   space 5120K, 0% used [0xd8b00000,0xd8b00000,0xd9000000)
 ParOldGen       total 42496K, used 4906K [0xa7800000, 0xaa180000, 0xd22c0000)
  object space 42496K, 11% used [0xa7800000,0xa7ccaa40,0xaa180000)
 Metaspace       used 15111K, capacity 15294K, committed 15384K, reserved 15664K
}
Event: 4.884 GC heap before
{Heap before GC invocations=10 (full 0):
 PSYoungGen      total 67584K, used 20902K [0xd22c0000, 0xd9000000, 0xe7800000)
  eden space 63488K, 26% used [0xd22c0000,0xd332c658,0xd60c0000)
  from space 4096K, 99% used [0xd60c0000,0xd64bd310,0xd64c0000)
  to   space 5120K, 0% used [0xd8b00000,0xd8b00000,0xd9000000)
 ParOldGen       total 42496K, used 4906K [0xa7800000, 0xaa180000, 0xd22c0000)
  object space 42496K, 11% used [0xa7800000,0xa7ccaa40,0xaa180000)
 Metaspace       used 16183K, capacity 16350K, committed 16384K, reserved 16688K
Event: 4.892 GC heap after
Heap after GC invocations=10 (full 0):
 PSYoungGen      total 106752K, used 2606K [0xd22c0000, 0xd9000000, 0xe7800000)
  eden space 101632K, 0% used [0xd22c0000,0xd22c0000,0xd8600000)
  from space 5120K, 50% used [0xd8b00000,0xd8d8bb00,0xd9000000)
  to   space 5120K, 0% used [0xd8600000,0xd8600000,0xd8b00000)
 ParOldGen       total 42496K, used 5803K [0xa7800000, 0xaa180000, 0xd22c0000)
  object space 42496K, 13% used [0xa7800000,0xa7daaee8,0xaa180000)
 Metaspace       used 16183K, capacity 16350K, committed 16384K, reserved 16688K
}
Event: 4.892 GC heap before
{Heap before GC invocations=11 (full 1):
 PSYoungGen      total 106752K, used 2606K [0xd22c0000, 0xd9000000, 0xe7800000)
  eden space 101632K, 0% used [0xd22c0000,0xd22c0000,0xd8600000)
  from space 5120K, 50% used [0xd8b00000,0xd8d8bb00,0xd9000000)
  to   space 5120K, 0% used [0xd8600000,0xd8600000,0xd8b00000)
 ParOldGen       total 42496K, used 5803K [0xa7800000, 0xaa180000, 0xd22c0000)
  object space 42496K, 13% used [0xa7800000,0xa7daaee8,0xaa180000)
 Metaspace       used 16183K, capacity 16350K, committed 16384K, reserved 16688K
Event: 4.933 GC heap after
Heap after GC invocations=11 (full 1):
 PSYoungGen      total 106752K, used 0K [0xd22c0000, 0xd9000000, 0xe7800000)
  eden space 101632K, 0% used [0xd22c0000,0xd22c0000,0xd8600000)
  from space 5120K, 0% used [0xd8b00000,0xd8b00000,0xd9000000)
  to   space 5120K, 0% used [0xd8600000,0xd8600000,0xd8b00000)
 ParOldGen       total 27904K, used 5421K [0xa7800000, 0xa9340000, 0xd22c0000)
  object space 27904K, 19% used [0xa7800000,0xa7d4b7e8,0xa9340000)
 Metaspace       used 16183K, capacity 16350K, committed 16384K, reserved 16688K
}

Deoptimization events (10 events):
Event: 5.201 Thread 0x9fb4c800 Uncommon trap: reason=unstable_if action=reinterpret pc=0xe8071854 method=java.util.WeakHashMap.remove(Ljava/lang/Object;)Ljava/lang/Object; @ 94
Event: 5.207 Thread 0x9fb4c800 Uncommon trap: reason=unstable_if action=reinterpret pc=0xe80656e0 method=sun.net.www.protocol.jar.Handler.parseURL(Ljava/net/URL;Ljava/lang/String;II)V @ 94
Event: 5.694 Thread 0x9f94ec00 Uncommon trap: reason=bimorphic action=maybe_recompile pc=0xe8043ffc method=java.util.concurrent.ConcurrentHashMap.get(Ljava/lang/Object;)Ljava/lang/Object; @ 149
Event: 5.705 Thread 0x9f94ec00 Uncommon trap: reason=bimorphic action=maybe_recompile pc=0xe8043ffc method=java.util.concurrent.ConcurrentHashMap.get(Ljava/lang/Object;)Ljava/lang/Object; @ 149
Event: 5.705 Thread 0x9f94ec00 Uncommon trap: reason=bimorphic action=maybe_recompile pc=0xe8043ffc method=java.util.concurrent.ConcurrentHashMap.get(Ljava/lang/Object;)Ljava/lang/Object; @ 149
Event: 5.705 Thread 0x9f94ec00 Uncommon trap: reason=bimorphic action=maybe_recompile pc=0xe8043ffc method=java.util.concurrent.ConcurrentHashMap.get(Ljava/lang/Object;)Ljava/lang/Object; @ 149
Event: 5.786 Thread 0xa7347000 Uncommon trap: reason=class_check action=maybe_recompile pc=0xe7ee2e50 method=java.util.concurrent.ConcurrentHashMap.putVal(Ljava/lang/Object;Ljava/lang/Object;Z)Ljava/lang/Object; @ 192
Event: 5.790 Thread 0xa7347000 Uncommon trap: reason=class_check action=maybe_recompile pc=0xe7ee2e50 method=java.util.concurrent.ConcurrentHashMap.putVal(Ljava/lang/Object;Ljava/lang/Object;Z)Ljava/lang/Object; @ 192
Event: 5.832 Thread 0xa7347000 Uncommon trap: reason=class_check action=maybe_recompile pc=0xe7ee2e50 method=java.util.concurrent.ConcurrentHashMap.putVal(Ljava/lang/Object;Ljava/lang/Object;Z)Ljava/lang/Object; @ 192
Event: 5.841 Thread 0xa7347000 Uncommon trap: reason=class_check action=maybe_recompile pc=0xe7ee2e50 method=java.util.concurrent.ConcurrentHashMap.putVal(Ljava/lang/Object;Ljava/lang/Object;Z)Ljava/lang/Object; @ 192

Internal exceptions (10 events):
Event: 5.740 Thread 0x9f94ec00 Exception <a 'java/lang/NoSuchMethodError': <clinit>> (0xd689ce50) thrown at [/HUDSON/workspace/8-2-build-linux-i586/jdk8u101/7261/hotspot/src/share/vm/prims/jni.cpp, line 1613]
Event: 5.742 Thread 0x9f94ec00 Exception <a 'java/lang/NoSuchMethodError': <clinit>> (0xd68ae0d0) thrown at [/HUDSON/workspace/8-2-build-linux-i586/jdk8u101/7261/hotspot/src/share/vm/prims/jni.cpp, line 1613]
Event: 5.746 Thread 0x9f94ec00 Exception <a 'java/lang/NoSuchMethodError': <clinit>> (0xd68d2720) thrown at [/HUDSON/workspace/8-2-build-linux-i586/jdk8u101/7261/hotspot/src/share/vm/prims/jni.cpp, line 1613]
Event: 5.747 Thread 0x9f94ec00 Exception <a 'java/lang/NoSuchMethodError': <clinit>> (0xd68e4d80) thrown at [/HUDSON/workspace/8-2-build-linux-i586/jdk8u101/7261/hotspot/src/share/vm/prims/jni.cpp, line 1613]
Event: 5.749 Thread 0x9f94ec00 Exception <a 'java/lang/NoSuchMethodError': <clinit>> (0xd6901520) thrown at [/HUDSON/workspace/8-2-build-linux-i586/jdk8u101/7261/hotspot/src/share/vm/prims/jni.cpp, line 1613]
Event: 5.750 Thread 0x9f94ec00 Exception <a 'java/lang/NoSuchMethodError': <clinit>> (0xd6910cc0) thrown at [/HUDSON/workspace/8-2-build-linux-i586/jdk8u101/7261/hotspot/src/share/vm/prims/jni.cpp, line 1613]
Event: 5.775 Thread 0xa7347000 Exception <a 'java/lang/NoSuchMethodError': <clinit>> (0xd69a8b88) thrown at [/HUDSON/workspace/8-2-build-linux-i586/jdk8u101/7261/hotspot/src/share/vm/prims/jni.cpp, line 1613]
Event: 5.782 Thread 0xa7347000 Exception <a 'java/lang/NoSuchMethodError': <clinit>> (0xd69cfb60) thrown at [/HUDSON/workspace/8-2-build-linux-i586/jdk8u101/7261/hotspot/src/share/vm/prims/jni.cpp, line 1613]
Event: 5.792 Thread 0xa7347000 Exception <a 'java/lang/NoSuchMethodError': <clinit>> (0xd69f4d50) thrown at [/HUDSON/workspace/8-2-build-linux-i586/jdk8u101/7261/hotspot/src/share/vm/prims/jni.cpp, line 1613]
Event: 5.819 Thread 0xa7347000 Exception <a 'java/lang/NoSuchMethodError': <clinit>> (0xd6b3a9b0) thrown at [/HUDSON/workspace/8-2-build-linux-i586/jdk8u101/7261/hotspot/src/share/vm/prims/jni.cpp, line 1613]

Events (10 events):
Event: 6.598 loading class com/fasterxml/jackson/databind/deser/std/StdKeyDeserializer$StringFactoryKeyDeserializer
Event: 6.598 loading class com/fasterxml/jackson/databind/deser/std/StdKeyDeserializer$StringFactoryKeyDeserializer done
Event: 6.598 loading class com/fasterxml/jackson/databind/deser/std/StdKeyDeserializer$DelegatingKD
Event: 6.598 loading class com/fasterxml/jackson/databind/deser/std/StdKeyDeserializer$DelegatingKD done
Event: 6.599 loading class com/fasterxml/jackson/databind/deser/std/StdKeyDeserializer$EnumKD
Event: 6.599 loading class com/fasterxml/jackson/databind/deser/std/StdKeyDeserializer$EnumKD done
Event: 6.599 loading class com/fasterxml/jackson/databind/deser/DeserializerCache
Event: 6.599 loading class com/fasterxml/jackson/databind/deser/DeserializerCache done
Event: 6.600 loading class com/fasterxml/jackson/databind/deser/std/StdDelegatingDeserializer
Event: 6.600 loading class com/fasterxml/jackson/databind/deser/std/StdDelegatingDeserializer done


Dynamic libraries:
08048000-08049000 r-xp 00000000 fc:01 259515                             /usr/lib/jvm/jdk1.8.0_101/bin/java
08049000-0804a000 rw-p 00000000 fc:01 259515                             /usr/lib/jvm/jdk1.8.0_101/bin/java
08396000-098e4000 rw-p 00000000 00:00 0                                  [heap]
9d1d7000-9d2d7000 rw-p 00000000 00:00 0 
9d400000-9d420000 rw-p 00000000 00:00 0 
9d440000-9d500000 ---p 00000000 00:00 0 
9d500000-9d581000 rw-p 00000000 00:00 0 
9d581000-9d600000 ---p 00000000 00:00 0 
9d6ff000-9e800000 rw-p 00000000 00:00 0 
9e800000-9e8fe000 rw-p 00000000 00:00 0 
9e8fe000-9e900000 ---p 00000000 00:00 0 
9e931000-9e934000 ---p 00000000 00:00 0 
9e934000-9e982000 rw-p 00000000 00:00 0 
9e982000-9e985000 ---p 00000000 00:00 0 
9e985000-9e9d3000 rw-p 00000000 00:00 0 
9e9d3000-9e9d6000 ---p 00000000 00:00 0 
9e9d6000-9ea24000 rw-p 00000000 00:00 0 
9ea24000-9ea27000 ---p 00000000 00:00 0 
9ea27000-9ea75000 rw-p 00000000 00:00 0 
9ea75000-9ea78000 ---p 00000000 00:00 0 
9ea78000-9eac6000 rw-p 00000000 00:00 0 
9eac6000-9eac9000 ---p 00000000 00:00 0 
9eac9000-9eb17000 rw-p 00000000 00:00 0 
9eb17000-9eb1a000 ---p 00000000 00:00 0 
9eb1a000-9ec68000 rw-p 00000000 00:00 0 
9ec68000-9ec6b000 ---p 00000000 00:00 0 
9ec6b000-9ecb9000 rw-p 00000000 00:00 0 
9ecb9000-9ecbc000 ---p 00000000 00:00 0 
9ecbc000-9ed0a000 rw-p 00000000 00:00 0 
9ed0a000-9ed0d000 ---p 00000000 00:00 0 
9ed0d000-9ed5b000 rw-p 00000000 00:00 0 
9ed5b000-9ed5e000 ---p 00000000 00:00 0 
9ed5e000-9edac000 rw-p 00000000 00:00 0 
9edac000-9edaf000 ---p 00000000 00:00 0 
9edaf000-9edfd000 rw-p 00000000 00:00 0 
9edfd000-9ee00000 ---p 00000000 00:00 0 
9ee00000-9ee4e000 rw-p 00000000 00:00 0 
9ee4e000-9ee51000 ---p 00000000 00:00 0 
9ee51000-9ee9f000 rw-p 00000000 00:00 0 
9ee9f000-9eea2000 ---p 00000000 00:00 0 
9eea2000-9eef0000 rw-p 00000000 00:00 0 
9eef0000-9eef3000 ---p 00000000 00:00 0 
9eef3000-9ef41000 rw-p 00000000 00:00 0 
9ef41000-9ef44000 ---p 00000000 00:00 0 
9ef44000-9ef92000 rw-p 00000000 00:00 0 
9ef92000-9ef95000 ---p 00000000 00:00 0 
9ef95000-9efe3000 rw-p 00000000 00:00 0 
9efe3000-9efe6000 ---p 00000000 00:00 0 
9efe6000-9f134000 rw-p 00000000 00:00 0 
9f134000-9f137000 ---p 00000000 00:00 0 
9f137000-9f27f000 rw-p 00000000 00:00 0 
9f27f000-9f285000 ---p 00000000 00:00 0 
9f285000-9f288000 ---p 00000000 00:00 0 
9f288000-9f2d6000 rw-p 00000000 00:00 0 
9f2d6000-9f2d9000 ---p 00000000 00:00 0 
9f2d9000-9f327000 rw-p 00000000 00:00 0 
9f327000-9f32a000 ---p 00000000 00:00 0 
9f32a000-9f378000 rw-p 00000000 00:00 0 
9f378000-9f37b000 ---p 00000000 00:00 0 
9f37b000-9f3c9000 rw-p 00000000 00:00 0 
9f3c9000-9f3cc000 ---p 00000000 00:00 0 
9f3cc000-9f41a000 rw-p 00000000 00:00 0 
9f41a000-9f41d000 ---p 00000000 00:00 0 
9f41d000-9f46b000 rw-p 00000000 00:00 0 
9f46b000-9f46e000 ---p 00000000 00:00 0 
9f46e000-9f4bc000 rw-p 00000000 00:00 0 
9f4bc000-9f4bf000 ---p 00000000 00:00 0 
9f4bf000-9f50d000 rw-p 00000000 00:00 0 
9f50d000-9f510000 ---p 00000000 00:00 0 
9f510000-9f55e000 rw-p 00000000 00:00 0 
9f55e000-9f561000 ---p 00000000 00:00 0 
9f561000-9f6af000 rw-p 00000000 00:00 0 
9f6af000-9f7af000 rw-p 00000000 00:00 0 
9f7af000-9f7b2000 ---p 00000000 00:00 0 
9f7b2000-9f900000 rw-p 00000000 00:00 0 
9f900000-9f9ff000 rw-p 00000000 00:00 0 
9f9ff000-9fa00000 ---p 00000000 00:00 0 
9fa00000-9fb00000 rw-p 00000000 00:00 0 
9fb00000-9fb54000 rw-p 00000000 00:00 0 
9fb54000-9fc00000 ---p 00000000 00:00 0 
9fc00000-9fd00000 rw-p 00000000 00:00 0 
9fd00000-9fe00000 rw-p 00000000 00:00 0 
9fe00000-9fefe000 rw-p 00000000 00:00 0 
9fefe000-9ff00000 ---p 00000000 00:00 0 
9ff00000-a0000000 rw-p 00000000 00:00 0 
a0000000-a0100000 rw-p 00000000 00:00 0 
a0100000-a01fe000 rw-p 00000000 00:00 0 
a01fe000-a0200000 ---p 00000000 00:00 0 
a020c000-a020f000 ---p 00000000 00:00 0 
a020f000-a025d000 rw-p 00000000 00:00 0 
a025d000-a0260000 ---p 00000000 00:00 0 
a0260000-a02ae000 rw-p 00000000 00:00 0 
a02ae000-a02b1000 ---p 00000000 00:00 0 
a02b1000-a2000000 rw-p 00000000 00:00 0 
a2000000-a2100000 rw-p 00000000 00:00 0 
a2100000-a2200000 rw-p 00000000 00:00 0 
a2200000-a2300000 rw-p 00000000 00:00 0 
a2300000-a2400000 rw-p 00000000 00:00 0 
a2406000-a2415000 r-xp 00000000 fc:01 259768                             /usr/lib/jvm/jdk1.8.0_101/jre/lib/i386/libnio.so
a2415000-a2416000 rw-p 0000e000 fc:01 259768                             /usr/lib/jvm/jdk1.8.0_101/jre/lib/i386/libnio.so
a2416000-a2417000 r-xp 00000000 fc:01 259750                             /usr/lib/jvm/jdk1.8.0_101/jre/lib/i386/libjaas_unix.so
a2417000-a2418000 rw-p 00000000 fc:01 259750                             /usr/lib/jvm/jdk1.8.0_101/jre/lib/i386/libjaas_unix.so
a2418000-a241b000 ---p 00000000 00:00 0 
a241b000-a2469000 rw-p 00000000 00:00 0 
a2469000-a246c000 ---p 00000000 00:00 0 
a246c000-a2482000 rw-p 00000000 00:00 0 
a2482000-a248a000 r-xp 00000000 fc:01 259753                             /usr/lib/jvm/jdk1.8.0_101/jre/lib/i386/libmanagement.so
a248a000-a248b000 rw-p 00007000 fc:01 259753                             /usr/lib/jvm/jdk1.8.0_101/jre/lib/i386/libmanagement.so
a248b000-a24a0000 r-xp 00000000 fc:01 259812                             /usr/lib/jvm/jdk1.8.0_101/jre/lib/i386/libnet.so
a24a0000-a24a1000 rw-p 00015000 fc:01 259812                             /usr/lib/jvm/jdk1.8.0_101/jre/lib/i386/libnet.so
a24a1000-a24d7000 r--s 0031c000 fc:01 775204                             /home/ubuntu/.local/lib/python3.6/site-packages/pyspark/jars/hadoop-common-2.7.3.jar
a24d7000-a2500000 r--s 001ee000 fc:01 775202                             /home/ubuntu/.local/lib/python3.6/site-packages/pyspark/jars/guava-14.0.1.jar
a2500000-a2600000 rw-p 00000000 00:00 0 
a2600000-a2604000 r--s 00097000 fc:01 259865                             /usr/lib/jvm/jdk1.8.0_101/jre/lib/jsse.jar
a2604000-a2606000 r--s 00015000 fc:01 775210                             /home/ubuntu/.local/lib/python3.6/site-packages/pyspark/jars/hadoop-auth-2.7.3.jar
a2606000-a2611000 r--s 000b9000 fc:01 775209                             /home/ubuntu/.local/lib/python3.6/site-packages/pyspark/jars/janino-3.0.9.jar
a2611000-a2613000 r--s 00010000 fc:01 775208                             /home/ubuntu/.local/lib/python3.6/site-packages/pyspark/jars/jersey-media-jaxb-2.22.2.jar
a2613000-a2615000 r--s 00008000 fc:01 775207                             /home/ubuntu/.local/lib/python3.6/site-packages/pyspark/jars/commons-compiler-3.0.9.jar
a2615000-a261a000 r--s 00041000 fc:01 775206                             /home/ubuntu/.local/lib/python3.6/site-packages/pyspark/jars/xbean-asm6-shaded-4.8.jar
a261a000-a261b000 r--s 00004000 fc:01 775205                             /home/ubuntu/.local/lib/python3.6/site-packages/pyspark/jars/eigenbase-properties-1.1.5.jar
a261b000-a261d000 r--s 0000e000 fc:01 775203                             /home/ubuntu/.local/lib/python3.6/site-packages/pyspark/jars/guice-servlet-3.0.jar
a261d000-a261e000 r--s 00000000 fc:01 775201                             /home/ubuntu/.local/lib/python3.6/site-packages/pyspark/jars/kubernetes-model-common-4.6.1.jar
a261e000-a2681000 r--s 004de000 fc:01 775200                             /home/ubuntu/.local/lib/python3.6/site-packages/pyspark/jars/hive-metastore-1.2.1.spark2.jar
a2681000-a26ec000 r--s 0093d000 fc:01 775198                             /home/ubuntu/.local/lib/python3.6/site-packages/pyspark/jars/spire_2.11-0.13.0.jar
a26ec000-a271b000 r--s 002e5000 fc:01 775195                             /home/ubuntu/.local/lib/python3.6/site-packages/pyspark/jars/derby-10.12.1.1.jar
a271b000-a2828000 r--s 00dd7000 fc:01 775194                             /home/ubuntu/.local/lib/python3.6/site-packages/pyspark/jars/scala-compiler-2.11.12.jar
a2828000-a2900000 r--s 00d92000 fc:01 775177                             /home/ubuntu/.local/lib/python3.6/site-packages/pyspark/jars/breeze_2.11-0.13.2.jar
a2900000-a29ff000 rw-p 00000000 00:00 0 
a29ff000-a2a00000 ---p 00000000 00:00 0 
a2a00000-a2a04000 r--s 00020000 fc:01 775199                             /home/ubuntu/.local/lib/python3.6/site-packages/pyspark/jars/commons-digester-1.8.jar
a2a04000-a2a08000 r--s 0001a000 fc:01 775197                             /home/ubuntu/.local/lib/python3.6/site-packages/pyspark/jars/hk2-utils-2.4.0-b34.jar
a2a08000-a2a09000 r--s 00009000 fc:01 775196                             /home/ubuntu/.local/lib/python3.6/site-packages/pyspark/jars/hive-cli-1.2.1.spark2.jar
a2a09000-a2a2e000 rw-p 00000000 00:00 0 
a2a2e000-a2a31000 r--s 00014000 fc:01 775193                             /home/ubuntu/.local/lib/python3.6/site-packages/pyspark/jars/json4s-ast_2.11-3.5.3.jar
a2a31000-a2a33000 r--s 00003000 fc:01 775192                             /home/ubuntu/.local/lib/python3.6/site-packages/pyspark/jars/jcl-over-slf4j-1.7.16.jar
a2a33000-a2a35000 r--s 0000b000 fc:01 775191                             /home/ubuntu/.local/lib/python3.6/site-packages/pyspark/jars/spark-unsafe_2.11-2.4.5.jar
a2a35000-a2a43000 r--s 00089000 fc:01 775190                             /home/ubuntu/.local/lib/python3.6/site-packages/pyspark/jars/json4s-scalap_2.11-3.5.3.jar
a2a43000-a2a47000 r--s 00029000 fc:01 775189                             /home/ubuntu/.local/lib/python3.6/site-packages/pyspark/jars/hk2-locator-2.4.0-b34.jar
a2a47000-a2a4a000 r--s 00014000 fc:01 775188                             /home/ubuntu/.local/lib/python3.6/site-packages/pyspark/jars/super-csv-2.2.0.jar
a2a4a000-a2a4c000 r--s 00004000 fc:01 775187                             /home/ubuntu/.local/lib/python3.6/site-packages/pyspark/jars/stax-api-1.0-2.jar
a2a4c000-a2a4d000 r--s 00009000 fc:01 775186                             /home/ubuntu/.local/lib/python3.6/site-packages/pyspark/jars/slf4j-api-1.7.16.jar
a2a4d000-a2a5a000 r--s 0009c000 fc:01 775185                             /home/ubuntu/.local/lib/python3.6/site-packages/pyspark/jars/json4s-core_2.11-3.5.3.jar
a2a5a000-a2a6c000 r--s 00097000 fc:01 775184                             /home/ubuntu/.local/lib/python3.6/site-packages/pyspark/jars/apacheds-kerberos-codec-2.0.0-M15.jar
a2a6c000-a2a70000 r--s 0004c000 fc:01 775183                             /home/ubuntu/.local/lib/python3.6/site-packages/pyspark/jars/RoaringBitmap-0.7.45.jar
a2a70000-a2a72000 r--s 0000d000 fc:01 775182                             /home/ubuntu/.local/lib/python3.6/site-packages/pyspark/jars/chill-java-0.9.3.jar
a2a72000-a2a79000 r--s 00046000 fc:01 775181                             /home/ubuntu/.local/lib/python3.6/site-packages/pyspark/jars/libfb303-0.9.3.jar
a2a79000-a2a81000 r--s 0005d000 fc:01 775180                             /home/ubuntu/.local/lib/python3.6/site-packages/pyspark/jars/kryo-shaded-4.0.2.jar
a2a81000-a2a83000 r--s 0001c000 fc:01 775179                             /home/ubuntu/.local/lib/python3.6/site-packages/pyspark/jars/py4j-0.10.7.jar
a2a83000-a2aa6000 rw-p 00000000 00:00 0 
a2aa6000-a2ac7000 r--s 0015c000 fc:01 775176                             /home/ubuntu/.local/lib/python3.6/site-packages/pyspark/jars/avro-1.8.2.jar
a2ac7000-a2ad0000 r--s 00046000 fc:01 775175                             /home/ubuntu/.local/lib/python3.6/site-packages/pyspark/jars/jackson-dataformat-yaml-2.6.7.jar
a2ad0000-a2ad8000 r--s 0003b000 fc:01 775174                             /home/ubuntu/.local/lib/python3.6/site-packages/pyspark/jars/curator-recipes-2.7.1.jar
a2ad8000-a2ae0000 r--s 0005b000 fc:01 775173                             /home/ubuntu/.local/lib/python3.6/site-packages/pyspark/jars/univocity-parsers-2.7.3.jar
a2ae0000-a2af9000 r--s 00150000 fc:01 775170                             /home/ubuntu/.local/lib/python3.6/site-packages/pyspark/jars/htrace-core-3.1.0-incubating.jar
a2af9000-a2b3a000 r--s 006c0000 fc:01 775169                             /home/ubuntu/.local/lib/python3.6/site-packages/pyspark/jars/mesos-1.4.0-shaded-protobuf.jar
a2b3a000-a2c00000 r--s 008ab000 fc:01 775156                             /home/ubuntu/.local/lib/python3.6/site-packages/pyspark/jars/spark-sql_2.11-2.4.5.jar
a2c00000-a2cfa000 rw-p 00000000 00:00 0 
a2cfa000-a2d00000 ---p 00000000 00:00 0 
a2d00000-a2d02000 r--s 00027000 fc:01 775178                             /home/ubuntu/.local/lib/python3.6/site-packages/pyspark/jars/core-1.1.2.jar
a2d02000-a2d0e000 r--s 000b6000 fc:01 775172                             /home/ubuntu/.local/lib/python3.6/site-packages/pyspark/jars/zookeeper-3.4.6.jar
a2d0e000-a2d10000 r--s 00012000 fc:01 775171                             /home/ubuntu/.local/lib/python3.6/site-packages/pyspark/jars/api-util-1.0.0-M20.jar
a2d10000-a2d12000 r--s 00009000 fc:01 775168                             /home/ubuntu/.local/lib/python3.6/site-packages/pyspark/jars/commons-cli-1.2.jar
a2d12000-a2d58000 r--s 0039f000 fc:01 775167                             /home/ubuntu/.local/lib/python3.6/site-packages/pyspark/jars/netty-all-4.1.42.Final.jar
a2d58000-a2d59000 r--s 00000000 fc:01 775166                             /home/ubuntu/.local/lib/python3.6/site-packages/pyspark/jars/javax.inject-1.jar
a2d59000-a2d5e000 r--s 00041000 fc:01 775165                             /home/ubuntu/.local/lib/python3.6/site-packages/pyspark/jars/commons-lang-2.6.jar
a2d5e000-a2d65000 r--s 00049000 fc:01 775164                             /home/ubuntu/.local/lib/python3.6/site-packages/pyspark/jars/httpcore-4.4.10.jar
a2d65000-a2d67000 r--s 00003000 fc:01 775163                             /home/ubuntu/.local/lib/python3.6/site-packages/pyspark/jars/jersey-container-servlet-2.22.2.jar
a2d67000-a2d7f000 r--s 00115000 fc:01 775162                             /home/ubuntu/.local/lib/python3.6/site-packages/pyspark/jars/xercesImpl-2.9.1.jar
a2d7f000-a2d81000 r--s 00010000 fc:01 775161                             /home/ubuntu/.local/lib/python3.6/site-packages/pyspark/jars/hadoop-mapreduce-client-shuffle-2.7.3.jar
a2d81000-a2d8e000 r--s 000a0000 fc:01 775160                             /home/ubuntu/.local/lib/python3.6/site-packages/pyspark/jars/spark-graphx_2.11-2.4.5.jar
a2d8e000-a2d94000 r--s 0003c000 fc:01 775159                             /home/ubuntu/.local/lib/python3.6/site-packages/pyspark/jars/snakeyaml-1.15.jar
a2d94000-a2d95000 r--s 00003000 fc:01 775158                             /home/ubuntu/.local/lib/python3.6/site-packages/pyspark/jars/generex-1.0.2.jar
a2d95000-a2d97000 r--s 00005000 fc:01 775157                             /home/ubuntu/.local/lib/python3.6/site-packages/pyspark/jars/javax.annotation-api-1.2.jar
a2d97000-a2d9d000 r--s 00028000 fc:01 775155                             /home/ubuntu/.local/lib/python3.6/site-packages/pyspark/jars/curator-framework-2.7.1.jar
a2d9d000-a2da3000 r--s 00063000 fc:01 775153                             /home/ubuntu/.local/lib/python3.6/site-packages/pyspark/jars/jodd-core-3.5.2.jar
a2da3000-a2daa000 r--s 0003f000 fc:01 775152                             /home/ubuntu/.local/lib/python3.6/site-packages/pyspark/jars/commons-codec-1.10.jar
a2daa000-a2dac000 r--s 0000e000 fc:01 775151                             /home/ubuntu/.local/lib/python3.6/site-packages/pyspark/jars/oro-2.0.8.jar
a2dac000-a2db0000 r--s 0001e000 fc:01 775150                             /home/ubuntu/.local/lib/python3.6/site-packages/pyspark/jars/spark-repl_2.11-2.4.5.jar
a2db0000-a2db3000 r--s 00006000 fc:01 775149                             /home/ubuntu/.local/lib/python3.6/site-packages/pyspark/jars/jsr305-1.3.9.jar
a2db3000-a2db6000 r--s 00015000 fc:01 775148                             /home/ubuntu/.local/lib/python3.6/site-packages/pyspark/jars/javax.servlet-api-3.1.0.jar
a2db6000-a2dd3000 r--s 001d5000 fc:01 775146                             /home/ubuntu/.local/lib/python3.6/site-packages/pyspark/jars/hadoop-yarn-api-2.7.3.jar
a2dd3000-a2de1000 r--s 0009d000 fc:01 775145                             /home/ubuntu/.local/lib/python3.6/site-packages/pyspark/jars/jersey-common-2.22.2.jar
a2de1000-a2df8000 r--s 00183000 fc:01 775144                             /home/ubuntu/.local/lib/python3.6/site-packages/pyspark/jars/hadoop-yarn-common-2.7.3.jar
a2df8000-a2e00000 r--s 00066000 fc:01 775142                             /home/ubuntu/.local/lib/python3.6/site-packages/pyspark/jars/apache-log4j-extras-1.2.17.jar
a2e00000-a2f00000 rw-p 00000000 00:00 0 
a2f00000-a2f02000 r--s 0000f000 fc:01 775147                             /home/ubuntu/.local/lib/python3.6/site-packages/pyspark/jars/curator-client-2.7.1.jar
a2f02000-a2f04000 r--s 00000000 fc:01 775143                             /home/ubuntu/.local/lib/python3.6/site-packages/pyspark/jars/jul-to-slf4j-1.7.16.jar
a2f04000-a2f06000 r--s 00007000 fc:01 775141                             /home/ubuntu/.local/lib/python3.6/site-packages/pyspark/jars/zjsonpatch-0.3.0.jar
a2f06000-a2f0a000 r--s 00015000 fc:01 775140                             /home/ubuntu/.local/lib/python3.6/site-packages/pyspark/jars/xz-1.5.jar
a2f0a000-a3000000 r--s 00bf8000 fc:01 775115                             /home/ubuntu/.local/lib/python3.6/site-packages/pyspark/jars/spark-core_2.11-2.4.5.jar
a3000000-a30fe000 rw-p 00000000 00:00 0 
a30fe000-a3100000 ---p 00000000 00:00 0 
a3100000-a3101000 r--s 00008000 fc:01 775154                             /home/ubuntu/.local/lib/python3.6/site-packages/pyspark/jars/machinist_2.11-0.6.1.jar
a3101000-a3103000 r--s 00014000 fc:01 775139                             /home/ubuntu/.local/lib/python3.6/site-packages/pyspark/jars/okio-1.15.0.jar
a3103000-a3106000 r--s 00026000 fc:01 775138                             /home/ubuntu/.local/lib/python3.6/site-packages/pyspark/jars/hadoop-yarn-client-2.7.3.jar
a3106000-a3110000 r--s 000a5000 fc:01 775137                             /home/ubuntu/.local/lib/python3.6/site-packages/pyspark/jars/javassist-3.18.1-GA.jar
a3110000-a3115000 r--s 00027000 fc:01 775136                             /home/ubuntu/.local/lib/python3.6/site-packages/pyspark/jars/automaton-1.11-8.jar
a3115000-a3119000 r--s 0002a000 fc:01 775135                             /home/ubuntu/.local/lib/python3.6/site-packages/pyspark/jars/avro-mapred-1.8.2-hadoop2.jar
a3119000-a311a000 r--s 00001000 fc:01 775134                             /home/ubuntu/.local/lib/python3.6/site-packages/pyspark/jars/javax.inject-2.4.0-b34.jar
a311a000-a313e000 r--s 001cd000 fc:01 775133                             /home/ubuntu/.local/lib/python3.6/site-packages/pyspark/jars/commons-math3-3.4.1.jar
a313e000-a3142000 r--s 00036000 fc:01 775132                             /home/ubuntu/.local/lib/python3.6/site-packages/pyspark/jars/ST4-4.0.4.jar
a3142000-a3143000 r--s 00009000 fc:01 775131                             /home/ubuntu/.local/lib/python3.6/site-packages/pyspark/jars/hadoop-annotations-2.7.3.jar
a3143000-a3150000 r--s 00083000 fc:01 775130                             /home/ubuntu/.local/lib/python3.6/site-packages/pyspark/jars/commons-collections-3.2.2.jar
a3150000-a3169000 r--s 00164000 fc:01 775129                             /home/ubuntu/.local/lib/python3.6/site-packages/pyspark/jars/hadoop-mapreduce-client-core-2.7.3.jar
a3169000-a31a0000 r--s 00325000 fc:01 775128                             /home/ubuntu/.local/lib/python3.6/site-packages/pyspark/jars/calcite-core-1.2.0-incubating.jar
a31a0000-a31a1000 r--s 00003000 fc:01 775127                             /home/ubuntu/.local/lib/python3.6/site-packages/pyspark/jars/metrics-json-3.1.5.jar
a31a1000-a31a9000 r--s 0006e000 fc:01 775126                             /home/ubuntu/.local/lib/python3.6/site-packages/pyspark/jars/commons-lang3-3.5.jar
a31a9000-a31ac000 r--s 00017000 fc:01 775125                             /home/ubuntu/.local/lib/python3.6/site-packages/pyspark/jars/jaxb-api-2.2.2.jar
a31ac000-a31af000 r--s 0000b000 fc:01 775124                             /home/ubuntu/.local/lib/python3.6/site-packages/pyspark/jars/objenesis-2.5.1.jar
a31af000-a31b5000 r--s 0002c000 fc:01 775123                             /home/ubuntu/.local/lib/python3.6/site-packages/pyspark/jars/jdo-api-3.0.1.jar
a31b5000-a31b9000 r--s 0002a000 fc:01 775122                             /home/ubuntu/.local/lib/python3.6/site-packages/pyspark/jars/breeze-macros_2.11-0.13.2.jar
a31b9000-a31ba000 r--s 00003000 fc:01 775121                             /home/ubuntu/.local/lib/python3.6/site-packages/pyspark/jars/spark-tags_2.11-2.4.5.jar
a31ba000-a31bd000 r--s 001eb000 fc:01 775120                             /home/ubuntu/.local/lib/python3.6/site-packages/pyspark/jars/snappy-java-1.1.7.3.jar
a31bd000-a31c4000 r--s 00039000 fc:01 775119                             /home/ubuntu/.local/lib/python3.6/site-packages/pyspark/jars/calcite-avatica-1.2.0-incubating.jar
a31c4000-a31e7000 rw-p 00000000 00:00 0 
a31e7000-a3200000 r--s 0012c000 fc:01 775114                             /home/ubuntu/.local/lib/python3.6/site-packages/pyspark/jars/netty-3.9.9.Final.jar
a3200000-a32ff000 rw-p 00000000 00:00 0 
a32ff000-a3300000 ---p 00000000 00:00 0 
a3300000-a3301000 r--s 00002000 fc:01 775118                             /home/ubuntu/.local/lib/python3.6/site-packages/pyspark/jars/jpam-1.1.jar
a3301000-a330e000 r--s 00071000 fc:01 775117                             /home/ubuntu/.local/lib/python3.6/site-packages/pyspark/jars/jackson-module-scala_2.11-2.6.7.1.jar
a330e000-a3310000 r--s 00011000 fc:01 775116                             /home/ubuntu/.local/lib/python3.6/site-packages/pyspark/jars/spark-launcher_2.11-2.4.5.jar
a3310000-a3315000 r--s 0002a000 fc:01 775113                             /home/ubuntu/.local/lib/python3.6/site-packages/pyspark/jars/gson-2.2.4.jar
a3315000-a3325000 r--s 00133000 fc:01 775112                             /home/ubuntu/.local/lib/python3.6/site-packages/pyspark/jars/arrow-vector-0.10.0.jar
a3325000-a337e000 r--s 00523000 fc:01 775111                             /home/ubuntu/.local/lib/python3.6/site-packages/pyspark/jars/scala-library-2.11.12.jar
a337e000-a3380000 r--s 00003000 fc:01 775110                             /home/ubuntu/.local/lib/python3.6/site-packages/pyspark/jars/api-asn1-api-1.0.0-M20.jar
a3380000-a3386000 r--s 00043000 fc:01 775109                             /home/ubuntu/.local/lib/python3.6/site-packages/pyspark/jars/commons-configuration-1.6.jar
a3386000-a3388000 r--s 00238000 fc:01 775108                             /home/ubuntu/.local/lib/python3.6/site-packages/pyspark/jars/zstd-jni-1.3.2-2.jar
a3388000-a338a000 r--s 0000e000 fc:01 775107                             /home/ubuntu/.local/lib/python3.6/site-packages/pyspark/jars/commons-logging-1.1.3.jar
a338a000-a338e000 r--s 0001a000 fc:01 775106                             /home/ubuntu/.local/lib/python3.6/site-packages/pyspark/jars/metrics-core-3.1.5.jar
a338e000-a3390000 r--s 00012000 fc:01 775105                             /home/ubuntu/.local/lib/python3.6/site-packages/pyspark/jars/compress-lzf-1.0.3.jar
a3390000-a3391000 r--s 0000b000 fc:01 775104                             /home/ubuntu/.local/lib/python3.6/site-packages/pyspark/jars/snappy-0.2.jar
a3391000-a33a9000 r--s 000d6000 fc:01 775103                             /home/ubuntu/.local/lib/python3.6/site-packages/pyspark/jars/jersey-guava-2.22.2.jar
a33a9000-a33ae000 r--s 0003e000 fc:01 775102                             /home/ubuntu/.local/lib/python3.6/site-packages/pyspark/jars/commons-net-3.1.jar
a33ae000-a33b0000 r--s 0000b000 fc:01 775100                             /home/ubuntu/.local/lib/python3.6/site-packages/pyspark/jars/arrow-format-0.10.0.jar
a33b0000-a33b2000 r--s 00001000 fc:01 775099                             /home/ubuntu/.local/lib/python3.6/site-packages/pyspark/jars/spark-tags_2.11-2.4.5-tests.jar
a33b2000-a33bf000 r--s 000b1000 fc:01 775094                             /home/ubuntu/.local/lib/python3.6/site-packages/pyspark/jars/hadoop-mapreduce-client-common-2.7.3.jar
a33bf000-a342a000 r--s 00784000 fc:01 775092                             /home/ubuntu/.local/lib/python3.6/site-packages/pyspark/jars/hadoop-hdfs-2.7.3.jar
a342a000-a3443000 r--s 000f4000 fc:01 775089                             /home/ubuntu/.local/lib/python3.6/site-packages/pyspark/jars/parquet-column-1.10.1.jar
a3443000-a3500000 r--s 0090a000 fc:01 775086                             /home/ubuntu/.local/lib/python3.6/site-packages/pyspark/jars/spark-catalyst_2.11-2.4.5.jar
a3500000-a35f9000 rw-p 00000000 00:00 0 
a35f9000-a3600000 ---p 00000000 00:00 0 
a3600000-a3601000 r--s 00006000 fc:01 775101                             /home/ubuntu/.local/lib/python3.6/site-packages/pyspark/jars/hadoop-client-2.7.3.jar
a3601000-a3605000 r--s 00019000 fc:01 775098                             /home/ubuntu/.local/lib/python3.6/site-packages/pyspark/jars/javax.ws.rs-api-2.0.1.jar
a3605000-a3607000 r--s 00014000 fc:01 775097                             /home/ubuntu/.local/lib/python3.6/site-packages/pyspark/jars/spire-macros_2.11-0.13.0.jar
a3607000-a3609000 r--s 0001f000 fc:01 775096                             /home/ubuntu/.local/lib/python3.6/site-packages/pyspark/jars/commons-crypto-1.0.0.jar
a3609000-a360c000 r--s 0001e000 fc:01 775095                             /home/ubuntu/.local/lib/python3.6/site-packages/pyspark/jars/aircompressor-0.10.jar
a360c000-a3611000 r--s 0004e000 fc:01 775093                             /home/ubuntu/.local/lib/python3.6/site-packages/pyspark/jars/datanucleus-api-jdo-3.2.6.jar
a3611000-a3612000 r--s 0000a000 fc:01 775091                             /home/ubuntu/.local/lib/python3.6/site-packages/pyspark/jars/apacheds-i18n-2.0.0-M15.jar
a3612000-a3617000 r--s 00027000 fc:01 775090                             /home/ubuntu/.local/lib/python3.6/site-packages/pyspark/jars/hk2-api-2.4.0-b34.jar
a3617000-a361b000 r--s 00014000 fc:01 775088                             /home/ubuntu/.local/lib/python3.6/site-packages/pyspark/jars/parquet-common-1.10.1.jar
a361b000-a364f000 r--s 00277000 fc:01 775087                             /home/ubuntu/.local/lib/python3.6/site-packages/pyspark/jars/parquet-hadoop-bundle-1.6.0.jar
a364f000-a3651000 r--s 0000e000 fc:01 775085                             /home/ubuntu/.local/lib/python3.6/site-packages/pyspark/jars/hadoop-mapreduce-client-jobclient-2.7.3.jar
a3651000-a3680000 r--s 0021a000 fc:01 775084                             /home/ubuntu/.local/lib/python3.6/site-packages/pyspark/jars/spark-network-common_2.11-2.4.5.jar
a3680000-a3683000 r--s 0001e000 fc:01 775083                             /home/ubuntu/.local/lib/python3.6/site-packages/pyspark/jars/avro-ipc-1.8.2.jar
a3683000-a368a000 r--s 00053000 fc:01 775082                             /home/ubuntu/.local/lib/python3.6/site-packages/pyspark/jars/commons-compress-1.8.1.jar
a368a000-a368d000 r--s 00025000 fc:01 775081                             /home/ubuntu/.local/lib/python3.6/site-packages/pyspark/jars/commons-dbcp-1.4.jar
a368d000-a369a000 r--s 0009b000 fc:01 775080                             /home/ubuntu/.local/lib/python3.6/site-packages/pyspark/jars/kubernetes-client-4.6.1.jar
a369a000-a36bb000 r--s 00177000 fc:01 775079                             /home/ubuntu/.local/lib/python3.6/site-packages/pyspark/jars/hppc-0.7.2.jar
a36bb000-a36cc000 r--s 0010c000 fc:01 775078                             /home/ubuntu/.local/lib/python3.6/site-packages/pyspark/jars/jackson-databind-2.6.7.3.jar
a36cc000-a36dd000 r--s 00097000 fc:01 775076                             /home/ubuntu/.local/lib/python3.6/site-packages/pyspark/jars/spark-mesos_2.11-2.4.5.jar
a36dd000-a36e2000 r--s 00038000 fc:01 775075                             /home/ubuntu/.local/lib/python3.6/site-packages/pyspark/jars/commons-beanutils-1.9.4.jar
a36e2000-a36f6000 r--s 000ec000 fc:01 775074                             /home/ubuntu/.local/lib/python3.6/site-packages/pyspark/jars/parquet-jackson-1.10.1.jar
a36f6000-a3700000 r--s 0007b000 fc:01 775072                             /home/ubuntu/.local/lib/python3.6/site-packages/pyspark/jars/hadoop-mapreduce-client-app-2.7.3.jar
a3700000-a37f9000 rw-p 00000000 00:00 0 
a37f9000-a3800000 ---p 00000000 00:00 0 
a3800000-a3804000 r--s 00028000 fc:01 775077                             /home/ubuntu/.local/lib/python3.6/site-packages/pyspark/jars/jetty-util-6.1.26.jar
a3804000-a3807000 r--s 00022000 fc:01 775073                             /home/ubuntu/.local/lib/python3.6/site-packages/pyspark/jars/stringtemplate-3.2.1.jar
a3807000-a3809000 r--s 00003000 fc:01 775071                             /home/ubuntu/.local/lib/python3.6/site-packages/pyspark/jars/JavaEWAH-0.3.2.jar
a3809000-a3817000 r--s 000a3000 fc:01 775070                             /home/ubuntu/.local/lib/python3.6/site-packages/pyspark/jars/parquet-format-2.4.0.jar
a3817000-a381a000 r--s 00016000 fc:01 775069                             /home/ubuntu/.local/lib/python3.6/site-packages/pyspark/jars/jsp-api-2.1.jar
a381a000-a381c000 r--s 0000f000 fc:01 775068                             /home/ubuntu/.local/lib/python3.6/site-packages/pyspark/jars/activation-1.1.1.jar
a381c000-a3823000 r--s 00058000 fc:01 775067                             /home/ubuntu/.local/lib/python3.6/site-packages/pyspark/jars/hadoop-yarn-server-common-2.7.3.jar
a3823000-a3824000 r--s 00007000 fc:01 775066                             /home/ubuntu/.local/lib/python3.6/site-packages/pyspark/jars/jackson-module-jaxb-annotations-2.6.7.jar
a3824000-a3853000 r--s 001e4000 fc:01 775065                             /home/ubuntu/.local/lib/python3.6/site-packages/pyspark/jars/spark-streaming_2.11-2.4.5.jar
a3853000-a386e000 r--s 0012e000 fc:01 775064                             /home/ubuntu/.local/lib/python3.6/site-packages/pyspark/jars/spark-hive_2.11-2.4.5.jar
a386e000-a3879000 r--s 000c5000 fc:01 775063                             /home/ubuntu/.local/lib/python3.6/site-packages/pyspark/jars/parquet-encoding-1.10.1.jar
a3879000-a3886000 r--s 000af000 fc:01 775062                             /home/ubuntu/.local/lib/python3.6/site-packages/pyspark/jars/httpclient-4.5.6.jar
a3886000-a3889000 r--s 00009000 fc:01 775061                             /home/ubuntu/.local/lib/python3.6/site-packages/pyspark/jars/jackson-annotations-2.6.7.jar
a3889000-a388b000 r--s 00012000 fc:01 775060                             /home/ubuntu/.local/lib/python3.6/site-packages/pyspark/jars/arrow-memory-0.10.0.jar
a388b000-a38a1000 r--s 00124000 fc:01 775059                             /home/ubuntu/.local/lib/python3.6/site-packages/pyspark/jars/ivy-2.4.0.jar
a38a1000-a38a3000 r--s 00020000 fc:01 775058                             /home/ubuntu/.local/lib/python3.6/site-packages/pyspark/jars/hive-beeline-1.2.1.spark2.jar
a38a3000-a38a7000 r--s 00025000 fc:01 775057                             /home/ubuntu/.local/lib/python3.6/site-packages/pyspark/jars/jersey-client-2.22.2.jar
a38a7000-a38a8000 r--s 00001000 fc:01 775056                             /home/ubuntu/.local/lib/python3.6/site-packages/pyspark/jars/minlog-1.3.0.jar
a38a8000-a38b3000 r--s 000b0000 fc:01 775050                             /home/ubuntu/.local/lib/python3.6/site-packages/pyspark/jars/jtransforms-2.4.0.jar
a38b3000-a3900000 r--s 0041c000 fc:01 775042                             /home/ubuntu/.local/lib/python3.6/site-packages/pyspark/jars/scala-reflect-2.11.12.jar
a3900000-a39fd000 rw-p 00000000 00:00 0 
a39fd000-a3a00000 ---p 00000000 00:00 0 
a3a00000-a3a02000 r--s 00017000 fc:01 775055                             /home/ubuntu/.local/lib/python3.6/site-packages/pyspark/jars/hive-jdbc-1.2.1.spark2.jar
a3a02000-a3a04000 r--s 00008000 fc:01 775054                             /home/ubuntu/.local/lib/python3.6/site-packages/pyspark/jars/metrics-jvm-3.1.5.jar
a3a04000-a3a06000 r--s 00004000 fc:01 775053                             /home/ubuntu/.local/lib/python3.6/site-packages/pyspark/jars/metrics-graphite-3.1.5.jar
a3a06000-a3a07000 r--s 00004000 fc:01 775052                             /home/ubuntu/.local/lib/python3.6/site-packages/pyspark/jars/osgi-resource-locator-1.0.1.jar
a3a07000-a3a0a000 r--s 00015000 fc:01 775051                             /home/ubuntu/.local/lib/python3.6/site-packages/pyspark/jars/commons-pool-1.5.4.jar
a3a0a000-a3a0d000 r--s 00058000 fc:01 775049                             /home/ubuntu/.local/lib/python3.6/site-packages/pyspark/jars/lz4-java-1.4.0.jar
a3a0d000-a3a0e000 r--s 00002000 fc:01 775048                             /home/ubuntu/.local/lib/python3.6/site-packages/pyspark/jars/flatbuffers-1.2.0-3f79e055.jar
a3a0e000-a3a24000 r--s 000d3000 fc:01 775047                             /home/ubuntu/.local/lib/python3.6/site-packages/pyspark/jars/jersey-server-2.22.2.jar
a3a24000-a3a33000 r--s 0009f000 fc:01 775046                             /home/ubuntu/.local/lib/python3.6/site-packages/pyspark/jars/guice-3.0.jar
a3a33000-a3a3b000 r--s 00059000 fc:01 775045                             /home/ubuntu/.local/lib/python3.6/site-packages/pyspark/jars/javolution-5.5.1.jar
a3a3b000-a3a3e000 r--s 0000f000 fc:01 775044                             /home/ubuntu/.local/lib/python3.6/site-packages/pyspark/jars/spark-network-shuffle_2.11-2.4.5.jar
a3a3e000-a3a44000 r--s 00034000 fc:01 775043                             /home/ubuntu/.local/lib/python3.6/site-packages/pyspark/jars/libthrift-0.9.3.jar
a3a44000-a3a48000 r--s 0003e000 fc:01 775041                             /home/ubuntu/.local/lib/python3.6/site-packages/pyspark/jars/jline-2.14.6.jar
a3a48000-a3a4e000 r--s 00045000 fc:01 775040                             /home/ubuntu/.local/lib/python3.6/site-packages/pyspark/jars/commons-httpclient-3.1.jar
a3a4e000-a3a50000 r--s 00007000 fc:01 775039                             /home/ubuntu/.local/lib/python3.6/site-packages/pyspark/jars/paranamer-2.8.jar
a3a50000-a3a57000 r--s 0007d000 fc:01 775038                             /home/ubuntu/.local/lib/python3.6/site-packages/pyspark/jars/jetty-6.1.26.jar
a3a57000-a3a5d000 r--s 00062000 fc:01 775037                             /home/ubuntu/.local/lib/python3.6/site-packages/pyspark/jars/okhttp-3.12.0.jar
a3a5d000-a3a5e000 r--s 00002000 fc:01 775036                             /home/ubuntu/.local/lib/python3.6/site-packages/pyspark/jars/slf4j-log4j12-1.7.16.jar
a3a5e000-a3a6d000 r--s 00096000 fc:01 775034                             /home/ubuntu/.local/lib/python3.6/site-packages/pyspark/jars/spark-yarn_2.11-2.4.5.jar
a3a6d000-a3b16000 r--s 00a4f000 fc:01 775030                             /home/ubuntu/.local/lib/python3.6/site-packages/pyspark/jars/hive-exec-1.2.1.spark2.jar
a3b16000-a3c00000 r--s 009a3000 fc:01 775025                             /home/ubuntu/.local/lib/python3.6/site-packages/pyspark/jars/kubernetes-model-4.6.1.jar
a3c00000-a3cff000 rw-p 00000000 00:00 0 
a3cff000-a3d00000 ---p 00000000 00:00 0 
a3d00000-a3d0a000 r--s 0009a000 fc:01 775035                             /home/ubuntu/.local/lib/python3.6/site-packages/pyspark/jars/scala-xml_2.11-1.0.5.jar
a3d0a000-a3d0c000 r--s 00005000 fc:01 775033                             /home/ubuntu/.local/lib/python3.6/site-packages/pyspark/jars/stax-api-1.0.1.jar
a3d0c000-a3d0d000 r--s 00003000 fc:01 775032                             /home/ubuntu/.local/lib/python3.6/site-packages/pyspark/jars/xmlenc-0.52.jar
a3d0d000-a3d1e000 r--s 00089000 fc:01 775031                             /home/ubuntu/.local/lib/python3.6/site-packages/pyspark/jars/joda-time-2.9.3.jar
a3d1e000-a3d23000 r--s 00035000 fc:01 775029                             /home/ubuntu/.local/lib/python3.6/site-packages/pyspark/jars/chill_2.11-0.9.3.jar
a3d23000-a3d37000 r--s 0016b000 fc:01 775028                             /home/ubuntu/.local/lib/python3.6/site-packages/pyspark/jars/orc-core-1.5.5-nohive.jar
a3d37000-a3d4d000 r--s 001a4000 fc:01 775027                             /home/ubuntu/.local/lib/python3.6/site-packages/pyspark/jars/datanucleus-rdbms-3.2.9.jar
a3d4d000-a3d51000 r--s 0002a000 fc:01 775026                             /home/ubuntu/.local/lib/python3.6/site-packages/pyspark/jars/commons-io-2.4.jar
a3d51000-a3d5e000 r--s 00077000 fc:01 775024                             /home/ubuntu/.local/lib/python3.6/site-packages/pyspark/jars/spark-kubernetes_2.11-2.4.5.jar
a3d5e000-a3d5f000 r--s 00003000 fc:01 775023                             /home/ubuntu/.local/lib/python3.6/site-packages/pyspark/jars/jta-1.1.jar
a3d5f000-a3d65000 r--s 0004c000 fc:01 775022                             /home/ubuntu/.local/lib/python3.6/site-packages/pyspark/jars/antlr4-runtime-4.7.jar
a3d65000-a3d68000 r--s 000fd000 fc:01 775021                             /home/ubuntu/.local/lib/python3.6/site-packages/pyspark/jars/leveldbjni-all-1.8.jar
a3d68000-a3d6b000 r--s 00028000 fc:01 775020                             /home/ubuntu/.local/lib/python3.6/site-packages/pyspark/jars/stream-2.7.0.jar
a3d6b000-a3d6d000 r--s 00002000 fc:01 775019                             /home/ubuntu/.local/lib/python3.6/site-packages/pyspark/jars/aopalliance-repackaged-2.4.0-b34.jar
a3d6d000-a3d71000 r--s 00025000 fc:01 775016                             /home/ubuntu/.local/lib/python3.6/site-packages/pyspark/jars/antlr-runtime-3.4.jar
a3d71000-a3d76000 r--s 00068000 fc:01 775014                             /home/ubuntu/.local/lib/python3.6/site-packages/pyspark/jars/antlr-2.7.7.jar
a3d76000-a3d7a000 r--s 0003c000 fc:01 775013                             /home/ubuntu/.local/lib/python3.6/site-packages/pyspark/jars/jackson-core-2.6.7.jar
a3d7a000-a3d7c000 r--s 0000c000 fc:01 775012                             /home/ubuntu/.local/lib/python3.6/site-packages/pyspark/jars/spark-kvstore_2.11-2.4.5.jar
a3d7c000-a3d7e000 r--s 0000a000 fc:01 775011                             /home/ubuntu/.local/lib/python3.6/site-packages/pyspark/jars/json4s-jackson_2.11-3.5.3.jar
a3d7e000-a3d81000 r--s 0000e000 fc:01 775010                             /home/ubuntu/.local/lib/python3.6/site-packages/pyspark/jars/jersey-container-servlet-core-2.22.2.jar
a3d81000-a3d99000 r--s 001b6000 fc:01 775008                             /home/ubuntu/.local/lib/python3.6/site-packages/pyspark/jars/datanucleus-core-3.2.10.jar
a3d99000-a3dba000 r--s 0019b000 fc:01 775003                             /home/ubuntu/.local/lib/python3.6/site-packages/pyspark/jars/spark-hive-thriftserver_2.11-2.4.5.jar
a3dba000-a3e00000 r--s 00317000 fc:01 774993                             /home/ubuntu/.local/lib/python3.6/site-packages/pyspark/jars/shapeless_2.11-2.3.2.jar
a3e00000-a3efa000 rw-p 00000000 00:00 0 
a3efa000-a3f00000 ---p 00000000 00:00 0 
a3f00000-a3f04000 r--s 0000c000 fc:01 775009                             /home/ubuntu/.local/lib/python3.6/site-packages/pyspark/jars/validation-api-1.1.0.Final.jar
a3f04000-a3f0d000 r--s 0006f000 fc:01 775007                             /home/ubuntu/.local/lib/python3.6/site-packages/pyspark/jars/log4j-1.2.17.jar
a3f0d000-a3f18000 r--s 000bc000 fc:01 775006                             /home/ubuntu/.local/lib/python3.6/site-packages/pyspark/jars/orc-mapreduce-1.5.5-nohive.jar
a3f18000-a3f1b000 r--s 00015000 fc:01 775005                             /home/ubuntu/.local/lib/python3.6/site-packages/pyspark/jars/pyrolite-4.13.jar
a3f1b000-a3f1d000 r--s 0000d000 fc:01 775004                             /home/ubuntu/.local/lib/python3.6/site-packages/pyspark/jars/hadoop-yarn-server-web-proxy-2.7.3.jar
a3f1d000-a3f28000 r--s 00062000 fc:01 774999                             /home/ubuntu/.local/lib/python3.6/site-packages/pyspark/jars/calcite-linq4j-1.2.0-incubating.jar
a3f28000-a3f3a000 r--s 00112000 fc:01 774998                             /home/ubuntu/.local/lib/python3.6/site-packages/pyspark/jars/arpack_combined_all-0.1.jar
a3f3a000-a3fcd000 r--s 00716000 fc:01 774986                             /home/ubuntu/.local/lib/python3.6/site-packages/pyspark/jars/spark-mllib_2.11-2.4.5.jar
a3fcd000-a3fce000 ---p 00000000 00:00 0 
a3fce000-a404e000 rw-p 00000000 00:00 0 
a404e000-a4051000 ---p 00000000 00:00 0 
a4051000-a409f000 rw-p 00000000 00:00 0 
a409f000-a40a0000 ---p 00000000 00:00 0 
a40a0000-a40a3000 ---p 00000000 00:00 0 
a40a3000-a4120000 rw-p 00000000 00:00 0 
a4120000-a4121000 ---p 00000000 00:00 0 
a4121000-a4124000 ---p 00000000 00:00 0 
a4124000-a41a1000 rw-p 00000000 00:00 0 
a41a1000-a41a4000 ---p 00000000 00:00 0 
a41a4000-a41f2000 rw-p 00000000 00:00 0 
a41f2000-a4365000 r--p 00000000 fc:01 7803                               /usr/lib/locale/C.UTF-8/LC_COLLATE
a4365000-a4500000 r--p 00000000 fc:01 7798                               /usr/lib/locale/locale-archive
a4500000-a45ff000 rw-p 00000000 00:00 0 
a45ff000-a4600000 ---p 00000000 00:00 0 
a4600000-a4601000 r--s 00004000 fc:01 775018                             /home/ubuntu/.local/lib/python3.6/site-packages/pyspark/jars/opencsv-2.3.jar
a4601000-a4609000 r--s 0007b000 fc:01 775001                             /home/ubuntu/.local/lib/python3.6/site-packages/pyspark/jars/protobuf-java-2.5.0.jar
a4609000-a460c000 ---p 00000000 00:00 0 
a460c000-a465a000 rw-p 00000000 00:00 0 
a465a000-a465b000 ---p 00000000 00:00 0 
a465b000-a46db000 rw-p 00000000 00:00 0 
a46db000-a48b4000 r--s 03d29000 fc:01 259861                             /usr/lib/jvm/jdk1.8.0_101/jre/lib/rt.jar
a48b4000-a4cfa000 rw-p 00000000 00:00 0 
a4cfa000-a4d00000 ---p 00000000 00:00 0 
a4d00000-a7100000 rw-p 00000000 00:00 0 
a7100000-a71de000 rw-p 00000000 00:00 0 
a71de000-a7200000 ---p 00000000 00:00 0 
a7200000-a7201000 r--s 00000000 fc:01 775017                             /home/ubuntu/.local/lib/python3.6/site-packages/pyspark/jars/shims-0.7.45.jar
a7201000-a7205000 r--s 00029000 fc:01 775000                             /home/ubuntu/.local/lib/python3.6/site-packages/pyspark/jars/spark-mllib-local_2.11-2.4.5.jar
a7205000-a7208000 ---p 00000000 00:00 0 
a7208000-a7300000 rw-p 00000000 00:00 0 
a7300000-a7370000 rw-p 00000000 00:00 0 
a7370000-a7400000 ---p 00000000 00:00 0 
a7400000-a7401000 r--s 00006000 fc:01 775015                             /home/ubuntu/.local/lib/python3.6/site-packages/pyspark/jars/jackson-xc-1.9.13.jar
a7401000-a7403000 r--s 00009000 fc:01 775002                             /home/ubuntu/.local/lib/python3.6/site-packages/pyspark/jars/jackson-module-paranamer-2.7.9.jar
a7403000-a7404000 r--s 00000000 fc:01 774997                             /home/ubuntu/.local/lib/python3.6/site-packages/pyspark/jars/macro-compat_2.11-1.1.1.jar
a7404000-a7410000 r--s 00068000 fc:01 774996                             /home/ubuntu/.local/lib/python3.6/site-packages/pyspark/jars/scala-parser-combinators_2.11-1.1.0.jar
a7410000-a7412000 r--s 00002000 fc:01 774995                             /home/ubuntu/.local/lib/python3.6/site-packages/pyspark/jars/logging-interceptor-3.12.0.jar
a7412000-a7420000 r--s 000b1000 fc:01 774994                             /home/ubuntu/.local/lib/python3.6/site-packages/pyspark/jars/jackson-mapper-asl-1.9.13.jar
a7420000-a7423000 r--s 00019000 fc:01 774990                             /home/ubuntu/.local/lib/python3.6/site-packages/pyspark/jars/bonecp-0.8.0.RELEASE.jar
a7423000-a7428000 r--s 00041000 fc:01 774988                             /home/ubuntu/.local/lib/python3.6/site-packages/pyspark/jars/parquet-hadoop-1.10.1.jar
a7428000-a7429000 ---p 00000000 00:00 0 
a7429000-a74b7000 rw-p 00000000 00:00 0 
a74b7000-a75ff000 ---p 00000000 00:00 0 
a75ff000-a760d000 rw-p 00000000 00:00 0 
a760d000-a7754000 ---p 00000000 00:00 0 
a7754000-a778b000 rw-p 00000000 00:00 0 
a778b000-a77ff000 ---p 00000000 00:00 0 
a77ff000-a9340000 rw-p 00000000 00:00 0 
a9340000-d22c0000 ---p 00000000 00:00 0 
d22c0000-d9000000 rw-p 00000000 00:00 0 
d9000000-e7800000 ---p 00000000 00:00 0 
e7800000-e7801000 r--s 00004000 fc:01 774992                             /home/ubuntu/.local/lib/python3.6/site-packages/pyspark/jars/jackson-jaxrs-1.9.13.jar
e7801000-e7802000 r--s 00006000 fc:01 774991                             /home/ubuntu/.local/lib/python3.6/site-packages/pyspark/jars/orc-shims-1.5.5.jar
e7802000-e7804000 r--s 00006000 fc:01 774989                             /home/ubuntu/.local/lib/python3.6/site-packages/pyspark/jars/spark-sketch_2.11-2.4.5.jar
e7804000-e7808000 r--s 00035000 fc:01 774987                             /home/ubuntu/.local/lib/python3.6/site-packages/pyspark/jars/jackson-core-asl-1.9.13.jar
e7808000-e780a000 r--s 00000000 fc:01 774985                             /home/ubuntu/.local/lib/python3.6/site-packages/pyspark/jars/aopalliance-1.0.jar
e780a000-e783b000 r--p 00000000 fc:01 7804                               /usr/lib/locale/C.UTF-8/LC_CTYPE
e783b000-e783c000 r--p 00000000 fc:01 7809                               /usr/lib/locale/C.UTF-8/LC_NUMERIC
e783c000-e783d000 r--p 00000000 fc:01 7812                               /usr/lib/locale/C.UTF-8/LC_TIME
e783d000-e783e000 r--p 00000000 fc:01 7807                               /usr/lib/locale/C.UTF-8/LC_MONETARY
e783e000-e783f000 r--p 00000000 fc:01 7801                               /usr/lib/locale/C.UTF-8/LC_MESSAGES/SYS_LC_MESSAGES
e783f000-e7846000 r--s 00000000 fc:01 269669                             /usr/lib32/gconv/gconv-modules.cache
e7846000-e785e000 rw-p 00000000 00:00 0 
e785e000-e785f000 ---p 00000000 00:00 0 
e785f000-e78f1000 rw-p 00000000 00:00 0 
e78f1000-e7c9f000 ---p 00000000 00:00 0 
e7c9f000-e80ef000 rwxp 00000000 00:00 0 
e80ef000-f6c9f000 ---p 00000000 00:00 0 
f6c9f000-f6cb8000 r-xp 00000000 fc:01 259814                             /usr/lib/jvm/jdk1.8.0_101/jre/lib/i386/libzip.so
f6cb8000-f6cb9000 rw-p 00019000 fc:01 259814                             /usr/lib/jvm/jdk1.8.0_101/jre/lib/i386/libzip.so
f6cb9000-f6cc5000 r-xp 00000000 fc:01 1032207                            /lib32/libnss_files-2.27.so
f6cc5000-f6cc6000 r--p 0000b000 fc:01 1032207                            /lib32/libnss_files-2.27.so
f6cc6000-f6cc7000 rw-p 0000c000 fc:01 1032207                            /lib32/libnss_files-2.27.so
f6cc7000-f6ccd000 rw-p 00000000 00:00 0 
f6ccd000-f6ce3000 r-xp 00000000 fc:01 1032204                            /lib32/libnsl-2.27.so
f6ce3000-f6ce4000 ---p 00016000 fc:01 1032204                            /lib32/libnsl-2.27.so
f6ce4000-f6ce5000 r--p 00016000 fc:01 1032204                            /lib32/libnsl-2.27.so
f6ce5000-f6ce6000 rw-p 00017000 fc:01 1032204                            /lib32/libnsl-2.27.so
f6ce6000-f6ce8000 rw-p 00000000 00:00 0 
f6ce8000-f6cf4000 r-xp 00000000 fc:01 1032209                            /lib32/libnss_nis-2.27.so
f6cf4000-f6cf5000 r--p 0000b000 fc:01 1032209                            /lib32/libnss_nis-2.27.so
f6cf5000-f6cf6000 rw-p 0000c000 fc:01 1032209                            /lib32/libnss_nis-2.27.so
f6cf6000-f6cfe000 r-xp 00000000 fc:01 1032205                            /lib32/libnss_compat-2.27.so
f6cfe000-f6cff000 r--p 00007000 fc:01 1032205                            /lib32/libnss_compat-2.27.so
f6cff000-f6d00000 rw-p 00008000 fc:01 1032205                            /lib32/libnss_compat-2.27.so
f6d00000-f6df4000 rw-p 00000000 00:00 0 
f6df4000-f6e00000 ---p 00000000 00:00 0 
f6e00000-f6e01000 r--p 00000000 fc:01 7810                               /usr/lib/locale/C.UTF-8/LC_PAPER
f6e01000-f6e09000 rw-s 00000000 fc:01 269380                             /tmp/hsperfdata_ubuntu/18383
f6e09000-f6e2d000 r-xp 00000000 fc:01 259809                             /usr/lib/jvm/jdk1.8.0_101/jre/lib/i386/libjava.so
f6e2d000-f6e2e000 rw-p 00023000 fc:01 259809                             /usr/lib/jvm/jdk1.8.0_101/jre/lib/i386/libjava.so
f6e2e000-f6e39000 r-xp 00000000 fc:01 259760                             /usr/lib/jvm/jdk1.8.0_101/jre/lib/i386/libverify.so
f6e39000-f6e3a000 rw-p 0000b000 fc:01 259760                             /usr/lib/jvm/jdk1.8.0_101/jre/lib/i386/libverify.so
f6e3a000-f6e42000 r-xp 00000000 fc:01 1032214                            /lib32/librt-2.27.so
f6e42000-f6e43000 r--p 00007000 fc:01 1032214                            /lib32/librt-2.27.so
f6e43000-f6e44000 rw-p 00008000 fc:01 1032214                            /lib32/librt-2.27.so
f6e44000-f6e45000 ---p 00000000 00:00 0 
f6e45000-f6e48000 ---p 00000000 00:00 0 
f6e48000-f6e95000 rw-p 00000000 00:00 0 
f6e95000-f6f5e000 r-xp 00000000 fc:01 1032202                            /lib32/libm-2.27.so
f6f5e000-f6f5f000 r--p 000c8000 fc:01 1032202                            /lib32/libm-2.27.so
f6f5f000-f6f60000 rw-p 000c9000 fc:01 1032202                            /lib32/libm-2.27.so
f6f60000-f78e9000 r-xp 00000000 fc:01 259794                             /usr/lib/jvm/jdk1.8.0_101/jre/lib/i386/server/libjvm.so
f78e9000-f7956000 rw-p 00989000 fc:01 259794                             /usr/lib/jvm/jdk1.8.0_101/jre/lib/i386/server/libjvm.so
f7956000-f7d80000 rw-p 00000000 00:00 0 
f7d80000-f7f52000 r-xp 00000000 fc:01 1032198                            /lib32/libc-2.27.so
f7f52000-f7f53000 ---p 001d2000 fc:01 1032198                            /lib32/libc-2.27.so
f7f53000-f7f55000 r--p 001d2000 fc:01 1032198                            /lib32/libc-2.27.so
f7f55000-f7f56000 rw-p 001d4000 fc:01 1032198                            /lib32/libc-2.27.so
f7f56000-f7f59000 rw-p 00000000 00:00 0 
f7f59000-f7f5c000 r-xp 00000000 fc:01 1032201                            /lib32/libdl-2.27.so
f7f5c000-f7f5d000 r--p 00002000 fc:01 1032201                            /lib32/libdl-2.27.so
f7f5d000-f7f5e000 rw-p 00003000 fc:01 1032201                            /lib32/libdl-2.27.so
f7f5e000-f7f72000 r-xp 00000000 fc:01 258198                             /usr/lib/jvm/jdk1.8.0_101/lib/i386/jli/libjli.so
f7f72000-f7f73000 rw-p 00014000 fc:01 258198                             /usr/lib/jvm/jdk1.8.0_101/lib/i386/jli/libjli.so
f7f73000-f7f8e000 r-xp 00000000 fc:01 1032212                            /lib32/libpthread-2.27.so
f7f8e000-f7f8f000 r--p 0001a000 fc:01 1032212                            /lib32/libpthread-2.27.so
f7f8f000-f7f90000 rw-p 0001b000 fc:01 1032212                            /lib32/libpthread-2.27.so
f7f90000-f7f92000 rw-p 00000000 00:00 0 
f7f92000-f7f93000 r--p 00000000 fc:01 7808                               /usr/lib/locale/C.UTF-8/LC_NAME
f7f93000-f7f94000 r--p 00000000 fc:01 7802                               /usr/lib/locale/C.UTF-8/LC_ADDRESS
f7f94000-f7f95000 r--p 00000000 fc:01 7811                               /usr/lib/locale/C.UTF-8/LC_TELEPHONE
f7f95000-f7f96000 r--p 00000000 fc:01 7806                               /usr/lib/locale/C.UTF-8/LC_MEASUREMENT
f7f96000-f7f97000 r--p 00000000 fc:01 7805                               /usr/lib/locale/C.UTF-8/LC_IDENTIFICATION
f7f97000-f7f98000 rw-p 00000000 00:00 0 
f7f98000-f7f99000 r--p 00000000 00:00 0 
f7f99000-f7f9b000 rw-p 00000000 00:00 0 
f7f9b000-f7f9e000 r--p 00000000 00:00 0                                  [vvar]
f7f9e000-f7fa0000 r-xp 00000000 00:00 0                                  [vdso]
f7fa0000-f7fc6000 r-xp 00000000 fc:01 1032194                            /lib32/ld-2.27.so
f7fc6000-f7fc7000 r--p 00025000 fc:01 1032194                            /lib32/ld-2.27.so
f7fc7000-f7fc8000 rw-p 00026000 fc:01 1032194                            /lib32/ld-2.27.so
ffadd000-ffafe000 rw-p 00000000 00:00 0                                  [stack]

VM Arguments:
jvm_args: -Xmx1g 
java_command: org.apache.spark.deploy.SparkSubmit --conf spark.master=spark://192.168.2.81:7077 --conf spark.app.name=nucleotide_div --conf spark.shuffle.service.enabled=False --conf spark.executor.cores=2 --conf spark.dynamicAllocation.executorIdleTimeout=30s --conf spark.dynamicAllocation.enabled=False pyspark-shell
java_class_path (initial): /home/ubuntu/.local/lib/python3.6/site-packages/pyspark/conf:/home/ubuntu/.local/lib/python3.6/site-packages/pyspark/jars/aopalliance-1.0.jar:/home/ubuntu/.local/lib/python3.6/site-packages/pyspark/jars/spark-mllib_2.11-2.4.5.jar:/home/ubuntu/.local/lib/python3.6/site-packages/pyspark/jars/jackson-core-asl-1.9.13.jar:/home/ubuntu/.local/lib/python3.6/site-packages/pyspark/jars/parquet-hadoop-1.10.1.jar:/home/ubuntu/.local/lib/python3.6/site-packages/pyspark/jars/spark-sketch_2.11-2.4.5.jar:/home/ubuntu/.local/lib/python3.6/site-packages/pyspark/jars/bonecp-0.8.0.RELEASE.jar:/home/ubuntu/.local/lib/python3.6/site-packages/pyspark/jars/orc-shims-1.5.5.jar:/home/ubuntu/.local/lib/python3.6/site-packages/pyspark/jars/jackson-jaxrs-1.9.13.jar:/home/ubuntu/.local/lib/python3.6/site-packages/pyspark/jars/shapeless_2.11-2.3.2.jar:/home/ubuntu/.local/lib/python3.6/site-packages/pyspark/jars/jackson-mapper-asl-1.9.13.jar:/home/ubuntu/.local/lib/python3.6/site-packages/pyspark/jars/logging-interceptor-3.12.0.jar:/home/ubuntu/.local/lib/python3.6/site-packages/pyspark/jars/scala-parser-combinators_2.11-1.1.0.jar:/home/ubuntu/.local/lib/python3.6/site-packages/pyspark/jars/macro-compat_2.11-1.1.1.jar:/home/ubuntu/.local/lib/python3.6/site-packages/pyspark/jars/arpack_combined_all-0.1.jar:/home/ubuntu/.local/lib/python3.6/site-packages/pyspark/jars/calcite-linq4j-1.2.0-incubating.jar:/home/ubuntu/.local/lib/python3.6/site-packages/pyspark/jars/spark-mllib-local_2.11-2.4.5.jar:/home/ubuntu/.local/lib/python3.6/site-packages/pyspark/jars/protobuf-java-2.5.0.jar:/home/ubuntu/.local/lib/python3.6/site-packages/pyspark/jars/jackson-module-paranamer-2.7.9.jar:/home/ubuntu/.local/lib/python3.6/site-packages/pyspark/jars/spark-hive-thriftserver_2.11-2.4.5.jar:/home/ubuntu/.local/lib/python3.6/site-packages/pyspark/jars/hadoop-yarn-server-web-proxy-2.7.3.jar:/home/ubuntu/.local/lib/python3.6/site-packages/pyspark/jars/pyrolite-4.13.jar:/home/ubuntu/.local/lib/
Launcher Type: SUN_STANDARD

Environment Variables:
JAVA_HOME=/usr/lib/jvm/jdk1.8.0_101
PATH=/usr/bin:/home/ubuntu/.local/bin:/usr/lib/jvm/jdk1.8.0_101/bin:/usr/local/sbin:/usr/local/bin:/usr/sbin:/usr/bin:/sbin:/bin:/usr/games:/usr/local/games:/snap/bin:/home/ubuntu/hadoop-2.7.3/bin:/usr/local/scala/bin:/usr/local/spark/bin
SHELL=/bin/bash

Signal Handlers:
SIGSEGV: [libjvm.so+0x8d4e30], sa_mask[0]=11111111011111111101111111111110, sa_flags=SA_RESTART|SA_SIGINFO
SIGBUS: [libjvm.so+0x8d4e30], sa_mask[0]=11111111011111111101111111111110, sa_flags=SA_RESTART|SA_SIGINFO
SIGFPE: [libjvm.so+0x753000], sa_mask[0]=11111111011111111101111111111110, sa_flags=SA_RESTART|SA_SIGINFO
SIGPIPE: [libjvm.so+0x753000], sa_mask[0]=11111111011111111101111111111110, sa_flags=SA_RESTART|SA_SIGINFO
SIGXFSZ: [libjvm.so+0x753000], sa_mask[0]=11111111011111111101111111111110, sa_flags=SA_RESTART|SA_SIGINFO
SIGILL: [libjvm.so+0x753000], sa_mask[0]=11111111011111111101111111111110, sa_flags=SA_RESTART|SA_SIGINFO
SIGUSR1: SIG_DFL, sa_mask[0]=00000000000000000000000000000000, sa_flags=none
SIGUSR2: [libjvm.so+0x754680], sa_mask[0]=00000000000000000000000000000000, sa_flags=SA_RESTART|SA_SIGINFO
SIGHUP: [libjvm.so+0x755b30], sa_mask[0]=11111111011111111101111111111110, sa_flags=SA_RESTART|SA_SIGINFO
SIGINT: SIG_IGN, sa_mask[0]=00000000000000000000000000000000, sa_flags=none
SIGTERM: [libjvm.so+0x755b30], sa_mask[0]=11111111011111111101111111111110, sa_flags=SA_RESTART|SA_SIGINFO
SIGQUIT: [libjvm.so+0x755b30], sa_mask[0]=11111111011111111101111111111110, sa_flags=SA_RESTART|SA_SIGINFO


---------------  S Y S T E M  ---------------

OS:DISTRIB_ID=Ubuntu
DISTRIB_RELEASE=18.04
DISTRIB_CODENAME=bionic
DISTRIB_DESCRIPTION="Ubuntu 18.04.4 LTS"

uname:Linux 4.15.0-88-generic #88-Ubuntu SMP Tue Feb 11 20:11:34 UTC 2020 x86_64
libc:glibc 2.27 NPTL 2.27 
rlimit: STACK 8192k, CORE 0k, NPROC 15678, NOFILE 1048576, AS infinity
load average:0.32 0.15 0.09

/proc/meminfo:
MemTotal:        4039172 kB
MemFree:           98024 kB
MemAvailable:          0 kB
Buffers:             284 kB
Cached:             4312 kB
SwapCached:            0 kB
Active:          3809384 kB
Inactive:           2848 kB
Active(anon):    3808276 kB
Inactive(anon):      492 kB
Active(file):       1108 kB
Inactive(file):     2356 kB
Unevictable:           0 kB
Mlocked:               0 kB
SwapTotal:             0 kB
SwapFree:              0 kB
Dirty:                24 kB
Writeback:             8 kB
AnonPages:       3807840 kB
Mapped:             2480 kB
Shmem:               928 kB
Slab:              68420 kB
SReclaimable:      25204 kB
SUnreclaim:        43216 kB
KernelStack:       12208 kB
PageTables:        20900 kB
NFS_Unstable:          0 kB
Bounce:                0 kB
WritebackTmp:          0 kB
CommitLimit:     2019584 kB
Committed_AS:    7022172 kB
VmallocTotal:   34359738367 kB
VmallocUsed:           0 kB
VmallocChunk:          0 kB
HardwareCorrupted:     0 kB
AnonHugePages:         0 kB
ShmemHugePages:        0 kB
ShmemPmdMapped:        0 kB
CmaTotal:              0 kB
CmaFree:               0 kB
HugePages_Total:       0
HugePages_Free:        0
HugePages_Rsvd:        0
HugePages_Surp:        0
Hugepagesize:       2048 kB
DirectMap4k:      139120 kB
DirectMap2M:     4055040 kB
DirectMap1G:     2097152 kB


CPU:total 2 (1 cores per cpu, 1 threads per core) family 6 model 42 stepping 1, cmov, cx8, fxsr, mmx, sse, sse2, sse3, ssse3, sse4.1, sse4.2, popcnt, avx, aes, clmul, tsc

/proc/cpuinfo:
processor	: 0
vendor_id	: GenuineIntel
cpu family	: 6
model		: 42
model name	: Intel Xeon E312xx (Sandy Bridge, IBRS update)
stepping	: 1
microcode	: 0x1
cpu MHz		: 2194.498
cache size	: 16384 KB
physical id	: 0
siblings	: 1
core id		: 0
cpu cores	: 1
apicid		: 0
initial apicid	: 0
fpu		: yes
fpu_exception	: yes
cpuid level	: 13
wp		: yes
flags		: fpu vme de pse tsc msr pae mce cx8 apic sep mtrr pge mca cmov pat pse36 clflush mmx fxsr sse sse2 ss syscall nx pdpe1gb rdtscp lm constant_tsc rep_good nopl xtopology cpuid tsc_known_freq pni pclmulqdq vmx ssse3 cx16 pcid sse4_1 sse4_2 x2apic popcnt tsc_deadline_timer aes xsave avx hypervisor lahf_lm cpuid_fault pti ssbd ibrs ibpb tpr_shadow vnmi flexpriority ept vpid tsc_adjust xsaveopt arat md_clear
bugs		: cpu_meltdown spectre_v1 spectre_v2 spec_store_bypass l1tf mds swapgs itlb_multihit
bogomips	: 4388.99
clflush size	: 64
cache_alignment	: 64
address sizes	: 40 bits physical, 48 bits virtual
power management:

processor	: 1
vendor_id	: GenuineIntel
cpu family	: 6
model		: 42
model name	: Intel Xeon E312xx (Sandy Bridge, IBRS update)
stepping	: 1
microcode	: 0x1
cpu MHz		: 2194.498
cache size	: 16384 KB
physical id	: 1
siblings	: 1
core id		: 0
cpu cores	: 1
apicid		: 1
initial apicid	: 1
fpu		: yes
fpu_exception	: yes
cpuid level	: 13
wp		: yes
flags		: fpu vme de pse tsc msr pae mce cx8 apic sep mtrr pge mca cmov pat pse36 clflush mmx fxsr sse sse2 ss syscall nx pdpe1gb rdtscp lm constant_tsc rep_good nopl xtopology cpuid tsc_known_freq pni pclmulqdq vmx ssse3 cx16 pcid sse4_1 sse4_2 x2apic popcnt tsc_deadline_timer aes xsave avx hypervisor lahf_lm cpuid_fault pti ssbd ibrs ibpb tpr_shadow vnmi flexpriority ept vpid tsc_adjust xsaveopt arat md_clear
bugs		: cpu_meltdown spectre_v1 spectre_v2 spec_store_bypass l1tf mds swapgs itlb_multihit
bogomips	: 4388.99
clflush size	: 64
cache_alignment	: 64
address sizes	: 40 bits physical, 48 bits virtual
power management:



Memory: 4k page, physical 4039172k(97404k free), swap 0k(0k free)

vm_info: Java HotSpot(TM) Server VM (25.101-b13) for linux-x86 JRE (1.8.0_101-b13), built on Jun 22 2016 02:31:35 by "java_re" with gcc 4.3.0 20080428 (Red Hat 4.3.0-8)

time: Fri Jun  5 08:19:27 2020
elapsed time: 6 seconds (0d 0h 0m 6s)

