#
# There is insufficient memory for the Java Runtime Environment to continue.
# Native memory allocation (mmap) failed to map 67108864 bytes for committing reserved memory.
# Possible reasons:
#   The system is out of physical RAM or swap space
#   In 32 bit mode, the process size limit was hit
# Possible solutions:
#   Reduce memory load on the system
#   Increase physical memory or swap space
#   Check if swap backing store is full
#   Use 64 bit Java on a 64 bit OS
#   Decrease Java heap size (-Xmx/-Xms)
#   Decrease number of Java threads
#   Decrease Java thread stack sizes (-Xss)
#   Set larger code cache with -XX:ReservedCodeCacheSize=
# This output file may be truncated or incomplete.
#
#  Out of Memory Error (os_linux.cpp:2627), pid=17915, tid=0xa468bb40
#
# JRE version: Java(TM) SE Runtime Environment (8.0_101-b13) (build 1.8.0_101-b13)
# Java VM: Java HotSpot(TM) Server VM (25.101-b13 mixed mode linux-x86 )
# Failed to write core dump. Core dumps have been disabled. To enable core dumping, try "ulimit -c unlimited" before starting Java again
#

---------------  T H R E A D  ---------------

Current thread (0xa4520c00):  VMThread [stack: 0xa460c000,0xa468c000] [id=17939]

Stack: [0xa460c000,0xa468c000],  sp=0xa468a9a0,  free space=506k
Native frames: (J=compiled Java code, j=interpreted, Vv=VM code, C=native code)
V  [libjvm.so+0x8d431f]  VMError::report_and_die()+0x16f
V  [libjvm.so+0x38ddb5]  report_vm_out_of_memory(char const*, int, unsigned int, VMErrorType, char const*)+0x55
V  [libjvm.so+0x756326]  os::Linux::commit_memory_impl(char*, unsigned int, bool)+0xe6
V  [libjvm.so+0x7567f8]  os::pd_commit_memory(char*, unsigned int, unsigned int, bool)+0x28
V  [libjvm.so+0x75071c]  os::commit_memory(char*, unsigned int, unsigned int, bool)+0x2c
V  [libjvm.so+0x7bb9c8]  PSVirtualSpace::expand_by(unsigned int)+0x48
V  [libjvm.so+0x7bcaca]  PSYoungGen::resize_generation(unsigned int, unsigned int)+0xda
V  [libjvm.so+0x7bbdf9]  PSYoungGen::resize(unsigned int, unsigned int)+0x19
V  [libjvm.so+0x7b9725]  PSScavenge::invoke_no_policy()+0xd15
V  [libjvm.so+0x7b9ee8]  PSScavenge::invoke()+0x28
V  [libjvm.so+0x777d8a]  ParallelScavengeHeap::failed_mem_allocate(unsigned int)+0x5a
V  [libjvm.so+0x8d5dea]  VM_ParallelGCFailedAllocation::doit()+0x7a
V  [libjvm.so+0x8df4a7]  VM_Operation::evaluate()+0x47
V  [libjvm.so+0x8dd583]  VMThread::evaluate_operation(VM_Operation*)+0xb3
V  [libjvm.so+0x8dd920]  VMThread::loop()+0x1b0
V  [libjvm.so+0x8ddd85]  VMThread::run()+0x85
V  [libjvm.so+0x758969]  java_start(Thread*)+0x119
C  [libpthread.so.0+0x63a6]  start_thread+0xf6

VM_Operation (0xa01594a4): ParallelGCFailedAllocation, mode: safepoint, requested by thread 0x9fb16800


---------------  P R O C E S S  ---------------

Java Threads: ( => current thread )
  0x0873f000 JavaThread "dispatcher-event-loop-1" daemon [_thread_blocked, id=17956, stack(0x9f85e000,0x9f8af000)]
  0x0873e000 JavaThread "dispatcher-event-loop-0" daemon [_thread_blocked, id=17955, stack(0x9f8af000,0x9f900000)]
  0x9fb16800 JavaThread "Thread-4" [_thread_blocked, id=17954, stack(0xa010c000,0xa015d000)]
  0x9fb08400 JavaThread "Thread-3" [_thread_in_native, id=17953, stack(0xa015d000,0xa01ae000)]
  0x9fb01800 JavaThread "pool-1-thread-1" [_thread_blocked, id=17952, stack(0xa01ae000,0xa01ff000)]
  0xa007c400 JavaThread "process reaper" daemon [_thread_blocked, id=17950, stack(0xa241e000,0xa2437000)]
  0xa454b800 JavaThread "Service Thread" daemon [_thread_blocked, id=17945, stack(0xa3fac000,0xa3ffd000)]
  0xa4548400 JavaThread "C1 CompilerThread1" daemon [_thread_blocked, id=17944, stack(0xa3ffe000,0xa407e000)]
  0xa4546400 JavaThread "C2 CompilerThread0" daemon [_thread_blocked, id=17943, stack(0xa407f000,0xa40ff000)]
  0xa4544800 JavaThread "Signal Dispatcher" daemon [_thread_blocked, id=17942, stack(0xa40ff000,0xa4150000)]
  0xa4528400 JavaThread "Finalizer" daemon [_thread_blocked, id=17941, stack(0xa445e000,0xa44af000)]
  0xa4525400 JavaThread "Reference Handler" daemon [_thread_blocked, id=17940, stack(0xa44af000,0xa4500000)]
  0xf6c11800 JavaThread "main" [_thread_in_native, id=17936, stack(0xf6dfa000,0xf6e4a000)]

Other Threads:
=>0xa4520c00 VMThread [stack: 0xa460c000,0xa468c000] [id=17939]
  0xa4557800 WatcherThread [stack: 0xa3f2c000,0xa3fac000] [id=17946]

VM state:at safepoint (normal execution)

VM Mutex/Monitor currently owned by a thread:  ([mutex/lock_event])
[0xf6c0efc0] Threads_lock - owner thread: 0xa4520c00
[0xf6c0f420] Heap_lock - owner thread: 0x9fb16800

Heap:
 PSYoungGen      total 67584K, used 4606K [0xd22c0000, 0xd69c0000, 0xe7800000)
  eden space 62976K, 0% used [0xd22c0000,0xd22c0000,0xd6040000)
  from space 4608K, 99% used [0xd6040000,0xd64bfb68,0xd64c0000)
  to   space 4096K, 0% used [0xd64c0000,0xd64c0000,0xd68c0000)
 ParOldGen       total 42496K, used 4169K [0xa7800000, 0xaa180000, 0xd22c0000)
  object space 42496K, 9% used [0xa7800000,0xa7c126e0,0xaa180000)
 Metaspace       used 13240K, capacity 13401K, committed 13464K, reserved 13616K

Card table byte_map: [0xa75ff000,0xa7800000] byte_map_base: 0xa70c3000

Marking Bits: (ParMarkBitMap*) 0xf791e8e0
 Begin Bits: [0xa5100000, 0xa6100000)
 End Bits:   [0xa6100000, 0xa7100000)

Polling page: 0xf7f4d000

CodeCache: size=245760Kb used=3557Kb max_used=3569Kb free=242203Kb
 bounds [0xe7c00000, 0xe7f80000, 0xf6c00000]
 total_blobs=1578 nmethods=1384 adapters=108
 compilation: enabled

Compilation events (10 events):
Event: 4.337 Thread 0xa4548400 nmethod 1380 0xe7f68d48 code [0xe7f68ea0, 0xe7f69224]
Event: 4.347 Thread 0xa4546400 1381       4       java.lang.ref.Finalizer::register (10 bytes)
Event: 4.350 Thread 0xa4546400 nmethod 1381 0xe7f68848 code [0xe7f68980, 0xe7f68c30]
Event: 4.350 Thread 0xa4546400 1382   !   4       java.lang.ref.Finalizer::add (41 bytes)
Event: 4.351 Thread 0xa4546400 nmethod 1382 0xe7f786c8 code [0xe7f787e0, 0xe7f789d0]
Event: 4.425 Thread 0xa4548400 1383   !   3       sun.misc.URLClassPath$JarLoader::getResource (349 bytes)
Event: 4.428 Thread 0xa4548400 nmethod 1383 0xe7f78a88 code [0xe7f78f00, 0xe7f7aab8]
Event: 4.447 Thread 0xa4546400 1384       4       sun.misc.URLClassPath::access$100 (7 bytes)
Event: 4.452 Thread 0xa4546400 nmethod 1384 0xe7f764c8 code [0xe7f76640, 0xe7f76c90]
Event: 4.474 Thread 0xa4546400 1385       4       sun.misc.JarIndex::get (49 bytes)

GC Heap History (10 events):
Event: 1.395 GC heap after
Heap after GC invocations=2 (full 0):
 PSYoungGen      total 18432K, used 2484K [0xd22c0000, 0xd46c0000, 0xe7800000)
  eden space 15872K, 0% used [0xd22c0000,0xd22c0000,0xd3240000)
  from space 2560K, 97% used [0xd34c0000,0xd372d140,0xd3740000)
  to   space 2560K, 0% used [0xd3240000,0xd3240000,0xd34c0000)
 ParOldGen       total 42496K, used 38K [0xa7800000, 0xaa180000, 0xd22c0000)
  object space 42496K, 0% used [0xa7800000,0xa78099d0,0xaa180000)
 Metaspace       used 3991K, capacity 4090K, committed 4120K, reserved 4400K
}
Event: 1.836 GC heap before
{Heap before GC invocations=3 (full 0):
 PSYoungGen      total 18432K, used 18356K [0xd22c0000, 0xd46c0000, 0xe7800000)
  eden space 15872K, 100% used [0xd22c0000,0xd3240000,0xd3240000)
  from space 2560K, 97% used [0xd34c0000,0xd372d140,0xd3740000)
  to   space 2560K, 0% used [0xd3240000,0xd3240000,0xd34c0000)
 ParOldGen       total 42496K, used 38K [0xa7800000, 0xaa180000, 0xd22c0000)
  object space 42496K, 0% used [0xa7800000,0xa78099d0,0xaa180000)
 Metaspace       used 5920K, capacity 5954K, committed 6040K, reserved 6448K
Event: 1.842 GC heap after
Heap after GC invocations=3 (full 0):
 PSYoungGen      total 18432K, used 2556K [0xd22c0000, 0xd46c0000, 0xe7800000)
  eden space 15872K, 0% used [0xd22c0000,0xd22c0000,0xd3240000)
  from space 2560K, 99% used [0xd3240000,0xd34bf1c0,0xd34c0000)
  to   space 2560K, 0% used [0xd4440000,0xd4440000,0xd46c0000)
 ParOldGen       total 42496K, used 124K [0xa7800000, 0xaa180000, 0xd22c0000)
  object space 42496K, 0% used [0xa7800000,0xa781f3b8,0xaa180000)
 Metaspace       used 5920K, capacity 5954K, committed 6040K, reserved 6448K
}
Event: 2.149 GC heap before
{Heap before GC invocations=4 (full 0):
 PSYoungGen      total 18432K, used 18428K [0xd22c0000, 0xd46c0000, 0xe7800000)
  eden space 15872K, 100% used [0xd22c0000,0xd3240000,0xd3240000)
  from space 2560K, 99% used [0xd3240000,0xd34bf1c0,0xd34c0000)
  to   space 2560K, 0% used [0xd4440000,0xd4440000,0xd46c0000)
 ParOldGen       total 42496K, used 124K [0xa7800000, 0xaa180000, 0xd22c0000)
  object space 42496K, 0% used [0xa7800000,0xa781f3b8,0xaa180000)
 Metaspace       used 7106K, capacity 7138K, committed 7192K, reserved 7472K
Event: 2.157 GC heap after
Heap after GC invocations=4 (full 0):
 PSYoungGen      total 34304K, used 2549K [0xd22c0000, 0xd46c0000, 0xe7800000)
  eden space 31744K, 0% used [0xd22c0000,0xd22c0000,0xd41c0000)
  from space 2560K, 99% used [0xd4440000,0xd46bd5c0,0xd46c0000)
  to   space 2560K, 0% used [0xd41c0000,0xd41c0000,0xd4440000)
 ParOldGen       total 42496K, used 706K [0xa7800000, 0xaa180000, 0xd22c0000)
  object space 42496K, 1% used [0xa7800000,0xa78b0b58,0xaa180000)
 Metaspace       used 7106K, capacity 7138K, committed 7192K, reserved 7472K
}
Event: 2.632 GC heap before
{Heap before GC invocations=5 (full 0):
 PSYoungGen      total 34304K, used 34293K [0xd22c0000, 0xd46c0000, 0xe7800000)
  eden space 31744K, 100% used [0xd22c0000,0xd41c0000,0xd41c0000)
  from space 2560K, 99% used [0xd4440000,0xd46bd5c0,0xd46c0000)
  to   space 2560K, 0% used [0xd41c0000,0xd41c0000,0xd4440000)
 ParOldGen       total 42496K, used 706K [0xa7800000, 0xaa180000, 0xd22c0000)
  object space 42496K, 1% used [0xa7800000,0xa78b0b58,0xaa180000)
 Metaspace       used 8797K, capacity 8834K, committed 8856K, reserved 9520K
Event: 2.644 GC heap after
Heap after GC invocations=5 (full 0):
 PSYoungGen      total 34304K, used 2555K [0xd22c0000, 0xd68c0000, 0xe7800000)
  eden space 31744K, 0% used [0xd22c0000,0xd22c0000,0xd41c0000)
  from space 2560K, 99% used [0xd41c0000,0xd443eee8,0xd4440000)
  to   space 4096K, 0% used [0xd64c0000,0xd64c0000,0xd68c0000)
 ParOldGen       total 42496K, used 2098K [0xa7800000, 0xaa180000, 0xd22c0000)
  object space 42496K, 4% used [0xa7800000,0xa7a0c860,0xaa180000)
 Metaspace       used 8797K, capacity 8834K, committed 8856K, reserved 9520K
}
Event: 3.420 GC heap before
{Heap before GC invocations=6 (full 0):
 PSYoungGen      total 34304K, used 34299K [0xd22c0000, 0xd68c0000, 0xe7800000)
  eden space 31744K, 100% used [0xd22c0000,0xd41c0000,0xd41c0000)
  from space 2560K, 99% used [0xd41c0000,0xd443eee8,0xd4440000)
  to   space 4096K, 0% used [0xd64c0000,0xd64c0000,0xd68c0000)
 ParOldGen       total 42496K, used 2098K [0xa7800000, 0xaa180000, 0xd22c0000)
  object space 42496K, 4% used [0xa7800000,0xa7a0c860,0xaa180000)
 Metaspace       used 10640K, capacity 10801K, committed 10904K, reserved 11568K
Event: 3.431 GC heap after
Heap after GC invocations=6 (full 0):
 PSYoungGen      total 67072K, used 4090K [0xd22c0000, 0xd69c0000, 0xe7800000)
  eden space 62976K, 0% used [0xd22c0000,0xd22c0000,0xd6040000)
  from space 4096K, 99% used [0xd64c0000,0xd68be980,0xd68c0000)
  to   space 4608K, 0% used [0xd6040000,0xd6040000,0xd64c0000)
 ParOldGen       total 42496K, used 2292K [0xa7800000, 0xaa180000, 0xd22c0000)
  object space 42496K, 5% used [0xa7800000,0xa7a3d238,0xaa180000)
 Metaspace       used 10640K, capacity 10801K, committed 10904K, reserved 11568K
}
Event: 4.489 GC heap before
{Heap before GC invocations=7 (full 0):
 PSYoungGen      total 67072K, used 67066K [0xd22c0000, 0xd69c0000, 0xe7800000)
  eden space 62976K, 100% used [0xd22c0000,0xd6040000,0xd6040000)
  from space 4096K, 99% used [0xd64c0000,0xd68be980,0xd68c0000)
  to   space 4608K, 0% used [0xd6040000,0xd6040000,0xd64c0000)
 ParOldGen       total 42496K, used 2292K [0xa7800000, 0xaa180000, 0xd22c0000)
  object space 42496K, 5% used [0xa7800000,0xa7a3d238,0xaa180000)
 Metaspace       used 13240K, capacity 13401K, committed 13464K, reserved 13616K

Deoptimization events (10 events):
Event: 1.680 Thread 0xf6c11800 Uncommon trap: reason=unstable_if action=reinterpret pc=0xe7d9e94c method=sun.misc.MetaIndex.mayContain(Ljava/lang/String;)Z @ 13
Event: 1.721 Thread 0xf6c11800 Uncommon trap: reason=unstable_if action=reinterpret pc=0xe7d710c8 method=java.lang.AbstractStringBuilder.append(Ljava/lang/String;)Ljava/lang/AbstractStringBuilder; @ 1
Event: 2.843 Thread 0xf6c11800 Uncommon trap: reason=unstable_if action=reinterpret pc=0xe7d8e050 method=java.util.HashMap.getNode(ILjava/lang/Object;)Ljava/util/HashMap$Node; @ 62
Event: 2.844 Thread 0xf6c11800 Uncommon trap: reason=unstable_if action=reinterpret pc=0xe7e14238 method=java.util.HashMap.getNode(ILjava/lang/Object;)Ljava/util/HashMap$Node; @ 62
Event: 3.256 Thread 0xf6c11800 Uncommon trap: reason=unstable_if action=reinterpret pc=0xe7dcbf14 method=java.util.regex.Pattern$Slice.match(Ljava/util/regex/Matcher;ILjava/lang/CharSequence;)Z @ 54
Event: 3.878 Thread 0x9fb16800 Uncommon trap: reason=class_check action=maybe_recompile pc=0xe7dc6e70 method=sun.misc.URLClassPath.getResource(Ljava/lang/String;Z)Lsun/misc/Resource; @ 62
Event: 3.879 Thread 0x9fb16800 Uncommon trap: reason=unstable_if action=reinterpret pc=0xe7ddbcf0 method=java.lang.String.regionMatches(ZILjava/lang/String;II)Z @ 123
Event: 3.902 Thread 0x9fb16800 Uncommon trap: reason=class_check action=maybe_recompile pc=0xe7dc6e70 method=sun.misc.URLClassPath.getResource(Ljava/lang/String;Z)Lsun/misc/Resource; @ 62
Event: 3.903 Thread 0x9fb16800 Uncommon trap: reason=class_check action=maybe_recompile pc=0xe7dc6e70 method=sun.misc.URLClassPath.getResource(Ljava/lang/String;Z)Lsun/misc/Resource; @ 62
Event: 4.399 Thread 0x9fb16800 Uncommon trap: reason=unstable_if action=reinterpret pc=0xe7ef74f0 method=sun.misc.URLClassPath$JarLoader.getResource(Ljava/lang/String;ZLjava/util/Set;)Lsun/misc/Resource; @ 17

Internal exceptions (10 events):
Event: 1.721 Thread 0xf6c11800 Implicit null exception at 0xe7d70d7f to 0xe7d710b5
Event: 3.061 Thread 0xf6c11800 Exception <a 'java/lang/NoSuchFieldError': method resolution failed> (0xd3493b40) thrown at [/HUDSON/workspace/8-2-build-linux-i586/jdk8u101/7261/hotspot/src/share/vm/prims/methodHandles.cpp, line 1146]
Event: 3.063 Thread 0xf6c11800 Exception <a 'java/lang/NoSuchFieldError': method resolution failed> (0xd34a0010) thrown at [/HUDSON/workspace/8-2-build-linux-i586/jdk8u101/7261/hotspot/src/share/vm/prims/methodHandles.cpp, line 1146]
Event: 3.255 Thread 0xf6c11800 Exception <a 'java/io/FileNotFoundException'> (0xd36202a0) thrown at [/HUDSON/workspace/8-2-build-linux-i586/jdk8u101/7261/hotspot/src/share/vm/prims/jni.cpp, line 709]
Event: 3.255 Thread 0xf6c11800 Exception <a 'java/security/PrivilegedActionException'> (0xd3620898) thrown at [/HUDSON/workspace/8-2-build-linux-i586/jdk8u101/7261/hotspot/src/share/vm/prims/jvm.cpp, line 1386]
Event: 3.255 Thread 0xf6c11800 Exception <a 'java/lang/reflect/InvocationTargetException'> (0xd36228b8) thrown at [/HUDSON/workspace/8-2-build-linux-i586/jdk8u101/7261/hotspot/src/share/vm/runtime/reflection.cpp, line 1092]
Event: 4.390 Thread 0x9fb16800 Exception <a 'java/lang/ArrayIndexOutOfBoundsException'> (0xd5b45b48) thrown at [/HUDSON/workspace/8-2-build-linux-i586/jdk8u101/7261/hotspot/src/share/vm/runtime/sharedRuntime.cpp, line 605]
Event: 4.390 Thread 0x9fb16800 Exception <a 'java/lang/ArrayIndexOutOfBoundsException'> (0xd5b46d60) thrown at [/HUDSON/workspace/8-2-build-linux-i586/jdk8u101/7261/hotspot/src/share/vm/runtime/sharedRuntime.cpp, line 605]
Event: 4.398 Thread 0x9fb16800 Exception <a 'java/lang/ArrayIndexOutOfBoundsException'> (0xd5b9d0c8) thrown at [/HUDSON/workspace/8-2-build-linux-i586/jdk8u101/7261/hotspot/src/share/vm/runtime/sharedRuntime.cpp, line 605]
Event: 4.398 Thread 0x9fb16800 Exception <a 'java/lang/ArrayIndexOutOfBoundsException'> (0xd5b9df38) thrown at [/HUDSON/workspace/8-2-build-linux-i586/jdk8u101/7261/hotspot/src/share/vm/runtime/sharedRuntime.cpp, line 605]

Events (10 events):
Event: 4.484 loading class io/netty/util/concurrent/GlobalEventExecutor$TaskRunner done
Event: 4.485 loading class io/netty/util/concurrent/FailedFuture
Event: 4.485 loading class io/netty/util/concurrent/FailedFuture done
Event: 4.486 loading class io/netty/util/concurrent/CompleteFuture
Event: 4.486 loading class io/netty/util/concurrent/CompleteFuture done
Event: 4.486 loading class io/netty/util/internal/DefaultPriorityQueue
Event: 4.486 loading class io/netty/util/internal/DefaultPriorityQueue done
Event: 4.489 loading class io/netty/util/internal/StringUtil
Event: 4.489 loading class io/netty/util/internal/StringUtil done
Event: 4.489 Executing VM operation: ParallelGCFailedAllocation


Dynamic libraries:
08048000-08049000 r-xp 00000000 fc:01 259515                             /usr/lib/jvm/jdk1.8.0_101/bin/java
08049000-0804a000 rw-p 00000000 fc:01 259515                             /usr/lib/jvm/jdk1.8.0_101/bin/java
0849f000-087bd000 rw-p 00000000 00:00 0                                  [heap]
9f85e000-9f861000 ---p 00000000 00:00 0 
9f861000-9f8af000 rw-p 00000000 00:00 0 
9f8af000-9f8b2000 ---p 00000000 00:00 0 
9f8b2000-9f9e0000 rw-p 00000000 00:00 0 
9f9e0000-9fa00000 ---p 00000000 00:00 0 
9fa00000-9fb00000 rw-p 00000000 00:00 0 
9fb00000-9fb25000 rw-p 00000000 00:00 0 
9fb25000-9fc00000 ---p 00000000 00:00 0 
9fc00000-9fc61000 rw-p 00000000 00:00 0 
9fc61000-9fd00000 ---p 00000000 00:00 0 
9fd00000-9fe00000 rw-p 00000000 00:00 0 
9fe00000-9ff00000 rw-p 00000000 00:00 0 
9ff00000-a0000000 rw-p 00000000 00:00 0 
a0000000-a00fe000 rw-p 00000000 00:00 0 
a00fe000-a0100000 ---p 00000000 00:00 0 
a010c000-a010f000 ---p 00000000 00:00 0 
a010f000-a015d000 rw-p 00000000 00:00 0 
a015d000-a0160000 ---p 00000000 00:00 0 
a0160000-a01ae000 rw-p 00000000 00:00 0 
a01ae000-a01b1000 ---p 00000000 00:00 0 
a01b1000-a02ff000 rw-p 00000000 00:00 0 
a02ff000-a1f00000 rw-p 00000000 00:00 0 
a1f00000-a2000000 rw-p 00000000 00:00 0 
a2000000-a2100000 rw-p 00000000 00:00 0 
a2100000-a2200000 rw-p 00000000 00:00 0 
a2200000-a2300000 rw-p 00000000 00:00 0 
a2300000-a2400000 rw-p 00000000 00:00 0 
a240c000-a241b000 r-xp 00000000 fc:01 259768                             /usr/lib/jvm/jdk1.8.0_101/jre/lib/i386/libnio.so
a241b000-a241c000 rw-p 0000e000 fc:01 259768                             /usr/lib/jvm/jdk1.8.0_101/jre/lib/i386/libnio.so
a241c000-a241d000 r-xp 00000000 fc:01 259750                             /usr/lib/jvm/jdk1.8.0_101/jre/lib/i386/libjaas_unix.so
a241d000-a241e000 rw-p 00000000 fc:01 259750                             /usr/lib/jvm/jdk1.8.0_101/jre/lib/i386/libjaas_unix.so
a241e000-a2421000 ---p 00000000 00:00 0 
a2421000-a2437000 rw-p 00000000 00:00 0 
a2437000-a243f000 r-xp 00000000 fc:01 259753                             /usr/lib/jvm/jdk1.8.0_101/jre/lib/i386/libmanagement.so
a243f000-a2440000 rw-p 00007000 fc:01 259753                             /usr/lib/jvm/jdk1.8.0_101/jre/lib/i386/libmanagement.so
a2440000-a2444000 r--s 00097000 fc:01 259865                             /usr/lib/jvm/jdk1.8.0_101/jre/lib/jsse.jar
a2444000-a2459000 r-xp 00000000 fc:01 259812                             /usr/lib/jvm/jdk1.8.0_101/jre/lib/i386/libnet.so
a2459000-a245a000 rw-p 00015000 fc:01 259812                             /usr/lib/jvm/jdk1.8.0_101/jre/lib/i386/libnet.so
a245a000-a245c000 r--s 00015000 fc:01 775210                             /home/ubuntu/.local/lib/python3.6/site-packages/pyspark/jars/hadoop-auth-2.7.3.jar
a245c000-a2467000 r--s 000b9000 fc:01 775209                             /home/ubuntu/.local/lib/python3.6/site-packages/pyspark/jars/janino-3.0.9.jar
a2467000-a249d000 r--s 0031c000 fc:01 775204                             /home/ubuntu/.local/lib/python3.6/site-packages/pyspark/jars/hadoop-common-2.7.3.jar
a249d000-a2500000 r--s 004de000 fc:01 775200                             /home/ubuntu/.local/lib/python3.6/site-packages/pyspark/jars/hive-metastore-1.2.1.spark2.jar
a2500000-a2600000 rw-p 00000000 00:00 0 
a2600000-a2602000 r--s 00010000 fc:01 775208                             /home/ubuntu/.local/lib/python3.6/site-packages/pyspark/jars/jersey-media-jaxb-2.22.2.jar
a2602000-a2604000 r--s 00008000 fc:01 775207                             /home/ubuntu/.local/lib/python3.6/site-packages/pyspark/jars/commons-compiler-3.0.9.jar
a2604000-a2609000 r--s 00041000 fc:01 775206                             /home/ubuntu/.local/lib/python3.6/site-packages/pyspark/jars/xbean-asm6-shaded-4.8.jar
a2609000-a260a000 r--s 00004000 fc:01 775205                             /home/ubuntu/.local/lib/python3.6/site-packages/pyspark/jars/eigenbase-properties-1.1.5.jar
a260a000-a260c000 r--s 0000e000 fc:01 775203                             /home/ubuntu/.local/lib/python3.6/site-packages/pyspark/jars/guice-servlet-3.0.jar
a260c000-a2635000 r--s 001ee000 fc:01 775202                             /home/ubuntu/.local/lib/python3.6/site-packages/pyspark/jars/guava-14.0.1.jar
a2635000-a2636000 r--s 00000000 fc:01 775201                             /home/ubuntu/.local/lib/python3.6/site-packages/pyspark/jars/kubernetes-model-common-4.6.1.jar
a2636000-a263a000 r--s 00020000 fc:01 775199                             /home/ubuntu/.local/lib/python3.6/site-packages/pyspark/jars/commons-digester-1.8.jar
a263a000-a26a5000 r--s 0093d000 fc:01 775198                             /home/ubuntu/.local/lib/python3.6/site-packages/pyspark/jars/spire_2.11-0.13.0.jar
a26a5000-a26a9000 r--s 0001a000 fc:01 775197                             /home/ubuntu/.local/lib/python3.6/site-packages/pyspark/jars/hk2-utils-2.4.0-b34.jar
a26a9000-a26d8000 r--s 002e5000 fc:01 775195                             /home/ubuntu/.local/lib/python3.6/site-packages/pyspark/jars/derby-10.12.1.1.jar
a26d8000-a26fd000 rw-p 00000000 00:00 0 
a26fd000-a280a000 r--s 00dd7000 fc:01 775194                             /home/ubuntu/.local/lib/python3.6/site-packages/pyspark/jars/scala-compiler-2.11.12.jar
a280a000-a280d000 r--s 00014000 fc:01 775193                             /home/ubuntu/.local/lib/python3.6/site-packages/pyspark/jars/json4s-ast_2.11-3.5.3.jar
a280d000-a280f000 r--s 00003000 fc:01 775192                             /home/ubuntu/.local/lib/python3.6/site-packages/pyspark/jars/jcl-over-slf4j-1.7.16.jar
a280f000-a2811000 r--s 0000b000 fc:01 775191                             /home/ubuntu/.local/lib/python3.6/site-packages/pyspark/jars/spark-unsafe_2.11-2.4.5.jar
a2811000-a281f000 r--s 00089000 fc:01 775190                             /home/ubuntu/.local/lib/python3.6/site-packages/pyspark/jars/json4s-scalap_2.11-3.5.3.jar
a281f000-a2823000 r--s 00029000 fc:01 775189                             /home/ubuntu/.local/lib/python3.6/site-packages/pyspark/jars/hk2-locator-2.4.0-b34.jar
a2823000-a2826000 r--s 00014000 fc:01 775188                             /home/ubuntu/.local/lib/python3.6/site-packages/pyspark/jars/super-csv-2.2.0.jar
a2826000-a2828000 r--s 00004000 fc:01 775187                             /home/ubuntu/.local/lib/python3.6/site-packages/pyspark/jars/stax-api-1.0-2.jar
a2828000-a2900000 r--s 00d92000 fc:01 775177                             /home/ubuntu/.local/lib/python3.6/site-packages/pyspark/jars/breeze_2.11-0.13.2.jar
a2900000-a29fe000 rw-p 00000000 00:00 0 
a29fe000-a2a00000 ---p 00000000 00:00 0 
a2a00000-a2a01000 r--s 00009000 fc:01 775196                             /home/ubuntu/.local/lib/python3.6/site-packages/pyspark/jars/hive-cli-1.2.1.spark2.jar
a2a01000-a2a0e000 r--s 0009c000 fc:01 775185                             /home/ubuntu/.local/lib/python3.6/site-packages/pyspark/jars/json4s-core_2.11-3.5.3.jar
a2a0e000-a2a20000 r--s 00097000 fc:01 775184                             /home/ubuntu/.local/lib/python3.6/site-packages/pyspark/jars/apacheds-kerberos-codec-2.0.0-M15.jar
a2a20000-a2a24000 r--s 0004c000 fc:01 775183                             /home/ubuntu/.local/lib/python3.6/site-packages/pyspark/jars/RoaringBitmap-0.7.45.jar
a2a24000-a2a26000 r--s 0000d000 fc:01 775182                             /home/ubuntu/.local/lib/python3.6/site-packages/pyspark/jars/chill-java-0.9.3.jar
a2a26000-a2a2d000 r--s 00046000 fc:01 775181                             /home/ubuntu/.local/lib/python3.6/site-packages/pyspark/jars/libfb303-0.9.3.jar
a2a2d000-a2a35000 r--s 0005d000 fc:01 775180                             /home/ubuntu/.local/lib/python3.6/site-packages/pyspark/jars/kryo-shaded-4.0.2.jar
a2a35000-a2a58000 rw-p 00000000 00:00 0 
a2a58000-a2a79000 r--s 0015c000 fc:01 775176                             /home/ubuntu/.local/lib/python3.6/site-packages/pyspark/jars/avro-1.8.2.jar
a2a79000-a2aba000 r--s 006c0000 fc:01 775169                             /home/ubuntu/.local/lib/python3.6/site-packages/pyspark/jars/mesos-1.4.0-shaded-protobuf.jar
a2aba000-a2b00000 r--s 0039f000 fc:01 775167                             /home/ubuntu/.local/lib/python3.6/site-packages/pyspark/jars/netty-all-4.1.42.Final.jar
a2b00000-a2bfd000 rw-p 00000000 00:00 0 
a2bfd000-a2c00000 ---p 00000000 00:00 0 
a2c00000-a2c02000 r--s 0001c000 fc:01 775179                             /home/ubuntu/.local/lib/python3.6/site-packages/pyspark/jars/py4j-0.10.7.jar
a2c02000-a2c04000 r--s 00027000 fc:01 775178                             /home/ubuntu/.local/lib/python3.6/site-packages/pyspark/jars/core-1.1.2.jar
a2c04000-a2c0d000 r--s 00046000 fc:01 775175                             /home/ubuntu/.local/lib/python3.6/site-packages/pyspark/jars/jackson-dataformat-yaml-2.6.7.jar
a2c0d000-a2c15000 r--s 0003b000 fc:01 775174                             /home/ubuntu/.local/lib/python3.6/site-packages/pyspark/jars/curator-recipes-2.7.1.jar
a2c15000-a2c21000 r--s 000b6000 fc:01 775172                             /home/ubuntu/.local/lib/python3.6/site-packages/pyspark/jars/zookeeper-3.4.6.jar
a2c21000-a2c3a000 r--s 00150000 fc:01 775170                             /home/ubuntu/.local/lib/python3.6/site-packages/pyspark/jars/htrace-core-3.1.0-incubating.jar
a2c3a000-a2d00000 r--s 008ab000 fc:01 775156                             /home/ubuntu/.local/lib/python3.6/site-packages/pyspark/jars/spark-sql_2.11-2.4.5.jar
a2d00000-a2df0000 rw-p 00000000 00:00 0 
a2df0000-a2e00000 ---p 00000000 00:00 0 
a2e00000-a2e01000 r--s 00009000 fc:01 775186                             /home/ubuntu/.local/lib/python3.6/site-packages/pyspark/jars/slf4j-api-1.7.16.jar
a2e01000-a2e09000 r--s 0005b000 fc:01 775173                             /home/ubuntu/.local/lib/python3.6/site-packages/pyspark/jars/univocity-parsers-2.7.3.jar
a2e09000-a2e0b000 r--s 00012000 fc:01 775171                             /home/ubuntu/.local/lib/python3.6/site-packages/pyspark/jars/api-util-1.0.0-M20.jar
a2e0b000-a2e0d000 r--s 00009000 fc:01 775168                             /home/ubuntu/.local/lib/python3.6/site-packages/pyspark/jars/commons-cli-1.2.jar
a2e0d000-a2e0e000 r--s 00000000 fc:01 775166                             /home/ubuntu/.local/lib/python3.6/site-packages/pyspark/jars/javax.inject-1.jar
a2e0e000-a2e13000 r--s 00041000 fc:01 775165                             /home/ubuntu/.local/lib/python3.6/site-packages/pyspark/jars/commons-lang-2.6.jar
a2e13000-a2e1a000 r--s 00049000 fc:01 775164                             /home/ubuntu/.local/lib/python3.6/site-packages/pyspark/jars/httpcore-4.4.10.jar
a2e1a000-a2e1c000 r--s 00003000 fc:01 775163                             /home/ubuntu/.local/lib/python3.6/site-packages/pyspark/jars/jersey-container-servlet-2.22.2.jar
a2e1c000-a2e34000 r--s 00115000 fc:01 775162                             /home/ubuntu/.local/lib/python3.6/site-packages/pyspark/jars/xercesImpl-2.9.1.jar
a2e34000-a2e36000 r--s 00010000 fc:01 775161                             /home/ubuntu/.local/lib/python3.6/site-packages/pyspark/jars/hadoop-mapreduce-client-shuffle-2.7.3.jar
a2e36000-a2e43000 r--s 000a0000 fc:01 775160                             /home/ubuntu/.local/lib/python3.6/site-packages/pyspark/jars/spark-graphx_2.11-2.4.5.jar
a2e43000-a2e49000 r--s 0003c000 fc:01 775159                             /home/ubuntu/.local/lib/python3.6/site-packages/pyspark/jars/snakeyaml-1.15.jar
a2e49000-a2e4a000 r--s 00003000 fc:01 775158                             /home/ubuntu/.local/lib/python3.6/site-packages/pyspark/jars/generex-1.0.2.jar
a2e4a000-a2e4c000 r--s 00005000 fc:01 775157                             /home/ubuntu/.local/lib/python3.6/site-packages/pyspark/jars/javax.annotation-api-1.2.jar
a2e4c000-a2e52000 r--s 00028000 fc:01 775155                             /home/ubuntu/.local/lib/python3.6/site-packages/pyspark/jars/curator-framework-2.7.1.jar
a2e52000-a2e53000 r--s 00008000 fc:01 775154                             /home/ubuntu/.local/lib/python3.6/site-packages/pyspark/jars/machinist_2.11-0.6.1.jar
a2e53000-a2e59000 r--s 00063000 fc:01 775153                             /home/ubuntu/.local/lib/python3.6/site-packages/pyspark/jars/jodd-core-3.5.2.jar
a2e59000-a2e60000 r--s 0003f000 fc:01 775152                             /home/ubuntu/.local/lib/python3.6/site-packages/pyspark/jars/commons-codec-1.10.jar
a2e60000-a2e62000 r--s 0000e000 fc:01 775151                             /home/ubuntu/.local/lib/python3.6/site-packages/pyspark/jars/oro-2.0.8.jar
a2e62000-a2e66000 r--s 0001e000 fc:01 775150                             /home/ubuntu/.local/lib/python3.6/site-packages/pyspark/jars/spark-repl_2.11-2.4.5.jar
a2e66000-a2e69000 r--s 00006000 fc:01 775149                             /home/ubuntu/.local/lib/python3.6/site-packages/pyspark/jars/jsr305-1.3.9.jar
a2e69000-a2e6c000 r--s 00015000 fc:01 775148                             /home/ubuntu/.local/lib/python3.6/site-packages/pyspark/jars/javax.servlet-api-3.1.0.jar
a2e6c000-a2e6e000 r--s 0000f000 fc:01 775147                             /home/ubuntu/.local/lib/python3.6/site-packages/pyspark/jars/curator-client-2.7.1.jar
a2e6e000-a2e8b000 r--s 001d5000 fc:01 775146                             /home/ubuntu/.local/lib/python3.6/site-packages/pyspark/jars/hadoop-yarn-api-2.7.3.jar
a2e8b000-a2e99000 r--s 0009d000 fc:01 775145                             /home/ubuntu/.local/lib/python3.6/site-packages/pyspark/jars/jersey-common-2.22.2.jar
a2e99000-a2eb0000 r--s 00183000 fc:01 775144                             /home/ubuntu/.local/lib/python3.6/site-packages/pyspark/jars/hadoop-yarn-common-2.7.3.jar
a2eb0000-a2eb2000 r--s 00000000 fc:01 775143                             /home/ubuntu/.local/lib/python3.6/site-packages/pyspark/jars/jul-to-slf4j-1.7.16.jar
a2eb2000-a2eba000 r--s 00066000 fc:01 775142                             /home/ubuntu/.local/lib/python3.6/site-packages/pyspark/jars/apache-log4j-extras-1.2.17.jar
a2eba000-a2ebc000 r--s 00007000 fc:01 775141                             /home/ubuntu/.local/lib/python3.6/site-packages/pyspark/jars/zjsonpatch-0.3.0.jar
a2ebc000-a2ec0000 r--s 00015000 fc:01 775140                             /home/ubuntu/.local/lib/python3.6/site-packages/pyspark/jars/xz-1.5.jar
a2ec0000-a2ec2000 r--s 00014000 fc:01 775139                             /home/ubuntu/.local/lib/python3.6/site-packages/pyspark/jars/okio-1.15.0.jar
a2ec2000-a2ec5000 r--s 00026000 fc:01 775138                             /home/ubuntu/.local/lib/python3.6/site-packages/pyspark/jars/hadoop-yarn-client-2.7.3.jar
a2ec5000-a2ecf000 r--s 000a5000 fc:01 775137                             /home/ubuntu/.local/lib/python3.6/site-packages/pyspark/jars/javassist-3.18.1-GA.jar
a2ecf000-a2ed4000 r--s 00027000 fc:01 775136                             /home/ubuntu/.local/lib/python3.6/site-packages/pyspark/jars/automaton-1.11-8.jar
a2ed4000-a2ed8000 r--s 0002a000 fc:01 775135                             /home/ubuntu/.local/lib/python3.6/site-packages/pyspark/jars/avro-mapred-1.8.2-hadoop2.jar
a2ed8000-a2efc000 r--s 001cd000 fc:01 775133                             /home/ubuntu/.local/lib/python3.6/site-packages/pyspark/jars/commons-math3-3.4.1.jar
a2efc000-a2f00000 r--s 00036000 fc:01 775132                             /home/ubuntu/.local/lib/python3.6/site-packages/pyspark/jars/ST4-4.0.4.jar
a2f00000-a3000000 rw-p 00000000 00:00 0 
a3000000-a3001000 r--s 00001000 fc:01 775134                             /home/ubuntu/.local/lib/python3.6/site-packages/pyspark/jars/javax.inject-2.4.0-b34.jar
a3001000-a3002000 r--s 00009000 fc:01 775131                             /home/ubuntu/.local/lib/python3.6/site-packages/pyspark/jars/hadoop-annotations-2.7.3.jar
a3002000-a300f000 r--s 00083000 fc:01 775130                             /home/ubuntu/.local/lib/python3.6/site-packages/pyspark/jars/commons-collections-3.2.2.jar
a300f000-a3028000 r--s 00164000 fc:01 775129                             /home/ubuntu/.local/lib/python3.6/site-packages/pyspark/jars/hadoop-mapreduce-client-core-2.7.3.jar
a3028000-a305f000 r--s 00325000 fc:01 775128                             /home/ubuntu/.local/lib/python3.6/site-packages/pyspark/jars/calcite-core-1.2.0-incubating.jar
a305f000-a3067000 r--s 0006e000 fc:01 775126                             /home/ubuntu/.local/lib/python3.6/site-packages/pyspark/jars/commons-lang3-3.5.jar
a3067000-a306a000 r--s 00017000 fc:01 775125                             /home/ubuntu/.local/lib/python3.6/site-packages/pyspark/jars/jaxb-api-2.2.2.jar
a306a000-a306d000 r--s 0000b000 fc:01 775124                             /home/ubuntu/.local/lib/python3.6/site-packages/pyspark/jars/objenesis-2.5.1.jar
a306d000-a3073000 r--s 0002c000 fc:01 775123                             /home/ubuntu/.local/lib/python3.6/site-packages/pyspark/jars/jdo-api-3.0.1.jar
a3073000-a3077000 r--s 0002a000 fc:01 775122                             /home/ubuntu/.local/lib/python3.6/site-packages/pyspark/jars/breeze-macros_2.11-0.13.2.jar
a3077000-a307a000 r--s 001eb000 fc:01 775120                             /home/ubuntu/.local/lib/python3.6/site-packages/pyspark/jars/snappy-java-1.1.7.3.jar
a307a000-a3081000 r--s 00039000 fc:01 775119                             /home/ubuntu/.local/lib/python3.6/site-packages/pyspark/jars/calcite-avatica-1.2.0-incubating.jar
a3081000-a308e000 r--s 00071000 fc:01 775117                             /home/ubuntu/.local/lib/python3.6/site-packages/pyspark/jars/jackson-module-scala_2.11-2.6.7.1.jar
a308e000-a30b1000 rw-p 00000000 00:00 0 
a30b1000-a31a7000 r--s 00bf8000 fc:01 775115                             /home/ubuntu/.local/lib/python3.6/site-packages/pyspark/jars/spark-core_2.11-2.4.5.jar
a31a7000-a3200000 r--s 00523000 fc:01 775111                             /home/ubuntu/.local/lib/python3.6/site-packages/pyspark/jars/scala-library-2.11.12.jar
a3200000-a3300000 rw-p 00000000 00:00 0 
a3300000-a3301000 r--s 00003000 fc:01 775127                             /home/ubuntu/.local/lib/python3.6/site-packages/pyspark/jars/metrics-json-3.1.5.jar
a3301000-a3302000 r--s 00003000 fc:01 775121                             /home/ubuntu/.local/lib/python3.6/site-packages/pyspark/jars/spark-tags_2.11-2.4.5.jar
a3302000-a3303000 r--s 00002000 fc:01 775118                             /home/ubuntu/.local/lib/python3.6/site-packages/pyspark/jars/jpam-1.1.jar
a3303000-a3305000 r--s 00011000 fc:01 775116                             /home/ubuntu/.local/lib/python3.6/site-packages/pyspark/jars/spark-launcher_2.11-2.4.5.jar
a3305000-a331e000 r--s 0012c000 fc:01 775114                             /home/ubuntu/.local/lib/python3.6/site-packages/pyspark/jars/netty-3.9.9.Final.jar
a331e000-a3323000 r--s 0002a000 fc:01 775113                             /home/ubuntu/.local/lib/python3.6/site-packages/pyspark/jars/gson-2.2.4.jar
a3323000-a3333000 r--s 00133000 fc:01 775112                             /home/ubuntu/.local/lib/python3.6/site-packages/pyspark/jars/arrow-vector-0.10.0.jar
a3333000-a3335000 r--s 00003000 fc:01 775110                             /home/ubuntu/.local/lib/python3.6/site-packages/pyspark/jars/api-asn1-api-1.0.0-M20.jar
a3335000-a333b000 r--s 00043000 fc:01 775109                             /home/ubuntu/.local/lib/python3.6/site-packages/pyspark/jars/commons-configuration-1.6.jar
a333b000-a333d000 r--s 00238000 fc:01 775108                             /home/ubuntu/.local/lib/python3.6/site-packages/pyspark/jars/zstd-jni-1.3.2-2.jar
a333d000-a333f000 r--s 0000e000 fc:01 775107                             /home/ubuntu/.local/lib/python3.6/site-packages/pyspark/jars/commons-logging-1.1.3.jar
a333f000-a3343000 r--s 0001a000 fc:01 775106                             /home/ubuntu/.local/lib/python3.6/site-packages/pyspark/jars/metrics-core-3.1.5.jar
a3343000-a3345000 r--s 00012000 fc:01 775105                             /home/ubuntu/.local/lib/python3.6/site-packages/pyspark/jars/compress-lzf-1.0.3.jar
a3345000-a3346000 r--s 0000b000 fc:01 775104                             /home/ubuntu/.local/lib/python3.6/site-packages/pyspark/jars/snappy-0.2.jar
a3346000-a335e000 r--s 000d6000 fc:01 775103                             /home/ubuntu/.local/lib/python3.6/site-packages/pyspark/jars/jersey-guava-2.22.2.jar
a335e000-a3363000 r--s 0003e000 fc:01 775102                             /home/ubuntu/.local/lib/python3.6/site-packages/pyspark/jars/commons-net-3.1.jar
a3363000-a3364000 r--s 00006000 fc:01 775101                             /home/ubuntu/.local/lib/python3.6/site-packages/pyspark/jars/hadoop-client-2.7.3.jar
a3364000-a3366000 r--s 0000b000 fc:01 775100                             /home/ubuntu/.local/lib/python3.6/site-packages/pyspark/jars/arrow-format-0.10.0.jar
a3366000-a3368000 r--s 00001000 fc:01 775099                             /home/ubuntu/.local/lib/python3.6/site-packages/pyspark/jars/spark-tags_2.11-2.4.5-tests.jar
a3368000-a336c000 r--s 00019000 fc:01 775098                             /home/ubuntu/.local/lib/python3.6/site-packages/pyspark/jars/javax.ws.rs-api-2.0.1.jar
a336c000-a336e000 r--s 00014000 fc:01 775097                             /home/ubuntu/.local/lib/python3.6/site-packages/pyspark/jars/spire-macros_2.11-0.13.0.jar
a336e000-a3370000 r--s 0001f000 fc:01 775096                             /home/ubuntu/.local/lib/python3.6/site-packages/pyspark/jars/commons-crypto-1.0.0.jar
a3370000-a3373000 r--s 0001e000 fc:01 775095                             /home/ubuntu/.local/lib/python3.6/site-packages/pyspark/jars/aircompressor-0.10.jar
a3373000-a3380000 r--s 000b1000 fc:01 775094                             /home/ubuntu/.local/lib/python3.6/site-packages/pyspark/jars/hadoop-mapreduce-client-common-2.7.3.jar
a3380000-a3385000 r--s 0004e000 fc:01 775093                             /home/ubuntu/.local/lib/python3.6/site-packages/pyspark/jars/datanucleus-api-jdo-3.2.6.jar
a3385000-a33f0000 r--s 00784000 fc:01 775092                             /home/ubuntu/.local/lib/python3.6/site-packages/pyspark/jars/hadoop-hdfs-2.7.3.jar
a33f0000-a33f1000 r--s 0000a000 fc:01 775091                             /home/ubuntu/.local/lib/python3.6/site-packages/pyspark/jars/apacheds-i18n-2.0.0-M15.jar
a33f1000-a33f6000 r--s 00027000 fc:01 775090                             /home/ubuntu/.local/lib/python3.6/site-packages/pyspark/jars/hk2-api-2.4.0-b34.jar
a33f6000-a340f000 r--s 000f4000 fc:01 775089                             /home/ubuntu/.local/lib/python3.6/site-packages/pyspark/jars/parquet-column-1.10.1.jar
a340f000-a3443000 r--s 00277000 fc:01 775087                             /home/ubuntu/.local/lib/python3.6/site-packages/pyspark/jars/parquet-hadoop-bundle-1.6.0.jar
a3443000-a3500000 r--s 0090a000 fc:01 775086                             /home/ubuntu/.local/lib/python3.6/site-packages/pyspark/jars/spark-catalyst_2.11-2.4.5.jar
a3500000-a35ff000 rw-p 00000000 00:00 0 
a35ff000-a3600000 ---p 00000000 00:00 0 
a3600000-a3604000 r--s 00014000 fc:01 775088                             /home/ubuntu/.local/lib/python3.6/site-packages/pyspark/jars/parquet-common-1.10.1.jar
a3604000-a3606000 r--s 0000e000 fc:01 775085                             /home/ubuntu/.local/lib/python3.6/site-packages/pyspark/jars/hadoop-mapreduce-client-jobclient-2.7.3.jar
a3606000-a3635000 r--s 0021a000 fc:01 775084                             /home/ubuntu/.local/lib/python3.6/site-packages/pyspark/jars/spark-network-common_2.11-2.4.5.jar
a3635000-a3638000 r--s 0001e000 fc:01 775083                             /home/ubuntu/.local/lib/python3.6/site-packages/pyspark/jars/avro-ipc-1.8.2.jar
a3638000-a363f000 r--s 00053000 fc:01 775082                             /home/ubuntu/.local/lib/python3.6/site-packages/pyspark/jars/commons-compress-1.8.1.jar
a363f000-a3642000 r--s 00025000 fc:01 775081                             /home/ubuntu/.local/lib/python3.6/site-packages/pyspark/jars/commons-dbcp-1.4.jar
a3642000-a364f000 r--s 0009b000 fc:01 775080                             /home/ubuntu/.local/lib/python3.6/site-packages/pyspark/jars/kubernetes-client-4.6.1.jar
a364f000-a3670000 r--s 00177000 fc:01 775079                             /home/ubuntu/.local/lib/python3.6/site-packages/pyspark/jars/hppc-0.7.2.jar
a3670000-a3681000 r--s 0010c000 fc:01 775078                             /home/ubuntu/.local/lib/python3.6/site-packages/pyspark/jars/jackson-databind-2.6.7.3.jar
a3681000-a3685000 r--s 00028000 fc:01 775077                             /home/ubuntu/.local/lib/python3.6/site-packages/pyspark/jars/jetty-util-6.1.26.jar
a3685000-a3696000 r--s 00097000 fc:01 775076                             /home/ubuntu/.local/lib/python3.6/site-packages/pyspark/jars/spark-mesos_2.11-2.4.5.jar
a3696000-a369b000 r--s 00038000 fc:01 775075                             /home/ubuntu/.local/lib/python3.6/site-packages/pyspark/jars/commons-beanutils-1.9.4.jar
a369b000-a36af000 r--s 000ec000 fc:01 775074                             /home/ubuntu/.local/lib/python3.6/site-packages/pyspark/jars/parquet-jackson-1.10.1.jar
a36af000-a36b2000 r--s 00022000 fc:01 775073                             /home/ubuntu/.local/lib/python3.6/site-packages/pyspark/jars/stringtemplate-3.2.1.jar
a36b2000-a36bc000 r--s 0007b000 fc:01 775072                             /home/ubuntu/.local/lib/python3.6/site-packages/pyspark/jars/hadoop-mapreduce-client-app-2.7.3.jar
a36bc000-a36be000 r--s 00003000 fc:01 775071                             /home/ubuntu/.local/lib/python3.6/site-packages/pyspark/jars/JavaEWAH-0.3.2.jar
a36be000-a36cc000 r--s 000a3000 fc:01 775070                             /home/ubuntu/.local/lib/python3.6/site-packages/pyspark/jars/parquet-format-2.4.0.jar
a36cc000-a36cf000 r--s 00016000 fc:01 775069                             /home/ubuntu/.local/lib/python3.6/site-packages/pyspark/jars/jsp-api-2.1.jar
a36cf000-a36d1000 r--s 0000f000 fc:01 775068                             /home/ubuntu/.local/lib/python3.6/site-packages/pyspark/jars/activation-1.1.1.jar
a36d1000-a3700000 r--s 001e4000 fc:01 775065                             /home/ubuntu/.local/lib/python3.6/site-packages/pyspark/jars/spark-streaming_2.11-2.4.5.jar
a3700000-a37fd000 rw-p 00000000 00:00 0 
a37fd000-a3800000 ---p 00000000 00:00 0 
a3800000-a3807000 r--s 00058000 fc:01 775067                             /home/ubuntu/.local/lib/python3.6/site-packages/pyspark/jars/hadoop-yarn-server-common-2.7.3.jar
a3807000-a3808000 r--s 00007000 fc:01 775066                             /home/ubuntu/.local/lib/python3.6/site-packages/pyspark/jars/jackson-module-jaxb-annotations-2.6.7.jar
a3808000-a3823000 r--s 0012e000 fc:01 775064                             /home/ubuntu/.local/lib/python3.6/site-packages/pyspark/jars/spark-hive_2.11-2.4.5.jar
a3823000-a382e000 r--s 000c5000 fc:01 775063                             /home/ubuntu/.local/lib/python3.6/site-packages/pyspark/jars/parquet-encoding-1.10.1.jar
a382e000-a383b000 r--s 000af000 fc:01 775062                             /home/ubuntu/.local/lib/python3.6/site-packages/pyspark/jars/httpclient-4.5.6.jar
a383b000-a383e000 r--s 00009000 fc:01 775061                             /home/ubuntu/.local/lib/python3.6/site-packages/pyspark/jars/jackson-annotations-2.6.7.jar
a383e000-a3840000 r--s 00012000 fc:01 775060                             /home/ubuntu/.local/lib/python3.6/site-packages/pyspark/jars/arrow-memory-0.10.0.jar
a3840000-a3856000 r--s 00124000 fc:01 775059                             /home/ubuntu/.local/lib/python3.6/site-packages/pyspark/jars/ivy-2.4.0.jar
a3856000-a3858000 r--s 00020000 fc:01 775058                             /home/ubuntu/.local/lib/python3.6/site-packages/pyspark/jars/hive-beeline-1.2.1.spark2.jar
a3858000-a385c000 r--s 00025000 fc:01 775057                             /home/ubuntu/.local/lib/python3.6/site-packages/pyspark/jars/jersey-client-2.22.2.jar
a385c000-a385d000 r--s 00001000 fc:01 775056                             /home/ubuntu/.local/lib/python3.6/site-packages/pyspark/jars/minlog-1.3.0.jar
a385d000-a385f000 r--s 00017000 fc:01 775055                             /home/ubuntu/.local/lib/python3.6/site-packages/pyspark/jars/hive-jdbc-1.2.1.spark2.jar
a385f000-a3861000 r--s 00008000 fc:01 775054                             /home/ubuntu/.local/lib/python3.6/site-packages/pyspark/jars/metrics-jvm-3.1.5.jar
a3861000-a3863000 r--s 00004000 fc:01 775053                             /home/ubuntu/.local/lib/python3.6/site-packages/pyspark/jars/metrics-graphite-3.1.5.jar
a3863000-a3864000 r--s 00004000 fc:01 775052                             /home/ubuntu/.local/lib/python3.6/site-packages/pyspark/jars/osgi-resource-locator-1.0.1.jar
a3864000-a3867000 r--s 00015000 fc:01 775051                             /home/ubuntu/.local/lib/python3.6/site-packages/pyspark/jars/commons-pool-1.5.4.jar
a3867000-a3872000 r--s 000b0000 fc:01 775050                             /home/ubuntu/.local/lib/python3.6/site-packages/pyspark/jars/jtransforms-2.4.0.jar
a3872000-a3875000 r--s 00058000 fc:01 775049                             /home/ubuntu/.local/lib/python3.6/site-packages/pyspark/jars/lz4-java-1.4.0.jar
a3875000-a3876000 r--s 00002000 fc:01 775048                             /home/ubuntu/.local/lib/python3.6/site-packages/pyspark/jars/flatbuffers-1.2.0-3f79e055.jar
a3876000-a388c000 r--s 000d3000 fc:01 775047                             /home/ubuntu/.local/lib/python3.6/site-packages/pyspark/jars/jersey-server-2.22.2.jar
a388c000-a389b000 r--s 0009f000 fc:01 775046                             /home/ubuntu/.local/lib/python3.6/site-packages/pyspark/jars/guice-3.0.jar
a389b000-a38a3000 r--s 00059000 fc:01 775045                             /home/ubuntu/.local/lib/python3.6/site-packages/pyspark/jars/javolution-5.5.1.jar
a38a3000-a38a9000 r--s 00034000 fc:01 775043                             /home/ubuntu/.local/lib/python3.6/site-packages/pyspark/jars/libthrift-0.9.3.jar
a38a9000-a38f6000 r--s 0041c000 fc:01 775042                             /home/ubuntu/.local/lib/python3.6/site-packages/pyspark/jars/scala-reflect-2.11.12.jar
a38f6000-a38fa000 r--s 0003e000 fc:01 775041                             /home/ubuntu/.local/lib/python3.6/site-packages/pyspark/jars/jline-2.14.6.jar
a38fa000-a3900000 r--s 00045000 fc:01 775040                             /home/ubuntu/.local/lib/python3.6/site-packages/pyspark/jars/commons-httpclient-3.1.jar
a3900000-a39fe000 rw-p 00000000 00:00 0 
a39fe000-a3a00000 ---p 00000000 00:00 0 
a3a00000-a3a03000 r--s 0000f000 fc:01 775044                             /home/ubuntu/.local/lib/python3.6/site-packages/pyspark/jars/spark-network-shuffle_2.11-2.4.5.jar
a3a03000-a3a05000 r--s 00007000 fc:01 775039                             /home/ubuntu/.local/lib/python3.6/site-packages/pyspark/jars/paranamer-2.8.jar
a3a05000-a3a0c000 r--s 0007d000 fc:01 775038                             /home/ubuntu/.local/lib/python3.6/site-packages/pyspark/jars/jetty-6.1.26.jar
a3a0c000-a3a12000 r--s 00062000 fc:01 775037                             /home/ubuntu/.local/lib/python3.6/site-packages/pyspark/jars/okhttp-3.12.0.jar
a3a12000-a3a1c000 r--s 0009a000 fc:01 775035                             /home/ubuntu/.local/lib/python3.6/site-packages/pyspark/jars/scala-xml_2.11-1.0.5.jar
a3a1c000-a3a2b000 r--s 00096000 fc:01 775034                             /home/ubuntu/.local/lib/python3.6/site-packages/pyspark/jars/spark-yarn_2.11-2.4.5.jar
a3a2b000-a3a2d000 r--s 00005000 fc:01 775033                             /home/ubuntu/.local/lib/python3.6/site-packages/pyspark/jars/stax-api-1.0.1.jar
a3a2d000-a3a3e000 r--s 00089000 fc:01 775031                             /home/ubuntu/.local/lib/python3.6/site-packages/pyspark/jars/joda-time-2.9.3.jar
a3a3e000-a3ae7000 r--s 00a4f000 fc:01 775030                             /home/ubuntu/.local/lib/python3.6/site-packages/pyspark/jars/hive-exec-1.2.1.spark2.jar
a3ae7000-a3aec000 r--s 00035000 fc:01 775029                             /home/ubuntu/.local/lib/python3.6/site-packages/pyspark/jars/chill_2.11-0.9.3.jar
a3aec000-a3b00000 r--s 0016b000 fc:01 775028                             /home/ubuntu/.local/lib/python3.6/site-packages/pyspark/jars/orc-core-1.5.5-nohive.jar
a3b00000-a3bff000 rw-p 00000000 00:00 0 
a3bff000-a3c00000 ---p 00000000 00:00 0 
a3c00000-a3c16000 r--s 001a4000 fc:01 775027                             /home/ubuntu/.local/lib/python3.6/site-packages/pyspark/jars/datanucleus-rdbms-3.2.9.jar
a3c16000-a3d00000 r--s 009a3000 fc:01 775025                             /home/ubuntu/.local/lib/python3.6/site-packages/pyspark/jars/kubernetes-model-4.6.1.jar
a3d00000-a3e00000 rw-p 00000000 00:00 0 
a3e00000-a3e01000 r--s 00002000 fc:01 775036                             /home/ubuntu/.local/lib/python3.6/site-packages/pyspark/jars/slf4j-log4j12-1.7.16.jar
a3e01000-a3e02000 r--s 00003000 fc:01 775032                             /home/ubuntu/.local/lib/python3.6/site-packages/pyspark/jars/xmlenc-0.52.jar
a3e02000-a3e06000 r--s 0002a000 fc:01 775026                             /home/ubuntu/.local/lib/python3.6/site-packages/pyspark/jars/commons-io-2.4.jar
a3e06000-a3e13000 r--s 00077000 fc:01 775024                             /home/ubuntu/.local/lib/python3.6/site-packages/pyspark/jars/spark-kubernetes_2.11-2.4.5.jar
a3e13000-a3e14000 r--s 00003000 fc:01 775023                             /home/ubuntu/.local/lib/python3.6/site-packages/pyspark/jars/jta-1.1.jar
a3e14000-a3e1a000 r--s 0004c000 fc:01 775022                             /home/ubuntu/.local/lib/python3.6/site-packages/pyspark/jars/antlr4-runtime-4.7.jar
a3e1a000-a3e1d000 r--s 000fd000 fc:01 775021                             /home/ubuntu/.local/lib/python3.6/site-packages/pyspark/jars/leveldbjni-all-1.8.jar
a3e1d000-a3e20000 r--s 00028000 fc:01 775020                             /home/ubuntu/.local/lib/python3.6/site-packages/pyspark/jars/stream-2.7.0.jar
a3e20000-a3e22000 r--s 00002000 fc:01 775019                             /home/ubuntu/.local/lib/python3.6/site-packages/pyspark/jars/aopalliance-repackaged-2.4.0-b34.jar
a3e22000-a3e23000 r--s 00004000 fc:01 775018                             /home/ubuntu/.local/lib/python3.6/site-packages/pyspark/jars/opencsv-2.3.jar
a3e23000-a3e24000 r--s 00000000 fc:01 775017                             /home/ubuntu/.local/lib/python3.6/site-packages/pyspark/jars/shims-0.7.45.jar
a3e24000-a3e28000 r--s 00025000 fc:01 775016                             /home/ubuntu/.local/lib/python3.6/site-packages/pyspark/jars/antlr-runtime-3.4.jar
a3e28000-a3e29000 r--s 00006000 fc:01 775015                             /home/ubuntu/.local/lib/python3.6/site-packages/pyspark/jars/jackson-xc-1.9.13.jar
a3e29000-a3e2e000 r--s 00068000 fc:01 775014                             /home/ubuntu/.local/lib/python3.6/site-packages/pyspark/jars/antlr-2.7.7.jar
a3e2e000-a3e32000 r--s 0003c000 fc:01 775013                             /home/ubuntu/.local/lib/python3.6/site-packages/pyspark/jars/jackson-core-2.6.7.jar
a3e32000-a3e34000 r--s 0000c000 fc:01 775012                             /home/ubuntu/.local/lib/python3.6/site-packages/pyspark/jars/spark-kvstore_2.11-2.4.5.jar
a3e34000-a3e36000 r--s 0000a000 fc:01 775011                             /home/ubuntu/.local/lib/python3.6/site-packages/pyspark/jars/json4s-jackson_2.11-3.5.3.jar
a3e36000-a3e3a000 r--s 0000c000 fc:01 775009                             /home/ubuntu/.local/lib/python3.6/site-packages/pyspark/jars/validation-api-1.1.0.Final.jar
a3e3a000-a3e52000 r--s 001b6000 fc:01 775008                             /home/ubuntu/.local/lib/python3.6/site-packages/pyspark/jars/datanucleus-core-3.2.10.jar
a3e52000-a3e98000 r--s 00317000 fc:01 774993                             /home/ubuntu/.local/lib/python3.6/site-packages/pyspark/jars/shapeless_2.11-2.3.2.jar
a3e98000-a3f2b000 r--s 00716000 fc:01 774986                             /home/ubuntu/.local/lib/python3.6/site-packages/pyspark/jars/spark-mllib_2.11-2.4.5.jar
a3f2b000-a3f2c000 ---p 00000000 00:00 0 
a3f2c000-a3fac000 rw-p 00000000 00:00 0 
a3fac000-a3faf000 ---p 00000000 00:00 0 
a3faf000-a3ffd000 rw-p 00000000 00:00 0 
a3ffd000-a3ffe000 ---p 00000000 00:00 0 
a3ffe000-a4001000 ---p 00000000 00:00 0 
a4001000-a407e000 rw-p 00000000 00:00 0 
a407e000-a407f000 ---p 00000000 00:00 0 
a407f000-a4082000 ---p 00000000 00:00 0 
a4082000-a40ff000 rw-p 00000000 00:00 0 
a40ff000-a4102000 ---p 00000000 00:00 0 
a4102000-a4150000 rw-p 00000000 00:00 0 
a4150000-a42c3000 r--p 00000000 fc:01 7803                               /usr/lib/locale/C.UTF-8/LC_COLLATE
a42c3000-a445e000 r--p 00000000 fc:01 7798                               /usr/lib/locale/locale-archive
a445e000-a4461000 ---p 00000000 00:00 0 
a4461000-a44af000 rw-p 00000000 00:00 0 
a44af000-a44b2000 ---p 00000000 00:00 0 
a44b2000-a4500000 rw-p 00000000 00:00 0 
a4500000-a45ff000 rw-p 00000000 00:00 0 
a45ff000-a4600000 ---p 00000000 00:00 0 
a4600000-a460b000 r--s 000bc000 fc:01 775006                             /home/ubuntu/.local/lib/python3.6/site-packages/pyspark/jars/orc-mapreduce-1.5.5-nohive.jar
a460b000-a460c000 ---p 00000000 00:00 0 
a460c000-a46db000 rw-p 00000000 00:00 0 
a46db000-a48b4000 r--s 03d29000 fc:01 259861                             /usr/lib/jvm/jdk1.8.0_101/jre/lib/rt.jar
a48b4000-a4cfa000 rw-p 00000000 00:00 0 
a4cfa000-a4d00000 ---p 00000000 00:00 0 
a4d00000-a7100000 rw-p 00000000 00:00 0 
a7100000-a7200000 rw-p 00000000 00:00 0 
a7200000-a7203000 r--s 0000e000 fc:01 775010                             /home/ubuntu/.local/lib/python3.6/site-packages/pyspark/jars/jersey-container-servlet-core-2.22.2.jar
a7203000-a7224000 r--s 0019b000 fc:01 775003                             /home/ubuntu/.local/lib/python3.6/site-packages/pyspark/jars/spark-hive-thriftserver_2.11-2.4.5.jar
a7224000-a727f000 rw-p 00000000 00:00 0 
a727f000-a7280000 ---p 00000000 00:00 0 
a7280000-a7300000 rw-p 00000000 00:00 0 
a7300000-a7344000 rw-p 00000000 00:00 0 
a7344000-a7400000 ---p 00000000 00:00 0 
a7400000-a7409000 r--s 0006f000 fc:01 775007                             /home/ubuntu/.local/lib/python3.6/site-packages/pyspark/jars/log4j-1.2.17.jar
a7409000-a740c000 r--s 00015000 fc:01 775005                             /home/ubuntu/.local/lib/python3.6/site-packages/pyspark/jars/pyrolite-4.13.jar
a740c000-a740e000 r--s 0000d000 fc:01 775004                             /home/ubuntu/.local/lib/python3.6/site-packages/pyspark/jars/hadoop-yarn-server-web-proxy-2.7.3.jar
a740e000-a7416000 r--s 0007b000 fc:01 775001                             /home/ubuntu/.local/lib/python3.6/site-packages/pyspark/jars/protobuf-java-2.5.0.jar
a7416000-a7428000 r--s 00112000 fc:01 774998                             /home/ubuntu/.local/lib/python3.6/site-packages/pyspark/jars/arpack_combined_all-0.1.jar
a7428000-a7429000 ---p 00000000 00:00 0 
a7429000-a74be000 rw-p 00000000 00:00 0 
a74be000-a75ff000 ---p 00000000 00:00 0 
a75ff000-a7614000 rw-p 00000000 00:00 0 
a7614000-a7754000 ---p 00000000 00:00 0 
a7754000-a7778000 rw-p 00000000 00:00 0 
a7778000-a77ff000 ---p 00000000 00:00 0 
a77ff000-aa180000 rw-p 00000000 00:00 0 
aa180000-d22c0000 ---p 00000000 00:00 0 
d22c0000-d69c0000 rw-p 00000000 00:00 0 
da76d000-da9c0000 rw-p 00000000 00:00 0 
da9c0000-e7800000 ---p 00000000 00:00 0 
e7800000-e7802000 r--s 00009000 fc:01 775002                             /home/ubuntu/.local/lib/python3.6/site-packages/pyspark/jars/jackson-module-paranamer-2.7.9.jar
e7802000-e7806000 r--s 00029000 fc:01 775000                             /home/ubuntu/.local/lib/python3.6/site-packages/pyspark/jars/spark-mllib-local_2.11-2.4.5.jar
e7806000-e7811000 r--s 00062000 fc:01 774999                             /home/ubuntu/.local/lib/python3.6/site-packages/pyspark/jars/calcite-linq4j-1.2.0-incubating.jar
e7811000-e7812000 r--s 00000000 fc:01 774997                             /home/ubuntu/.local/lib/python3.6/site-packages/pyspark/jars/macro-compat_2.11-1.1.1.jar
e7812000-e781e000 r--s 00068000 fc:01 774996                             /home/ubuntu/.local/lib/python3.6/site-packages/pyspark/jars/scala-parser-combinators_2.11-1.1.0.jar
e781e000-e7820000 r--s 00002000 fc:01 774995                             /home/ubuntu/.local/lib/python3.6/site-packages/pyspark/jars/logging-interceptor-3.12.0.jar
e7820000-e782e000 r--s 000b1000 fc:01 774994                             /home/ubuntu/.local/lib/python3.6/site-packages/pyspark/jars/jackson-mapper-asl-1.9.13.jar
e782e000-e782f000 r--s 00004000 fc:01 774992                             /home/ubuntu/.local/lib/python3.6/site-packages/pyspark/jars/jackson-jaxrs-1.9.13.jar
e782f000-e7830000 r--s 00006000 fc:01 774991                             /home/ubuntu/.local/lib/python3.6/site-packages/pyspark/jars/orc-shims-1.5.5.jar
e7830000-e7833000 r--s 00019000 fc:01 774990                             /home/ubuntu/.local/lib/python3.6/site-packages/pyspark/jars/bonecp-0.8.0.RELEASE.jar
e7833000-e7835000 r--s 00006000 fc:01 774989                             /home/ubuntu/.local/lib/python3.6/site-packages/pyspark/jars/spark-sketch_2.11-2.4.5.jar
e7835000-e783a000 r--s 00041000 fc:01 774988                             /home/ubuntu/.local/lib/python3.6/site-packages/pyspark/jars/parquet-hadoop-1.10.1.jar
e783a000-e783e000 r--s 00035000 fc:01 774987                             /home/ubuntu/.local/lib/python3.6/site-packages/pyspark/jars/jackson-core-asl-1.9.13.jar
e783e000-e7840000 r--s 00000000 fc:01 774985                             /home/ubuntu/.local/lib/python3.6/site-packages/pyspark/jars/aopalliance-1.0.jar
e7840000-e784e000 rw-p 00000000 00:00 0 
e784e000-e7c00000 ---p 00000000 00:00 0 
e7c00000-e7f80000 rwxp 00000000 00:00 0 
e7f80000-f6c00000 ---p 00000000 00:00 0 
f6c00000-f6cf4000 rw-p 00000000 00:00 0 
f6cf4000-f6d00000 ---p 00000000 00:00 0 
f6d00000-f6d31000 r--p 00000000 fc:01 7804                               /usr/lib/locale/C.UTF-8/LC_CTYPE
f6d31000-f6d32000 r--p 00000000 fc:01 7809                               /usr/lib/locale/C.UTF-8/LC_NUMERIC
f6d32000-f6d33000 r--p 00000000 fc:01 7812                               /usr/lib/locale/C.UTF-8/LC_TIME
f6d33000-f6d34000 r--p 00000000 fc:01 7807                               /usr/lib/locale/C.UTF-8/LC_MONETARY
f6d34000-f6d35000 r--p 00000000 fc:01 7801                               /usr/lib/locale/C.UTF-8/LC_MESSAGES/SYS_LC_MESSAGES
f6d35000-f6d36000 r--p 00000000 fc:01 7810                               /usr/lib/locale/C.UTF-8/LC_PAPER
f6d36000-f6d4e000 rw-p 00000000 00:00 0 
f6d4e000-f6d67000 r-xp 00000000 fc:01 259814                             /usr/lib/jvm/jdk1.8.0_101/jre/lib/i386/libzip.so
f6d67000-f6d68000 rw-p 00019000 fc:01 259814                             /usr/lib/jvm/jdk1.8.0_101/jre/lib/i386/libzip.so
f6d68000-f6d70000 rw-s 00000000 fc:01 269380                             /tmp/hsperfdata_ubuntu/17915
f6d70000-f6d7c000 r-xp 00000000 fc:01 1032207                            /lib32/libnss_files-2.27.so
f6d7c000-f6d7d000 r--p 0000b000 fc:01 1032207                            /lib32/libnss_files-2.27.so
f6d7d000-f6d7e000 rw-p 0000c000 fc:01 1032207                            /lib32/libnss_files-2.27.so
f6d7e000-f6d84000 rw-p 00000000 00:00 0 
f6d84000-f6d9a000 r-xp 00000000 fc:01 1032204                            /lib32/libnsl-2.27.so
f6d9a000-f6d9b000 ---p 00016000 fc:01 1032204                            /lib32/libnsl-2.27.so
f6d9b000-f6d9c000 r--p 00016000 fc:01 1032204                            /lib32/libnsl-2.27.so
f6d9c000-f6d9d000 rw-p 00017000 fc:01 1032204                            /lib32/libnsl-2.27.so
f6d9d000-f6d9f000 rw-p 00000000 00:00 0 
f6d9f000-f6dab000 r-xp 00000000 fc:01 1032209                            /lib32/libnss_nis-2.27.so
f6dab000-f6dac000 r--p 0000b000 fc:01 1032209                            /lib32/libnss_nis-2.27.so
f6dac000-f6dad000 rw-p 0000c000 fc:01 1032209                            /lib32/libnss_nis-2.27.so
f6dad000-f6db5000 r-xp 00000000 fc:01 1032205                            /lib32/libnss_compat-2.27.so
f6db5000-f6db6000 r--p 00007000 fc:01 1032205                            /lib32/libnss_compat-2.27.so
f6db6000-f6db7000 rw-p 00008000 fc:01 1032205                            /lib32/libnss_compat-2.27.so
f6db7000-f6dbe000 r--s 00000000 fc:01 269669                             /usr/lib32/gconv/gconv-modules.cache
f6dbe000-f6de2000 r-xp 00000000 fc:01 259809                             /usr/lib/jvm/jdk1.8.0_101/jre/lib/i386/libjava.so
f6de2000-f6de3000 rw-p 00023000 fc:01 259809                             /usr/lib/jvm/jdk1.8.0_101/jre/lib/i386/libjava.so
f6de3000-f6dee000 r-xp 00000000 fc:01 259760                             /usr/lib/jvm/jdk1.8.0_101/jre/lib/i386/libverify.so
f6dee000-f6def000 rw-p 0000b000 fc:01 259760                             /usr/lib/jvm/jdk1.8.0_101/jre/lib/i386/libverify.so
f6def000-f6df7000 r-xp 00000000 fc:01 1032214                            /lib32/librt-2.27.so
f6df7000-f6df8000 r--p 00007000 fc:01 1032214                            /lib32/librt-2.27.so
f6df8000-f6df9000 rw-p 00008000 fc:01 1032214                            /lib32/librt-2.27.so
f6df9000-f6dfa000 ---p 00000000 00:00 0 
f6dfa000-f6dfd000 ---p 00000000 00:00 0 
f6dfd000-f6e4a000 rw-p 00000000 00:00 0 
f6e4a000-f6f13000 r-xp 00000000 fc:01 1032202                            /lib32/libm-2.27.so
f6f13000-f6f14000 r--p 000c8000 fc:01 1032202                            /lib32/libm-2.27.so
f6f14000-f6f15000 rw-p 000c9000 fc:01 1032202                            /lib32/libm-2.27.so
f6f15000-f789e000 r-xp 00000000 fc:01 259794                             /usr/lib/jvm/jdk1.8.0_101/jre/lib/i386/server/libjvm.so
f789e000-f790b000 rw-p 00989000 fc:01 259794                             /usr/lib/jvm/jdk1.8.0_101/jre/lib/i386/server/libjvm.so
f790b000-f7d35000 rw-p 00000000 00:00 0 
f7d35000-f7f07000 r-xp 00000000 fc:01 1032198                            /lib32/libc-2.27.so
f7f07000-f7f08000 ---p 001d2000 fc:01 1032198                            /lib32/libc-2.27.so
f7f08000-f7f0a000 r--p 001d2000 fc:01 1032198                            /lib32/libc-2.27.so
f7f0a000-f7f0b000 rw-p 001d4000 fc:01 1032198                            /lib32/libc-2.27.so
f7f0b000-f7f0e000 rw-p 00000000 00:00 0 
f7f0e000-f7f11000 r-xp 00000000 fc:01 1032201                            /lib32/libdl-2.27.so
f7f11000-f7f12000 r--p 00002000 fc:01 1032201                            /lib32/libdl-2.27.so
f7f12000-f7f13000 rw-p 00003000 fc:01 1032201                            /lib32/libdl-2.27.so
f7f13000-f7f27000 r-xp 00000000 fc:01 258198                             /usr/lib/jvm/jdk1.8.0_101/lib/i386/jli/libjli.so
f7f27000-f7f28000 rw-p 00014000 fc:01 258198                             /usr/lib/jvm/jdk1.8.0_101/lib/i386/jli/libjli.so
f7f28000-f7f43000 r-xp 00000000 fc:01 1032212                            /lib32/libpthread-2.27.so
f7f43000-f7f44000 r--p 0001a000 fc:01 1032212                            /lib32/libpthread-2.27.so
f7f44000-f7f45000 rw-p 0001b000 fc:01 1032212                            /lib32/libpthread-2.27.so
f7f45000-f7f47000 rw-p 00000000 00:00 0 
f7f47000-f7f48000 r--p 00000000 fc:01 7808                               /usr/lib/locale/C.UTF-8/LC_NAME
f7f48000-f7f49000 r--p 00000000 fc:01 7802                               /usr/lib/locale/C.UTF-8/LC_ADDRESS
f7f49000-f7f4a000 r--p 00000000 fc:01 7811                               /usr/lib/locale/C.UTF-8/LC_TELEPHONE
f7f4a000-f7f4b000 r--p 00000000 fc:01 7806                               /usr/lib/locale/C.UTF-8/LC_MEASUREMENT
f7f4b000-f7f4c000 r--p 00000000 fc:01 7805                               /usr/lib/locale/C.UTF-8/LC_IDENTIFICATION
f7f4c000-f7f4d000 rw-p 00000000 00:00 0 
f7f4d000-f7f4e000 ---p 00000000 00:00 0 
f7f4e000-f7f50000 rw-p 00000000 00:00 0 
f7f50000-f7f53000 r--p 00000000 00:00 0                                  [vvar]
f7f53000-f7f55000 r-xp 00000000 00:00 0                                  [vdso]
f7f55000-f7f7b000 r-xp 00000000 fc:01 1032194                            /lib32/ld-2.27.so
f7f7b000-f7f7c000 r--p 00025000 fc:01 1032194                            /lib32/ld-2.27.so
f7f7c000-f7f7d000 rw-p 00026000 fc:01 1032194                            /lib32/ld-2.27.so
ffd87000-ffda8000 rw-p 00000000 00:00 0                                  [stack]

VM Arguments:
jvm_args: -Xmx1g 
java_command: org.apache.spark.deploy.SparkSubmit --conf spark.master=spark://192.168.2.81:7077 --conf spark.app.name=nucleotide_div --conf spark.shuffle.service.enabled=False --conf spark.executor.cores=1 --conf spark.dynamicAllocation.executorIdleTimeout=30s --conf spark.dynamicAllocation.enabled=False pyspark-shell
java_class_path (initial): /home/ubuntu/.local/lib/python3.6/site-packages/pyspark/conf:/home/ubuntu/.local/lib/python3.6/site-packages/pyspark/jars/aopalliance-1.0.jar:/home/ubuntu/.local/lib/python3.6/site-packages/pyspark/jars/spark-mllib_2.11-2.4.5.jar:/home/ubuntu/.local/lib/python3.6/site-packages/pyspark/jars/jackson-core-asl-1.9.13.jar:/home/ubuntu/.local/lib/python3.6/site-packages/pyspark/jars/parquet-hadoop-1.10.1.jar:/home/ubuntu/.local/lib/python3.6/site-packages/pyspark/jars/spark-sketch_2.11-2.4.5.jar:/home/ubuntu/.local/lib/python3.6/site-packages/pyspark/jars/bonecp-0.8.0.RELEASE.jar:/home/ubuntu/.local/lib/python3.6/site-packages/pyspark/jars/orc-shims-1.5.5.jar:/home/ubuntu/.local/lib/python3.6/site-packages/pyspark/jars/jackson-jaxrs-1.9.13.jar:/home/ubuntu/.local/lib/python3.6/site-packages/pyspark/jars/shapeless_2.11-2.3.2.jar:/home/ubuntu/.local/lib/python3.6/site-packages/pyspark/jars/jackson-mapper-asl-1.9.13.jar:/home/ubuntu/.local/lib/python3.6/site-packages/pyspark/jars/logging-interceptor-3.12.0.jar:/home/ubuntu/.local/lib/python3.6/site-packages/pyspark/jars/scala-parser-combinators_2.11-1.1.0.jar:/home/ubuntu/.local/lib/python3.6/site-packages/pyspark/jars/macro-compat_2.11-1.1.1.jar:/home/ubuntu/.local/lib/python3.6/site-packages/pyspark/jars/arpack_combined_all-0.1.jar:/home/ubuntu/.local/lib/python3.6/site-packages/pyspark/jars/calcite-linq4j-1.2.0-incubating.jar:/home/ubuntu/.local/lib/python3.6/site-packages/pyspark/jars/spark-mllib-local_2.11-2.4.5.jar:/home/ubuntu/.local/lib/python3.6/site-packages/pyspark/jars/protobuf-java-2.5.0.jar:/home/ubuntu/.local/lib/python3.6/site-packages/pyspark/jars/jackson-module-paranamer-2.7.9.jar:/home/ubuntu/.local/lib/python3.6/site-packages/pyspark/jars/spark-hive-thriftserver_2.11-2.4.5.jar:/home/ubuntu/.local/lib/python3.6/site-packages/pyspark/jars/hadoop-yarn-server-web-proxy-2.7.3.jar:/home/ubuntu/.local/lib/python3.6/site-packages/pyspark/jars/pyrolite-4.13.jar:/home/ubuntu/.local/lib/
Launcher Type: SUN_STANDARD

Environment Variables:
JAVA_HOME=/usr/lib/jvm/jdk1.8.0_101
PATH=/usr/bin:/home/ubuntu/.local/bin:/usr/lib/jvm/jdk1.8.0_101/bin:/usr/local/sbin:/usr/local/bin:/usr/sbin:/usr/bin:/sbin:/bin:/usr/games:/usr/local/games:/snap/bin:/home/ubuntu/hadoop-2.7.3/bin:/usr/local/scala/bin:/usr/local/spark/bin
SHELL=/bin/bash

Signal Handlers:
SIGSEGV: [libjvm.so+0x8d4e30], sa_mask[0]=11111111011111111101111111111110, sa_flags=SA_RESTART|SA_SIGINFO
SIGBUS: [libjvm.so+0x8d4e30], sa_mask[0]=11111111011111111101111111111110, sa_flags=SA_RESTART|SA_SIGINFO
SIGFPE: [libjvm.so+0x753000], sa_mask[0]=11111111011111111101111111111110, sa_flags=SA_RESTART|SA_SIGINFO
SIGPIPE: [libjvm.so+0x753000], sa_mask[0]=11111111011111111101111111111110, sa_flags=SA_RESTART|SA_SIGINFO
SIGXFSZ: [libjvm.so+0x753000], sa_mask[0]=11111111011111111101111111111110, sa_flags=SA_RESTART|SA_SIGINFO
SIGILL: [libjvm.so+0x753000], sa_mask[0]=11111111011111111101111111111110, sa_flags=SA_RESTART|SA_SIGINFO
SIGUSR1: SIG_DFL, sa_mask[0]=00000000000000000000000000000000, sa_flags=none
SIGUSR2: [libjvm.so+0x754680], sa_mask[0]=00000000000000000000000000000000, sa_flags=SA_RESTART|SA_SIGINFO
SIGHUP: [libjvm.so+0x755b30], sa_mask[0]=11111111011111111101111111111110, sa_flags=SA_RESTART|SA_SIGINFO
SIGINT: SIG_IGN, sa_mask[0]=00000000000000000000000000000000, sa_flags=none
SIGTERM: [libjvm.so+0x755b30], sa_mask[0]=11111111011111111101111111111110, sa_flags=SA_RESTART|SA_SIGINFO
SIGQUIT: [libjvm.so+0x755b30], sa_mask[0]=11111111011111111101111111111110, sa_flags=SA_RESTART|SA_SIGINFO


---------------  S Y S T E M  ---------------

OS:DISTRIB_ID=Ubuntu
DISTRIB_RELEASE=18.04
DISTRIB_CODENAME=bionic
DISTRIB_DESCRIPTION="Ubuntu 18.04.4 LTS"

uname:Linux 4.15.0-88-generic #88-Ubuntu SMP Tue Feb 11 20:11:34 UTC 2020 x86_64
libc:glibc 2.27 NPTL 2.27 
rlimit: STACK 8192k, CORE 0k, NPROC 15678, NOFILE 1048576, AS infinity
load average:1.00 0.39 0.18

/proc/meminfo:
MemTotal:        4039172 kB
MemFree:          108224 kB
MemAvailable:      27760 kB
Buffers:            1408 kB
Cached:            53676 kB
SwapCached:            0 kB
Active:          3766572 kB
Inactive:          37352 kB
Active(anon):    3749184 kB
Inactive(anon):      492 kB
Active(file):      17388 kB
Inactive(file):    36860 kB
Unevictable:           0 kB
Mlocked:               0 kB
SwapTotal:             0 kB
SwapFree:              0 kB
Dirty:               108 kB
Writeback:             0 kB
AnonPages:       3748752 kB
Mapped:            42072 kB
Shmem:               928 kB
Slab:              68916 kB
SReclaimable:      25964 kB
SUnreclaim:        42952 kB
KernelStack:       11776 kB
PageTables:        20748 kB
NFS_Unstable:          0 kB
Bounce:                0 kB
WritebackTmp:          0 kB
CommitLimit:     2019584 kB
Committed_AS:    6949580 kB
VmallocTotal:   34359738367 kB
VmallocUsed:           0 kB
VmallocChunk:          0 kB
HardwareCorrupted:     0 kB
AnonHugePages:         0 kB
ShmemHugePages:        0 kB
ShmemPmdMapped:        0 kB
CmaTotal:              0 kB
CmaFree:               0 kB
HugePages_Total:       0
HugePages_Free:        0
HugePages_Rsvd:        0
HugePages_Surp:        0
Hugepagesize:       2048 kB
DirectMap4k:      139120 kB
DirectMap2M:     4055040 kB
DirectMap1G:     2097152 kB


CPU:total 2 (1 cores per cpu, 1 threads per core) family 6 model 42 stepping 1, cmov, cx8, fxsr, mmx, sse, sse2, sse3, ssse3, sse4.1, sse4.2, popcnt, avx, aes, clmul, tsc

/proc/cpuinfo:
processor	: 0
vendor_id	: GenuineIntel
cpu family	: 6
model		: 42
model name	: Intel Xeon E312xx (Sandy Bridge, IBRS update)
stepping	: 1
microcode	: 0x1
cpu MHz		: 2194.498
cache size	: 16384 KB
physical id	: 0
siblings	: 1
core id		: 0
cpu cores	: 1
apicid		: 0
initial apicid	: 0
fpu		: yes
fpu_exception	: yes
cpuid level	: 13
wp		: yes
flags		: fpu vme de pse tsc msr pae mce cx8 apic sep mtrr pge mca cmov pat pse36 clflush mmx fxsr sse sse2 ss syscall nx pdpe1gb rdtscp lm constant_tsc rep_good nopl xtopology cpuid tsc_known_freq pni pclmulqdq vmx ssse3 cx16 pcid sse4_1 sse4_2 x2apic popcnt tsc_deadline_timer aes xsave avx hypervisor lahf_lm cpuid_fault pti ssbd ibrs ibpb tpr_shadow vnmi flexpriority ept vpid tsc_adjust xsaveopt arat md_clear
bugs		: cpu_meltdown spectre_v1 spectre_v2 spec_store_bypass l1tf mds swapgs itlb_multihit
bogomips	: 4388.99
clflush size	: 64
cache_alignment	: 64
address sizes	: 40 bits physical, 48 bits virtual
power management:

processor	: 1
vendor_id	: GenuineIntel
cpu family	: 6
model		: 42
model name	: Intel Xeon E312xx (Sandy Bridge, IBRS update)
stepping	: 1
microcode	: 0x1
cpu MHz		: 2194.498
cache size	: 16384 KB
physical id	: 1
siblings	: 1
core id		: 0
cpu cores	: 1
apicid		: 1
initial apicid	: 1
fpu		: yes
fpu_exception	: yes
cpuid level	: 13
wp		: yes
flags		: fpu vme de pse tsc msr pae mce cx8 apic sep mtrr pge mca cmov pat pse36 clflush mmx fxsr sse sse2 ss syscall nx pdpe1gb rdtscp lm constant_tsc rep_good nopl xtopology cpuid tsc_known_freq pni pclmulqdq vmx ssse3 cx16 pcid sse4_1 sse4_2 x2apic popcnt tsc_deadline_timer aes xsave avx hypervisor lahf_lm cpuid_fault pti ssbd ibrs ibpb tpr_shadow vnmi flexpriority ept vpid tsc_adjust xsaveopt arat md_clear
bugs		: cpu_meltdown spectre_v1 spectre_v2 spec_store_bypass l1tf mds swapgs itlb_multihit
bogomips	: 4388.99
clflush size	: 64
cache_alignment	: 64
address sizes	: 40 bits physical, 48 bits virtual
power management:



Memory: 4k page, physical 4039172k(108224k free), swap 0k(0k free)

vm_info: Java HotSpot(TM) Server VM (25.101-b13) for linux-x86 JRE (1.8.0_101-b13), built on Jun 22 2016 02:31:35 by "java_re" with gcc 4.3.0 20080428 (Red Hat 4.3.0-8)

time: Fri Jun  5 07:51:43 2020
elapsed time: 4 seconds (0d 0h 0m 4s)

